

================================================================
== Vitis HLS Report for 'sw_compute_Pipeline_VITIS_LOOP_107_9'
================================================================
* Date:           Sat Jul 30 21:26:31 2022

* Version:        2022.1 (Build 3526262 on Mon Apr 18 15:48:16 MDT 2022)
* Project:        iris_hls_vitis
* Solution:       solution1 (Vivado IP Flow Target)
* Product family: zynq
* Target device:  xc7z020-clg400-1


================================================================
== Performance Estimates
================================================================
+ Timing: 
    * Summary: 
    +--------+----------+----------+------------+
    |  Clock |  Target  | Estimated| Uncertainty|
    +--------+----------+----------+------------+
    |ap_clk  |  10.00 ns|  7.300 ns|     2.70 ns|
    +--------+----------+----------+------------+

+ Latency: 
    * Summary: 
    +---------+---------+----------+----------+-----+-----+---------+
    |  Latency (cycles) |  Latency (absolute) |  Interval | Pipeline|
    |   min   |   max   |    min   |    max   | min | max |   Type  |
    +---------+---------+----------+----------+-----+-----+---------+
    |      127|      127|  1.270 us|  1.270 us|  127|  127|       no|
    +---------+---------+----------+----------+-----+-----+---------+

    + Detail: 
        * Instance: 
        N/A

        * Loop: 
        +--------------------+---------+---------+----------+-----------+-----------+------+----------+
        |                    |  Latency (cycles) | Iteration|  Initiation Interval  | Trip |          |
        |      Loop Name     |   min   |   max   |  Latency |  achieved |   target  | Count| Pipelined|
        +--------------------+---------+---------+----------+-----------+-----------+------+----------+
        |- VITIS_LOOP_107_9  |      121|      121|         3|          1|          1|   120|       yes|
        +--------------------+---------+---------+----------+-----------+-----------+------+----------+



================================================================
== Utilization Estimates
================================================================
* Summary: 
+-----------------+---------+-----+--------+-------+-----+
|       Name      | BRAM_18K| DSP |   FF   |  LUT  | URAM|
+-----------------+---------+-----+--------+-------+-----+
|DSP              |        -|    -|       -|      -|    -|
|Expression       |        -|    -|       0|     30|    -|
|FIFO             |        -|    -|       -|      -|    -|
|Instance         |        -|    -|       -|      -|    -|
|Memory           |        -|    -|       -|      -|    -|
|Multiplexer      |        -|    -|       -|     96|    -|
|Register         |        -|    -|      49|      -|    -|
+-----------------+---------+-----+--------+-------+-----+
|Total            |        0|    0|      49|    126|    0|
+-----------------+---------+-----+--------+-------+-----+
|Available        |      280|  220|  106400|  53200|    0|
+-----------------+---------+-----+--------+-------+-----+
|Utilization (%)  |        0|    0|      ~0|     ~0|    0|
+-----------------+---------+-----+--------+-------+-----+

+ Detail: 
    * Instance: 
    N/A

    * DSP: 
    N/A

    * Memory: 
    N/A

    * FIFO: 
    N/A

    * Expression: 
    +---------------------------+----------+----+---+----+------------+------------+
    |       Variable Name       | Operation| DSP| FF| LUT| Bitwidth P0| Bitwidth P1|
    +---------------------------+----------+----+---+----+------------+------------+
    |add_ln107_fu_134_p2        |         +|   0|  0|  14|           7|           1|
    |ap_block_pp0_stage0_11001  |       and|   0|  0|   2|           1|           1|
    |icmp_ln107_fu_128_p2       |      icmp|   0|  0|  10|           7|           5|
    |ap_enable_pp0              |       xor|   0|  0|   2|           1|           2|
    |ap_enable_reg_pp0_iter1    |       xor|   0|  0|   2|           2|           1|
    +---------------------------+----------+----+---+----+------------+------------+
    |Total                      |          |   0|  0|  30|          18|          10|
    +---------------------------+----------+----+---+----+------------+------------+

    * Multiplexer: 
    +-------------------------+----+-----------+-----+-----------+
    |           Name          | LUT| Input Size| Bits| Total Bits|
    +-------------------------+----+-----------+-----+-----------+
    |ap_NS_fsm                |  42|          8|    1|          8|
    |ap_enable_reg_pp0_iter1  |   9|          2|    1|          2|
    |ap_enable_reg_pp0_iter2  |   9|          2|    1|          2|
    |gmem_blk_n_AW            |   9|          2|    1|          2|
    |gmem_blk_n_B             |   9|          2|    1|          2|
    |gmem_blk_n_W             |   9|          2|    1|          2|
    |i_fu_64                  |   9|          2|    7|         14|
    +-------------------------+----+-----------+-----+-----------+
    |Total                    |  96|         20|   13|         32|
    +-------------------------+----+-----------+-----+-----------+

    * Register: 
    +-------------------------+----+----+-----+-----------+
    |           Name          | FF | LUT| Bits| Const Bits|
    +-------------------------+----+----+-----+-----------+
    |acc_load_4_reg_171       |  32|   0|   32|          0|
    |ap_CS_fsm                |   7|   0|    7|          0|
    |ap_enable_reg_pp0_iter0  |   1|   0|    1|          0|
    |ap_enable_reg_pp0_iter1  |   1|   0|    1|          0|
    |ap_enable_reg_pp0_iter2  |   1|   0|    1|          0|
    |i_fu_64                  |   7|   0|    7|          0|
    +-------------------------+----+----+-----+-----------+
    |Total                    |  49|   0|   49|          0|
    +-------------------------+----+----+-----+-----------+



================================================================
== Interface
================================================================
* Summary: 
+---------------------+-----+-----+------------+--------------------------------------+--------------+
|      RTL Ports      | Dir | Bits|  Protocol  |             Source Object            |    C Type    |
+---------------------+-----+-----+------------+--------------------------------------+--------------+
|ap_clk               |   in|    1|  ap_ctrl_hs|  sw_compute_Pipeline_VITIS_LOOP_107_9|  return value|
|ap_rst               |   in|    1|  ap_ctrl_hs|  sw_compute_Pipeline_VITIS_LOOP_107_9|  return value|
|ap_start             |   in|    1|  ap_ctrl_hs|  sw_compute_Pipeline_VITIS_LOOP_107_9|  return value|
|ap_done              |  out|    1|  ap_ctrl_hs|  sw_compute_Pipeline_VITIS_LOOP_107_9|  return value|
|ap_idle              |  out|    1|  ap_ctrl_hs|  sw_compute_Pipeline_VITIS_LOOP_107_9|  return value|
|ap_ready             |  out|    1|  ap_ctrl_hs|  sw_compute_Pipeline_VITIS_LOOP_107_9|  return value|
|m_axi_gmem_AWVALID   |  out|    1|       m_axi|                                  gmem|       pointer|
|m_axi_gmem_AWREADY   |   in|    1|       m_axi|                                  gmem|       pointer|
|m_axi_gmem_AWADDR    |  out|   64|       m_axi|                                  gmem|       pointer|
|m_axi_gmem_AWID      |  out|    1|       m_axi|                                  gmem|       pointer|
|m_axi_gmem_AWLEN     |  out|   32|       m_axi|                                  gmem|       pointer|
|m_axi_gmem_AWSIZE    |  out|    3|       m_axi|                                  gmem|       pointer|
|m_axi_gmem_AWBURST   |  out|    2|       m_axi|                                  gmem|       pointer|
|m_axi_gmem_AWLOCK    |  out|    2|       m_axi|                                  gmem|       pointer|
|m_axi_gmem_AWCACHE   |  out|    4|       m_axi|                                  gmem|       pointer|
|m_axi_gmem_AWPROT    |  out|    3|       m_axi|                                  gmem|       pointer|
|m_axi_gmem_AWQOS     |  out|    4|       m_axi|                                  gmem|       pointer|
|m_axi_gmem_AWREGION  |  out|    4|       m_axi|                                  gmem|       pointer|
|m_axi_gmem_AWUSER    |  out|    1|       m_axi|                                  gmem|       pointer|
|m_axi_gmem_WVALID    |  out|    1|       m_axi|                                  gmem|       pointer|
|m_axi_gmem_WREADY    |   in|    1|       m_axi|                                  gmem|       pointer|
|m_axi_gmem_WDATA     |  out|   32|       m_axi|                                  gmem|       pointer|
|m_axi_gmem_WSTRB     |  out|    4|       m_axi|                                  gmem|       pointer|
|m_axi_gmem_WLAST     |  out|    1|       m_axi|                                  gmem|       pointer|
|m_axi_gmem_WID       |  out|    1|       m_axi|                                  gmem|       pointer|
|m_axi_gmem_WUSER     |  out|    1|       m_axi|                                  gmem|       pointer|
|m_axi_gmem_ARVALID   |  out|    1|       m_axi|                                  gmem|       pointer|
|m_axi_gmem_ARREADY   |   in|    1|       m_axi|                                  gmem|       pointer|
|m_axi_gmem_ARADDR    |  out|   64|       m_axi|                                  gmem|       pointer|
|m_axi_gmem_ARID      |  out|    1|       m_axi|                                  gmem|       pointer|
|m_axi_gmem_ARLEN     |  out|   32|       m_axi|                                  gmem|       pointer|
|m_axi_gmem_ARSIZE    |  out|    3|       m_axi|                                  gmem|       pointer|
|m_axi_gmem_ARBURST   |  out|    2|       m_axi|                                  gmem|       pointer|
|m_axi_gmem_ARLOCK    |  out|    2|       m_axi|                                  gmem|       pointer|
|m_axi_gmem_ARCACHE   |  out|    4|       m_axi|                                  gmem|       pointer|
|m_axi_gmem_ARPROT    |  out|    3|       m_axi|                                  gmem|       pointer|
|m_axi_gmem_ARQOS     |  out|    4|       m_axi|                                  gmem|       pointer|
|m_axi_gmem_ARREGION  |  out|    4|       m_axi|                                  gmem|       pointer|
|m_axi_gmem_ARUSER    |  out|    1|       m_axi|                                  gmem|       pointer|
|m_axi_gmem_RVALID    |   in|    1|       m_axi|                                  gmem|       pointer|
|m_axi_gmem_RREADY    |  out|    1|       m_axi|                                  gmem|       pointer|
|m_axi_gmem_RDATA     |   in|   32|       m_axi|                                  gmem|       pointer|
|m_axi_gmem_RLAST     |   in|    1|       m_axi|                                  gmem|       pointer|
|m_axi_gmem_RID       |   in|    1|       m_axi|                                  gmem|       pointer|
|m_axi_gmem_RFIFONUM  |   in|    9|       m_axi|                                  gmem|       pointer|
|m_axi_gmem_RUSER     |   in|    1|       m_axi|                                  gmem|       pointer|
|m_axi_gmem_RRESP     |   in|    2|       m_axi|                                  gmem|       pointer|
|m_axi_gmem_BVALID    |   in|    1|       m_axi|                                  gmem|       pointer|
|m_axi_gmem_BREADY    |  out|    1|       m_axi|                                  gmem|       pointer|
|m_axi_gmem_BRESP     |   in|    2|       m_axi|                                  gmem|       pointer|
|m_axi_gmem_BID       |   in|    1|       m_axi|                                  gmem|       pointer|
|m_axi_gmem_BUSER     |   in|    1|       m_axi|                                  gmem|       pointer|
|sext_ln108_1         |   in|   62|     ap_none|                          sext_ln108_1|        scalar|
|acc_address0         |  out|    7|   ap_memory|                                   acc|         array|
|acc_ce0              |  out|    1|   ap_memory|                                   acc|         array|
|acc_q0               |   in|   32|   ap_memory|                                   acc|         array|
|out_r                |   in|   64|     ap_none|                                 out_r|        scalar|
+---------------------+-----+-----+------------+--------------------------------------+--------------+

