INFO: [SIM 2] *************** CSIM start ***************
INFO: [SIM 4] CSIM will launch GCC as the compiler.
   Compiling ../../../../../23th-project/R2+1D/sequential_testbench.cpp in debug mode
   Compiling ../../../../../23th-project/R2+1D/Sequential.cpp in debug mode
   Generating csim.exe
[ERROR]  result[0][ 0][0][25][50]:  -0.000712959, gold:  -0.000706, error: 0.985622%
[ERROR]  result[0][ 0][0][45][37]:   0.000227055, gold:    0.00023, error: -1.28037%
[ERROR]  result[0][ 0][0][53][52]:   0.000241293, gold:   0.000245, error: -1.51307%
[ERROR]  result[0][ 0][0][54][42]:  3.93894e-005, gold:     4e-005, error: -1.52646%
[ERROR]  result[0][ 1][0][ 3][ 6]:   0.000605571, gold:    0.00061, error: -0.726126%
[ERROR]  result[0][ 1][0][ 3][47]:  -0.000469135, gold:  -0.000465, error: 0.889275%
[ERROR]  result[0][ 1][0][ 8][ 5]:   0.000146801, gold:   0.000154, error: -4.6749%
[ERROR]  result[0][ 1][0][20][34]:   0.000731221, gold:   0.000735, error: -0.514096%
[ERROR]  result[0][ 1][0][30][41]:  -0.000638541, gold:  -0.000645, error: -1.00142%
[ERROR]  result[0][ 1][0][42][14]:   -0.00160398, gold:  -0.001615, error: -0.682215%
[ERROR]  result[0][ 2][0][11][29]:   0.000679504, gold:   0.000674, error: 0.816634%
[ERROR]  result[0][ 2][0][19][ 7]:   0.000382361, gold:   0.000376, error: 1.69175%
[ERROR]  result[0][ 2][0][19][20]:  -0.000402663, gold:  -0.000407, error: -1.06563%
[ERROR]  result[0][ 2][0][24][ 8]:   0.000927411, gold:   0.000933, error: -0.599034%
[ERROR]  result[0][ 2][0][44][48]:   0.000517767, gold:   0.000514, error: 0.732862%
[ERROR]  result[0][ 3][0][ 6][13]:   0.000420416, gold:   0.000428, error: -1.77203%
[ERROR]  result[0][ 3][0][ 8][29]: -2.60212e-005, gold:  -2.9e-005, error: -10.2719%
[ERROR]  result[0][ 3][0][15][19]:   -0.00102145, gold:  -0.001027, error: -0.540192%
[ERROR]  result[0][ 3][0][22][39]:   -0.00139989, gold:  -0.001391, error: 0.639079%
[ERROR]  result[0][ 3][0][25][ 5]:   0.000368343, gold:   0.000365, error: 0.915941%
[ERROR]  result[0][ 3][0][31][32]:   0.000102445, gold:   9.8e-005, error: 4.53526%
[ERROR]  result[0][ 3][0][36][34]:   0.000566805, gold:   0.000563, error: 0.675809%
[ERROR]  result[0][ 4][0][ 0][ 4]: -8.09443e-005, gold:    -8e-005, error: 1.18042%
[ERROR]  result[0][ 4][0][17][13]:  -0.000739725, gold:  -0.000744, error: -0.574558%
[ERROR]  result[0][ 4][0][19][43]:     0.0011589, gold:   0.001165, error: -0.523639%
[ERROR]  result[0][ 4][0][22][25]:   0.000190308, gold:   0.000194, error: -1.90293%
[ERROR]  result[0][ 4][0][23][25]:  -0.000603998, gold:  -0.000599, error: 0.8344%
[ERROR]  result[0][ 4][0][25][38]:  -0.000751872, gold:  -0.000746, error: 0.787083%
[ERROR]  result[0][ 4][0][25][53]:  -0.000532814, gold:  -0.000529, error: 0.721038%
[ERROR]  result[0][ 4][0][31][20]:   -0.00144149, gold:  -0.001434, error: 0.52231%
[ERROR]  result[0][ 4][0][33][22]:  -0.000670949, gold:  -0.000663, error: 1.19895%
[ERROR]  result[0][ 4][0][37][ 2]:    0.00160231, gold:   0.001613, error: -0.662694%
[ERROR]  result[0][ 4][0][41][19]:   0.000182365, gold:   0.000187, error: -2.47857%
[ERROR]  result[0][ 4][0][47][40]:  -0.000552358, gold:  -0.000549, error: 0.611721%
[ERROR]  result[0][ 4][0][49][19]:  -0.000168908, gold:   -0.00017, error: -0.642125%
[ERROR]  result[0][ 4][0][52][35]:   0.000584736, gold:   0.000591, error: -1.05982%
[ERROR]  result[0][ 5][0][ 3][22]:   0.000276252, gold:   0.000273, error: 1.19109%
[ERROR]  result[0][ 5][0][17][33]:   0.000400807, gold:   0.000403, error: -0.544227%
[ERROR]  result[0][ 5][0][18][ 4]:  -0.000457361, gold:  -0.000455, error: 0.518976%
[ERROR]  result[0][ 5][0][20][23]:  2.40095e-005, gold:   1.9e-005, error: 26.3658%
[ERROR]  result[0][ 5][0][33][15]:    -0.0014002, gold:  -0.001408, error: -0.554329%
[ERROR]  result[0][ 5][0][36][44]: -5.81145e-007, gold:    -2e-006, error: -70.9427%
[ERROR]  result[0][ 5][0][42][31]:    0.00158394, gold:   0.001576, error: 0.503651%
[ERROR]  result[0][ 5][0][49][ 9]:   -0.00135571, gold:  -0.001363, error: -0.53516%
[ERROR]  result[0][ 5][0][50][24]:    0.00016776, gold:   0.000165, error: 1.67276%
[ERROR]  result[0][ 6][0][ 3][30]:    0.00078037, gold:   0.000787, error: -0.842428%
[ERROR]  result[0][ 6][0][10][ 3]:  -0.000352237, gold:  -0.000341, error: 3.29542%
[ERROR]  result[0][ 6][0][28][ 8]:   -0.00104042, gold:  -0.001046, error: -0.53324%
[ERROR]  result[0][ 6][0][32][13]:  -0.000923723, gold:  -0.000918, error: 0.623418%
[ERROR]  result[0][ 6][0][38][55]:   0.000424399, gold:   0.000429, error: -1.07249%
[ERROR]  result[0][ 6][0][45][10]:    0.00071666, gold:   0.000721, error: -0.601888%
[ERROR]  result[0][ 7][0][ 6][ 1]:    0.00118308, gold:   0.001177, error: 0.516945%
[ERROR]  result[0][ 7][0][ 6][30]:   0.000396986, gold:   0.000402, error: -1.24737%
[ERROR]  result[0][ 7][0][12][12]:  -0.000448392, gold:  -0.000446, error: 0.5363%
[ERROR]  result[0][ 7][0][19][55]:   0.000287956, gold:   0.000291, error: -1.04618%
[ERROR]  result[0][ 7][0][22][48]:   0.000290677, gold:   0.000288, error: 0.929493%
[ERROR]  result[0][ 7][0][27][49]:  -0.000431184, gold:  -0.000434, error: -0.648801%
[ERROR]  result[0][ 7][0][32][ 1]:  -0.000271855, gold:  -0.000268, error: 1.43827%
[ERROR]  result[0][ 7][0][34][42]:   0.000296474, gold:   0.000299, error: -0.844829%
[ERROR]  result[0][ 7][0][40][18]:  -0.000231813, gold:  -0.000229, error: 1.22851%
[ERROR]  result[0][ 7][0][50][10]:   0.000756645, gold:   0.000765, error: -1.09216%
[ERROR]  result[0][ 7][0][50][18]: -8.54256e-005, gold:  -8.5e-005, error: 0.500663%
[ERROR]  result[0][ 8][0][ 2][17]: -4.19728e-005, gold:  -4.3e-005, error: -2.38873%
[ERROR]  result[0][ 8][0][35][16]: -7.70837e-005, gold:  -7.9e-005, error: -2.42568%
[ERROR]  result[0][ 8][0][35][17]: -2.87783e-005, gold:  -2.8e-005, error: 2.77976%
[ERROR]  result[0][ 8][0][36][23]:  -0.000474738, gold:  -0.000469, error: 1.22345%
[ERROR]  result[0][ 8][0][42][10]:   -0.00142021, gold:  -0.001428, error: -0.545579%
[ERROR]  result[0][ 8][0][42][22]:   0.000232475, gold:   0.000234, error: -0.651565%
[ERROR]  result[0][ 8][0][47][43]:   0.000345987, gold:   0.000343, error: 0.870926%
[ERROR]  result[0][ 8][0][55][24]:   0.000273304, gold:   0.000271, error: 0.850036%
[ERROR]  result[0][ 9][0][ 7][25]:   0.000824676, gold:    0.00083, error: -0.641455%
[ERROR]  result[0][ 9][0][10][ 0]:    0.00030046, gold:   0.000306, error: -1.8106%
[ERROR]  result[0][ 9][0][17][ 6]:  -0.000848379, gold:  -0.000842, error: 0.757598%
[ERROR]  result[0][ 9][0][22][19]:  -0.000417862, gold:  -0.000408, error: 2.41718%
[ERROR]  result[0][ 9][0][22][24]:  8.49757e-005, gold:     9e-005, error: -5.58252%
[ERROR]  result[0][ 9][0][29][ 3]:    -0.0001633, gold:  -0.000165, error: -1.03033%
[ERROR]  result[0][ 9][0][43][ 2]:  -0.000464305, gold:   -0.00046, error: 0.935929%
[ERROR]  result[0][10][0][ 0][53]:  -0.000140622, gold:  -0.000142, error: -0.970244%
[ERROR]  result[0][10][0][19][38]:   0.000141079, gold:   0.000142, error: -0.648872%
[ERROR]  result[0][10][0][20][31]:  -0.000327771, gold:  -0.000323, error: 1.47697%
[ERROR]  result[0][10][0][21][ 2]:   0.000810869, gold:    0.00082, error: -1.11353%
[ERROR]  result[0][10][0][25][26]:  -0.000370583, gold:  -0.000365, error: 1.52959%
[ERROR]  result[0][10][0][33][ 9]:   0.000625665, gold:   0.000631, error: -0.845432%
[ERROR]  result[0][10][0][53][55]:   0.000257496, gold:   0.000259, error: -0.580773%
[ERROR]  result[0][10][0][54][ 4]:   0.000848467, gold:   0.000853, error: -0.531362%
[ERROR]  result[0][11][0][14][25]:   0.000512011, gold:   0.000518, error: -1.15611%
[ERROR]  result[0][11][0][21][ 4]:   -0.00116941, gold:  -0.001163, error: 0.550966%
[ERROR]  result[0][11][0][26][ 6]:  7.03102e-005, gold:   6.6e-005, error: 6.5306%
[ERROR]  result[0][11][0][47][ 1]:   0.000896364, gold:   0.000905, error: -0.954207%
[ERROR]  result[0][12][0][ 3][26]:  -7.2266e-005, gold:  -6.7e-005, error: 7.85966%
[ERROR]  result[0][12][0][14][ 9]:   0.000631514, gold:   0.000625, error: 1.04224%
[ERROR]  result[0][12][0][15][43]:   0.000197887, gold:   0.000193, error: 2.53234%
[ERROR]  result[0][12][0][16][22]:   0.000380926, gold:   0.000386, error: -1.31455%
[ERROR]  result[0][12][0][33][ 8]:    0.00113617, gold:   0.001143, error: -0.59765%
[ERROR]  result[0][12][0][42][38]:  -0.000476401, gold:   -0.00048, error: -0.749727%
[ERROR]  result[0][13][0][17][13]:   -0.00193871, gold:   -0.00195, error: -0.579163%
[ERROR]  result[0][13][0][47][18]:    0.00211112, gold:   0.002099, error: 0.577307%
[ERROR]  result[0][13][0][53][21]:  -0.000915897, gold:  -0.000921, error: -0.554066%
[ERROR]  result[0][13][0][55][52]:  -0.000255227, gold:   -0.00026, error: -1.83591%
[ERROR]  result[0][14][0][26][16]:    0.00076747, gold:   0.000776, error: -1.09918%
[ERROR]  result[0][14][0][31][37]:  -0.000623592, gold:  -0.000618, error: 0.904884%
[ERROR]  result[0][14][0][32][48]:  -0.000339054, gold:  -0.000335, error: 1.21002%
[ERROR]  result[0][14][0][33][35]:  3.93651e-005, gold:   3.6e-005, error: 9.34762%
[ERROR]  result[0][14][0][44][38]:  4.46551e-005, gold:     5e-005, error: -10.6899%
[ERROR]  result[0][15][0][ 5][30]:   0.000189634, gold:   0.000187, error: 1.40858%
[ERROR]  result[0][15][0][ 7][15]:  -0.000491738, gold:  -0.000495, error: -0.658922%
[ERROR]  result[0][15][0][16][ 5]:   -0.00091584, gold:  -0.000911, error: 0.531313%
[ERROR]  result[0][15][0][23][32]:   0.000412773, gold:   0.000419, error: -1.48607%
[ERROR]  result[0][16][0][10][55]:   0.000853918, gold:   0.000847, error: 0.816825%
[ERROR]  result[0][16][0][25][40]:   0.000279535, gold:   0.000277, error: 0.915016%
[ERROR]  result[0][16][0][43][47]:    0.00175325, gold:   0.001765, error: -0.665929%
[ERROR]  result[0][17][0][ 2][29]:  -0.000318721, gold:  -0.000316, error: 0.861059%
[ERROR]  result[0][17][0][31][25]:   -0.00112858, gold:  -0.001137, error: -0.740676%
[ERROR]  result[0][17][0][35][49]:   0.000685118, gold:   0.000689, error: -0.563406%
[ERROR]  result[0][17][0][49][25]:  -0.000602717, gold:  -0.000611, error: -1.35571%
[ERROR]  result[0][17][0][49][53]:  -0.000137844, gold:  -0.000137, error: 0.616151%
[ERROR]  result[0][17][0][51][17]: -5.28623e-005, gold:  -5.6e-005, error: -5.60297%
[ERROR]  result[0][17][0][52][33]:   0.000258017, gold:   0.000256, error: 0.78802%
[ERROR]  result[0][17][0][52][42]:  -0.000210438, gold:  -0.000215, error: -2.12189%
[ERROR]  result[0][18][0][ 1][10]:  -0.000342599, gold:  -0.000335, error: 2.2684%
[ERROR]  result[0][18][0][29][51]:    0.00059095, gold:   0.000594, error: -0.513423%
[ERROR]  result[0][18][0][34][15]:   0.000117715, gold:   0.000112, error: 5.10308%
[ERROR]  result[0][18][0][37][52]:   0.000244123, gold:   0.000242, error: 0.877246%
[ERROR]  result[0][18][0][46][10]:  8.23848e-006, gold:   1.1e-005, error: -25.1047%
[ERROR]  result[0][18][0][51][ 4]:    -0.0001664, gold:   -0.00017, error: -2.11745%
[ERROR]  result[0][19][0][ 6][54]: -8.54423e-005, gold:  -7.9e-005, error: 8.15485%
[ERROR]  result[0][19][0][22][ 1]:   6.3464e-005, gold:   6.6e-005, error: -3.84236%
[ERROR]  result[0][19][0][27][28]:   0.000208665, gold:    0.00021, error: -0.635863%
[ERROR]  result[0][19][0][27][29]: -4.70132e-006, gold:    -6e-006, error: -21.6447%
[ERROR]  result[0][19][0][30][20]:   -0.00017818, gold:  -0.000184, error: -3.16308%
[ERROR]  result[0][19][0][45][33]:  -3.4634e-005, gold:  -3.2e-005, error: 8.23133%
[ERROR]  result[0][19][0][51][50]:  -0.000374715, gold:  -0.000384, error: -2.41801%
[ERROR]  result[0][19][0][53][48]:    0.00159006, gold:   0.001601, error: -0.6832%
[ERROR]  result[0][20][0][ 2][28]:  -0.000455725, gold:  -0.000449, error: 1.49777%
[ERROR]  result[0][20][0][ 6][ 0]:   0.000329137, gold:   0.000332, error: -0.862394%
[ERROR]  result[0][20][0][19][53]:   0.000204157, gold:   0.000203, error: 0.569991%
[ERROR]  result[0][20][0][30][25]:  5.41657e-005, gold:   5.1e-005, error: 6.2073%
[ERROR]  result[0][20][0][45][25]:   0.000582438, gold:   0.000579, error: 0.593708%
[ERROR]  result[0][20][0][47][30]:   0.000220306, gold:   0.000222, error: -0.762966%
[ERROR]  result[0][21][0][ 3][42]:   0.000185963, gold:   0.000189, error: -1.607%
[ERROR]  result[0][21][0][12][36]:   -0.00046789, gold:  -0.000473, error: -1.08035%
[ERROR]  result[0][21][0][16][11]:   0.000354787, gold:    0.00036, error: -1.44796%
[ERROR]  result[0][21][0][39][11]:  -0.000460483, gold:  -0.000464, error: -0.757948%
[ERROR]  result[0][21][0][55][32]:   -0.00062804, gold:  -0.000633, error: -0.783615%
[ERROR]  result[0][22][0][13][ 0]:  5.73129e-005, gold:   5.5e-005, error: 4.20526%
[ERROR]  result[0][22][0][24][29]:    0.00149676, gold:   0.001489, error: 0.521336%
[ERROR]  result[0][22][0][26][27]:   0.000464462, gold:   0.000473, error: -1.80513%
[ERROR]  result[0][22][0][28][19]:  -0.000536062, gold:  -0.000541, error: -0.912784%
[ERROR]  result[0][22][0][31][52]:  -0.000652795, gold:  -0.000649, error: 0.584704%
[ERROR]  result[0][22][0][36][36]:   0.000155073, gold:   0.000153, error: 1.35468%
[ERROR]  result[0][22][0][48][28]:  -0.000553764, gold:  -0.000551, error: 0.501706%
[ERROR]  result[0][23][0][21][ 7]:  -0.000520555, gold:  -0.000516, error: 0.882816%
[ERROR]  result[0][23][0][29][35]:  9.50303e-005, gold:   8.9e-005, error: 6.77561%
[ERROR]  result[0][23][0][31][16]:   0.000162398, gold:   0.000156, error: 4.10127%
[ERROR]  result[0][23][0][39][18]:  6.05099e-005, gold:   6.2e-005, error: -2.4034%
[ERROR]  result[0][23][0][46][22]:  -0.000994553, gold:  -0.000988, error: 0.663308%
[ERROR]  result[0][23][0][47][21]:  7.90879e-005, gold:   7.8e-005, error: 1.39476%
[ERROR]  result[0][23][0][51][34]:   0.000477854, gold:   0.000475, error: 0.600875%
[ERROR]  result[0][23][0][54][30]:  -0.000820537, gold:  -0.000825, error: -0.541014%
[ERROR]  result[0][24][0][25][43]:   0.000381516, gold:   0.000376, error: 1.4671%
[ERROR]  result[0][24][0][37][16]:  -0.000544522, gold:  -0.000539, error: 1.02443%
[ERROR]  result[0][24][0][48][13]:  -0.000103326, gold:  -0.000101, error: 2.30256%
[ERROR]  result[0][25][0][ 3][28]:  -0.000414243, gold:  -0.000409, error: 1.2819%
[ERROR]  result[0][25][0][ 9][27]:  -0.000344134, gold:  -0.000348, error: -1.11094%
[ERROR]  result[0][25][0][13][11]:   0.000262229, gold:   0.000257, error: 2.03454%
[ERROR]  result[0][25][0][17][24]:  -0.000615369, gold:  -0.000611, error: 0.714992%
[ERROR]  result[0][25][0][41][23]:   0.000226476, gold:   0.000229, error: -1.10201%
[ERROR]  result[0][26][0][ 7][ 3]:   0.000369798, gold:   0.000373, error: -0.858337%
[ERROR]  result[0][26][0][13][10]:   0.000133956, gold:   0.000136, error: -1.50305%
[ERROR]  result[0][26][0][24][ 2]:   0.000761615, gold:   0.000756, error: 0.742741%
[ERROR]  result[0][26][0][27][ 5]:  9.61646e-005, gold:   9.9e-005, error: -2.86399%
[ERROR]  result[0][26][0][46][10]:  -0.000482768, gold:  -0.000479, error: 0.786599%
[ERROR]  result[0][26][0][47][ 0]:  -0.000333969, gold:  -0.000332, error: 0.593078%
[ERROR]  result[0][26][0][51][48]:   0.000572586, gold:   0.000569, error: 0.630259%
[ERROR]  result[0][27][0][16][ 2]:   0.000608306, gold:   0.000612, error: -0.60361%
[ERROR]  result[0][27][0][21][49]:   -0.00116595, gold:  -0.001172, error: -0.516389%
[ERROR]  result[0][27][0][24][19]:  -0.000124456, gold:   -0.00012, error: 3.71364%
[ERROR]  result[0][27][0][44][21]:  -0.000597803, gold:  -0.000601, error: -0.531956%
[ERROR]  result[0][27][0][49][20]:   -0.00167346, gold:  -0.001664, error: 0.568231%
[ERROR]  result[0][27][0][53][25]: -9.90238e-005, gold:  -0.000102, error: -2.91784%
[ERROR]  result[0][28][0][ 0][49]:   0.000489706, gold:   0.000487, error: 0.55568%
[ERROR]  result[0][28][0][ 2][45]:    0.00107568, gold:   0.001067, error: 0.81362%
[ERROR]  result[0][28][0][11][49]:   0.000111796, gold:   0.000105, error: 6.47235%
[ERROR]  result[0][28][0][25][26]:   0.000880232, gold:   0.000875, error: 0.597949%
[ERROR]  result[0][28][0][28][47]:    0.00173814, gold:   0.001728, error: 0.586718%
[ERROR]  result[0][28][0][36][52]:   -0.00101783, gold:  -0.001009, error: 0.875157%
[ERROR]  result[0][28][0][37][ 9]:  -0.000267155, gold:  -0.000272, error: -1.78108%
[ERROR]  result[0][28][0][51][40]:  -0.000249427, gold:  -0.000256, error: -2.56765%
[ERROR]  result[0][29][0][11][23]:  -0.000153083, gold:  -0.000148, error: 3.43469%
[ERROR]  result[0][29][0][22][28]:   0.000336278, gold:   0.000344, error: -2.2447%
[ERROR]  result[0][29][0][38][ 1]:   0.000334794, gold:   0.000333, error: 0.538788%
[ERROR]  result[0][29][0][44][42]:  -0.000547218, gold:   -0.00055, error: -0.505793%
[ERROR]  result[0][29][0][53][ 0]:  -0.000681011, gold:  -0.000677, error: 0.592471%
[ERROR]  result[0][30][0][ 0][10]:   0.000655571, gold:   0.000652, error: 0.547697%
[ERROR]  result[0][30][0][ 5][13]:  -0.000829231, gold:  -0.000835, error: -0.690901%
[ERROR]  result[0][30][0][ 7][ 2]:    0.00016477, gold:   0.000167, error: -1.33558%
[ERROR]  result[0][30][0][23][38]:   -0.00125874, gold:  -0.001268, error: -0.729974%
[ERROR]  result[0][30][0][26][50]:    0.00125729, gold:   0.001251, error: 0.502773%
[ERROR]  result[0][30][0][34][51]:  -0.000273889, gold:  -0.000272, error: 0.694458%
[ERROR]  result[0][30][0][37][17]:  -0.000142783, gold:  -0.000146, error: -2.20348%
[ERROR]  result[0][30][0][38][ 5]:   0.000391014, gold:   0.000387, error: 1.03731%
[ERROR]  result[0][30][0][39][47]:   0.000352101, gold:    0.00035, error: 0.600404%
[ERROR]  result[0][30][0][41][14]:  -0.000330283, gold:  -0.000328, error: 0.696061%
[ERROR]  result[0][30][0][48][21]:   0.000288414, gold:    0.00028, error: 3.00511%
[ERROR]  result[0][31][0][15][55]:  -4.0533e-005, gold:  -3.6e-005, error: 12.5917%
[ERROR]  result[0][31][0][17][29]:  4.05284e-005, gold:   3.7e-005, error: 9.53611%
[ERROR]  result[0][31][0][31][38]:   0.000129999, gold:   0.000126, error: 3.17391%
[ERROR]  result[0][32][0][ 1][46]:  -0.000259683, gold:  -0.000257, error: 1.04397%
[ERROR]  result[0][32][0][29][21]:  4.31389e-006, gold:     7e-006, error: -38.3731%
[ERROR]  result[0][32][0][44][16]:  -0.000607271, gold:  -0.000603, error: 0.708338%
[ERROR]  result[0][32][0][46][ 0]:  -0.000230702, gold:  -0.000233, error: -0.986195%
[ERROR]  result[0][32][0][48][11]:   0.000178289, gold:   0.000176, error: 1.30045%
[ERROR]  result[0][32][0][55][47]:  6.08625e-005, gold:   6.4e-005, error: -4.90237%
[ERROR]  result[0][33][0][ 6][21]:     -0.000561, gold:  -0.000554, error: 1.26359%
[ERROR]  result[0][33][0][ 8][44]:  -0.000906128, gold:  -0.000898, error: 0.905161%
[ERROR]  result[0][33][0][15][ 8]:   0.000254033, gold:   0.000252, error: 0.806707%
[ERROR]  result[0][33][0][17][27]:  -0.000106815, gold:  -0.000102, error: 4.72083%
[ERROR]  result[0][33][0][23][37]:   -0.00104501, gold:  -0.001038, error: 0.674895%
[ERROR]  result[0][33][0][45][ 1]:   0.000414438, gold:   0.000411, error: 0.836406%
[ERROR]  result[0][33][0][45][26]:  -0.000550853, gold:  -0.000546, error: 0.888882%
[ERROR]  result[0][34][0][12][39]:   0.000348683, gold:   0.000343, error: 1.65688%
[ERROR]  result[0][34][0][19][29]:  -0.000222371, gold:  -0.000221, error: 0.620346%
[ERROR]  result[0][34][0][25][39]:  -0.000226295, gold:  -0.000229, error: -1.18139%
[ERROR]  result[0][34][0][33][37]:  -0.000559361, gold:  -0.000565, error: -0.998102%
[ERROR]  result[0][34][0][45][15]:   0.000767834, gold:   0.000763, error: 0.633556%
[ERROR]  result[0][34][0][47][ 5]:  -0.000130812, gold:   -0.00013, error: 0.624389%
[ERROR]  result[0][34][0][48][49]:  -0.000494346, gold:   -0.00049, error: 0.886942%
[ERROR]  result[0][34][0][52][32]:   0.000268162, gold:   0.000266, error: 0.812872%
[ERROR]  result[0][35][0][ 0][42]:  5.43583e-005, gold:   5.8e-005, error: -6.27884%
[ERROR]  result[0][35][0][ 1][51]:   0.000676719, gold:    0.00067, error: 1.00277%
[ERROR]  result[0][35][0][ 7][36]:  -0.000283546, gold:  -0.000285, error: -0.510277%
[ERROR]  result[0][35][0][36][48]: -5.09974e-005, gold:  -5.3e-005, error: -3.77856%
[ERROR]  result[0][35][0][37][44]:    0.00013355, gold:   0.000132, error: 1.17444%
[ERROR]  result[0][35][0][37][45]:  -7.0855e-005, gold:  -6.8e-005, error: 4.19856%
[ERROR]  result[0][35][0][38][32]:    0.00059823, gold:   0.000603, error: -0.790997%
[ERROR]  result[0][35][0][40][17]:   0.000184938, gold:   0.000181, error: 2.17587%
[ERROR]  result[0][35][0][46][44]:   -0.00115886, gold:   -0.00115, error: 0.770234%
[ERROR]  result[0][36][0][ 2][44]:  -0.000479929, gold:  -0.000485, error: -1.04552%
[ERROR]  result[0][36][0][ 3][ 8]:   0.000102609, gold:   0.000106, error: -3.19868%
[ERROR]  result[0][36][0][21][ 5]:   0.000417348, gold:    0.00041, error: 1.79219%
[ERROR]  result[0][36][0][26][27]: -6.82507e-005, gold:  -6.9e-005, error: -1.08595%
[ERROR]  result[0][36][0][37][14]:   0.000696715, gold:   0.000691, error: 0.82702%
[ERROR]  result[0][36][0][39][18]:   0.000555698, gold:   0.000551, error: 0.8526%
[ERROR]  result[0][36][0][54][30]:  -0.000334285, gold:  -0.000337, error: -0.80558%
[ERROR]  result[0][37][0][ 0][ 2]:  -0.000415051, gold:  -0.000411, error: 0.985621%
[ERROR]  result[0][37][0][ 8][ 1]:   0.000273951, gold:   0.000277, error: -1.10061%
[ERROR]  result[0][37][0][14][10]:  4.00133e-005, gold:   4.6e-005, error: -13.0145%
[ERROR]  result[0][37][0][18][31]:   0.000148913, gold:    0.00015, error: -0.724433%
[ERROR]  result[0][37][0][27][50]:   0.000822655, gold:   0.000818, error: 0.569062%
[ERROR]  result[0][37][0][48][40]:   0.000849269, gold:   0.000854, error: -0.553941%
[ERROR]  result[0][37][0][49][33]:  -0.000542392, gold:  -0.000546, error: -0.660891%
[ERROR]  result[0][38][0][12][51]:  -0.000559059, gold:  -0.000552, error: 1.27885%
[ERROR]  result[0][38][0][14][11]:   -0.00155713, gold:  -0.001543, error: 0.916014%
[ERROR]  result[0][38][0][28][16]: -8.92486e-005, gold:  -8.5e-005, error: 4.9984%
[ERROR]  result[0][38][0][54][ 2]:   0.000159882, gold:   0.000166, error: -3.68554%
[ERROR]  result[0][39][0][15][36]:  -0.000466853, gold:  -0.000464, error: 0.61495%
[ERROR]  result[0][39][0][16][29]:   0.000401925, gold:   0.000408, error: -1.4889%
[ERROR]  result[0][40][0][10][ 2]:  -0.000560869, gold:  -0.000557, error: 0.694699%
[ERROR]  result[0][40][0][26][44]:   0.000572428, gold:   0.000565, error: 1.31471%
[ERROR]  result[0][40][0][46][35]:    0.00125589, gold:   0.001265, error: -0.720275%
[ERROR]  result[0][40][0][49][39]:  -0.000661599, gold:  -0.000658, error: 0.546895%
[ERROR]  result[0][40][0][54][10]:  -0.000125632, gold:  -0.000127, error: -1.07705%
[ERROR]  result[0][41][0][ 9][32]:     0.0002649, gold:   0.000267, error: -0.786588%
[ERROR]  result[0][41][0][17][15]:  -0.000144189, gold:   -0.00015, error: -3.87386%
[ERROR]  result[0][41][0][18][24]:   0.000852265, gold:   0.000843, error: 1.0991%
[ERROR]  result[0][41][0][22][15]:   0.000249479, gold:   0.000252, error: -1.00041%
[ERROR]  result[0][41][0][44][40]:   -0.00013608, gold:  -0.000139, error: -2.10091%
[ERROR]  result[0][41][0][51][49]:    0.00128735, gold:    0.00128, error: 0.574109%
[ERROR]  result[0][42][0][ 5][28]:   0.000259441, gold:   0.000255, error: 1.74152%
[ERROR]  result[0][42][0][13][21]:  -0.000181411, gold:  -0.000183, error: -0.868089%
[ERROR]  result[0][42][0][25][11]:  -0.000145417, gold:  -0.000144, error: 0.983821%
[ERROR]  result[0][42][0][26][12]:     0.0018125, gold:   0.001803, error: 0.527104%
[ERROR]  result[0][42][0][28][26]:   0.000302889, gold:   0.000299, error: 1.3007%
[ERROR]  result[0][42][0][30][42]:  -0.000386276, gold:  -0.000384, error: 0.592718%
[ERROR]  result[0][42][0][36][21]:    0.00082777, gold:   0.000833, error: -0.627881%
[ERROR]  result[0][42][0][37][50]:  2.15508e-006, gold:         -0, error: -inf%
[ERROR]  result[0][42][0][48][39]:  -0.000144325, gold:   -0.00015, error: -3.78321%
[ERROR]  result[0][42][0][49][15]:   0.000479231, gold:   0.000483, error: -0.780296%
[ERROR]  result[0][42][0][52][19]:  -0.000309914, gold:  -0.000315, error: -1.61468%
[ERROR]  result[0][43][0][ 0][44]:  -0.000126704, gold:  -0.000124, error: 2.18036%
[ERROR]  result[0][43][0][ 2][25]:  -0.000796112, gold:  -0.000792, error: 0.51918%
[ERROR]  result[0][43][0][15][29]:  -0.000950595, gold:  -0.000945, error: 0.592104%
[ERROR]  result[0][43][0][19][35]:  -0.000229669, gold:  -0.000236, error: -2.68271%
[ERROR]  result[0][43][0][36][44]:  -0.000408355, gold:  -0.000413, error: -1.12466%
[ERROR]  result[0][43][0][40][27]:   0.000493604, gold:   0.000499, error: -1.08141%
[ERROR]  result[0][44][0][12][48]:  3.55672e-005, gold:   3.7e-005, error: -3.87241%
[ERROR]  result[0][44][0][12][49]: -5.03287e-005, gold:  -4.9e-005, error: 2.71158%
[ERROR]  result[0][44][0][18][42]:   0.000204381, gold:   0.000201, error: 1.68189%
[ERROR]  result[0][44][0][29][44]:    0.00019169, gold:   0.000193, error: -0.678549%
[ERROR]  result[0][44][0][34][19]:  -0.000866972, gold:  -0.000859, error: 0.928043%
[ERROR]  result[0][44][0][43][ 2]:  3.93987e-005, gold:     4e-005, error: -1.50332%
[ERROR]  result[0][44][0][51][14]: -7.45505e-005, gold:  -7.6e-005, error: -1.90722%
[ERROR]  result[0][44][0][52][55]:   0.000133198, gold:   0.000135, error: -1.33499%
[ERROR]  result[0][45][0][ 8][43]:  -0.000176801, gold:  -0.000175, error: 1.02914%
[ERROR]  result[0][45][0][23][23]:    0.00111569, gold:   0.001108, error: 0.693869%
[ERROR]  result[0][45][0][26][47]: -5.23869e-005, gold:  -5.2e-005, error: 0.744058%
[ERROR]  result[0][45][0][30][33]:  -0.000354056, gold:  -0.000348, error: 1.7403%
[ERROR]  result[0][45][0][55][39]:  6.14966e-005, gold:   6.3e-005, error: -2.38631%
[ERROR]  result[0][46][0][12][45]:   0.000369508, gold:   0.000367, error: 0.683329%
[ERROR]  result[0][46][0][15][49]:  -0.000116413, gold:  -0.000114, error: 2.11625%
[ERROR]  result[0][46][0][26][18]:  -0.000268068, gold:  -0.000266, error: 0.77751%
[ERROR]  result[0][46][0][43][24]:   0.000445162, gold:   0.000439, error: 1.40373%
[ERROR]  result[0][46][0][53][51]:   -0.00010727, gold:   -0.00011, error: -2.48143%
[ERROR]  result[0][47][0][12][37]:  1.97627e-006, gold:     1e-006, error: 97.6267%
[ERROR]  result[0][47][0][16][ 4]:  -0.000641877, gold:  -0.000638, error: 0.60765%
[ERROR]  result[0][47][0][27][32]:   0.000394833, gold:   0.000398, error: -0.795661%
[ERROR]  result[0][47][0][30][55]:  -0.000225193, gold:  -0.000222, error: 1.43823%
[ERROR]  result[0][47][0][42][43]:   0.000395633, gold:    0.00039, error: 1.44443%
[ERROR]  result[0][47][0][43][ 7]:   0.000692841, gold:   0.000689, error: 0.557425%
[ERROR]  result[0][47][0][54][13]:    0.00147328, gold:   0.001481, error: -0.521416%
[ERROR]  result[0][48][0][ 5][34]:    0.00104706, gold:   0.001041, error: 0.582479%
[ERROR]  result[0][48][0][ 5][44]:    0.00140654, gold:   0.001416, error: -0.66813%
[ERROR]  result[0][48][0][14][ 0]:   0.000249989, gold:   0.000246, error: 1.62167%
[ERROR]  result[0][48][0][41][43]:    0.00176017, gold:   0.001749, error: 0.638853%
[ERROR]  result[0][49][0][ 6][35]:  -0.000485294, gold:  -0.000482, error: 0.683312%
[ERROR]  result[0][49][0][21][24]:  4.09824e-005, gold:   4.2e-005, error: -2.42289%
[ERROR]  result[0][49][0][46][41]:   0.000649841, gold:   0.000656, error: -0.938936%
[ERROR]  result[0][49][0][49][23]:   -0.00142001, gold:  -0.001411, error: 0.638642%
[ERROR]  result[0][49][0][49][27]:    0.00113401, gold:    0.00114, error: -0.525431%
[ERROR]  result[0][49][0][50][ 5]:   0.000338037, gold:   0.000341, error: -0.869044%
[ERROR]  result[0][49][0][55][53]:    0.00070635, gold:   0.000711, error: -0.653948%
[ERROR]  result[0][50][0][ 8][37]:   0.000450137, gold:   0.000455, error: -1.06878%
[ERROR]  result[0][50][0][ 9][49]:  -0.000182775, gold:   -0.00018, error: 1.54171%
[ERROR]  result[0][50][0][12][34]:    0.00060498, gold:   0.000609, error: -0.660146%
[ERROR]  result[0][50][0][21][49]:  -0.000291804, gold:  -0.000295, error: -1.08328%
[ERROR]  result[0][50][0][25][21]:   -0.00063535, gold:  -0.000632, error: 0.530012%
[ERROR]  result[0][50][0][42][22]:  6.60252e-005, gold:   7.2e-005, error: -8.29836%
[ERROR]  result[0][50][0][50][15]:  2.52489e-005, gold:   2.5e-005, error: 0.995417%
[ERROR]  result[0][50][0][54][ 3]:   0.000369546, gold:   0.000373, error: -0.925908%
[ERROR]  result[0][51][0][ 4][32]:  -0.000572179, gold:  -0.000578, error: -1.00713%
[ERROR]  result[0][51][0][ 9][46]:   0.000596262, gold:   0.000586, error: 1.75122%
[ERROR]  result[0][51][0][11][41]: -8.18316e-005, gold:  -8.1e-005, error: 1.02666%
[ERROR]  result[0][51][0][22][22]:   -0.00030786, gold:  -0.000311, error: -1.0097%
[ERROR]  result[0][51][0][42][37]:   0.000576137, gold:    0.00057, error: 1.07661%
[ERROR]  result[0][52][0][17][39]:   0.000471674, gold:   0.000465, error: 1.43525%
[ERROR]  result[0][52][0][19][14]:    -0.0011086, gold:  -0.001115, error: -0.573797%
[ERROR]  result[0][52][0][20][32]:   0.000806579, gold:     0.0008, error: 0.822423%
[ERROR]  result[0][52][0][28][ 7]:   0.000276815, gold:   0.000274, error: 1.02743%
[ERROR]  result[0][52][0][30][12]:  -0.000334067, gold:  -0.000337, error: -0.870248%
[ERROR]  result[0][52][0][36][20]:  -0.000180589, gold:  -0.000182, error: -0.775257%
[ERROR]  result[0][52][0][42][36]:   -0.00223521, gold:  -0.002254, error: -0.83348%
[ERROR]  result[0][52][0][45][ 4]:   -0.00024638, gold:  -0.000245, error: 0.56307%
[ERROR]  result[0][52][0][46][19]:  -0.000913631, gold:  -0.000919, error: -0.584205%
[ERROR]  result[0][52][0][47][36]:  -0.000428105, gold:  -0.000437, error: -2.03552%
[ERROR]  result[0][52][0][49][ 5]:  -0.000473511, gold:  -0.000479, error: -1.14594%
[ERROR]  result[0][52][0][53][47]:   0.000314273, gold:   0.000312, error: 0.72851%
[ERROR]  result[0][53][0][ 8][17]:  -0.000862684, gold:  -0.000868, error: -0.612428%
[ERROR]  result[0][53][0][33][20]:  -0.000702305, gold:  -0.000709, error: -0.944319%
[ERROR]  result[0][53][0][36][38]:   0.000336057, gold:   0.000333, error: 0.917959%
[ERROR]  result[0][53][0][51][51]:  -0.000763204, gold:  -0.000759, error: 0.553939%
[ERROR]  result[0][53][0][53][ 0]:  -0.000715188, gold:   -0.00071, error: 0.73067%
[ERROR]  result[0][54][0][ 1][11]:   0.000227263, gold:   0.000229, error: -0.758428%
[ERROR]  result[0][54][0][ 2][24]:    0.00132856, gold:   0.001321, error: 0.572013%
[ERROR]  result[0][54][0][ 2][38]:  -0.000366039, gold:  -0.000356, error: 2.81984%
[ERROR]  result[0][54][0][ 8][13]:   0.000687442, gold:    0.00068, error: 1.09445%
[ERROR]  result[0][54][0][11][ 6]:   0.000196893, gold:   0.000198, error: -0.559205%
[ERROR]  result[0][55][0][ 1][19]:  -0.000875574, gold:   -0.00088, error: -0.502947%
[ERROR]  result[0][55][0][ 2][ 3]:   0.000918646, gold:   0.000928, error: -1.00794%
[ERROR]  result[0][55][0][ 5][ 9]:  2.44891e-006, gold:     4e-006, error: -38.7772%
[ERROR]  result[0][55][0][17][46]:  -0.000828612, gold:   -0.00082, error: 1.0502%
[ERROR]  result[0][55][0][18][19]:   0.000514254, gold:   0.000519, error: -0.914455%
[ERROR]  result[0][55][0][19][45]: -9.58033e-005, gold:  -0.000101, error: -5.14525%
[ERROR]  result[0][55][0][24][41]:   0.000169186, gold:   0.000174, error: -2.76671%
[ERROR]  result[0][55][0][33][ 0]:  -0.000825361, gold:   -0.00083, error: -0.558927%
[ERROR]  result[0][55][0][44][47]:    0.00149887, gold:   0.001507, error: -0.53969%
[ERROR]  result[0][55][0][45][22]:  -0.000533216, gold:  -0.000527, error: 1.17945%
[ERROR]  result[0][55][0][47][ 5]:    0.00061948, gold:   0.000626, error: -1.04147%
[ERROR]  result[0][56][0][ 4][16]:   0.000340514, gold:   0.000335, error: 1.64594%
[ERROR]  result[0][56][0][ 7][10]:   0.000821099, gold:   0.000814, error: 0.872071%
[ERROR]  result[0][56][0][23][48]:   0.000174217, gold:   0.000173, error: 0.70343%
[ERROR]  result[0][56][0][45][ 0]:  6.81588e-005, gold:   6.9e-005, error: -1.21907%
[ERROR]  result[0][56][0][50][31]:   0.000278575, gold:   0.000276, error: 0.933094%
[ERROR]  result[0][57][0][12][33]:   0.000235849, gold:    0.00024, error: -1.72975%
[ERROR]  result[0][57][0][18][38]:   0.000348107, gold:    0.00035, error: -0.540866%
[ERROR]  result[0][57][0][19][ 9]:  -0.000637392, gold:  -0.000641, error: -0.562862%
[ERROR]  result[0][57][0][51][35]:   0.000376362, gold:   0.000373, error: 0.901439%
[ERROR]  result[0][58][0][ 4][15]:  -0.000409197, gold:  -0.000405, error: 1.0362%
[ERROR]  result[0][58][0][17][ 5]:   0.000765187, gold:    0.00076, error: 0.682554%
[ERROR]  result[0][58][0][19][ 1]:   -0.00023237, gold:  -0.000229, error: 1.47146%
[ERROR]  result[0][58][0][29][24]:  -0.000640823, gold:  -0.000648, error: -1.10763%
[ERROR]  result[0][58][0][39][ 3]:  -0.000593623, gold:  -0.000597, error: -0.565716%
[ERROR]  result[0][58][0][43][43]:  -0.000468245, gold:  -0.000463, error: 1.13278%
[ERROR]  result[0][58][0][46][26]:  -0.000293755, gold:  -0.000296, error: -0.758302%
[ERROR]  result[0][58][0][49][47]:   0.000291016, gold:   0.000296, error: -1.6838%
[ERROR]  result[0][58][0][53][24]:   0.000273873, gold:   0.000276, error: -0.770619%
[ERROR]  result[0][58][0][55][36]:   0.000188572, gold:    0.00019, error: -0.751591%
[ERROR]  result[0][59][0][ 7][26]:   0.000169456, gold:   0.000171, error: -0.902925%
[ERROR]  result[0][59][0][ 7][40]:   0.000153508, gold:   0.000152, error: 0.992134%
[ERROR]  result[0][59][0][15][52]:   0.000241385, gold:   0.000244, error: -1.07159%
[ERROR]  result[0][59][0][36][25]:  -0.000657515, gold:  -0.000654, error: 0.537415%
[ERROR]  result[0][59][0][43][ 1]:   0.000852487, gold:   0.000847, error: 0.647823%
[ERROR]  result[0][59][0][53][46]:  8.36668e-005, gold:   8.3e-005, error: 0.803327%
[ERROR]  result[0][60][0][ 4][43]:   0.000835855, gold:   0.000826, error: 1.19305%
[ERROR]  result[0][60][0][ 8][38]:  -0.000390034, gold:  -0.000386, error: 1.04512%
[ERROR]  result[0][60][0][18][28]:   0.000479345, gold:   0.000471, error: 1.77181%
[ERROR]  result[0][60][0][18][39]:   0.000142379, gold:   0.000135, error: 5.46573%
[ERROR]  result[0][60][0][27][17]:  -0.000307366, gold:  -0.000309, error: -0.52872%
[ERROR]  result[0][60][0][37][27]:  6.23986e-006, gold:     5e-006, error: 24.7972%
[ERROR]  result[0][60][0][43][29]:  -0.000805116, gold:  -0.000811, error: -0.725493%
[ERROR]  result[0][60][0][55][12]:   0.000118341, gold:   0.000116, error: 2.01836%
[ERROR]  result[0][61][0][ 1][27]:   -0.00161286, gold:  -0.001621, error: -0.501958%
[ERROR]  result[0][61][0][ 7][ 4]:  -0.000420476, gold:  -0.000426, error: -1.29675%
[ERROR]  result[0][61][0][24][15]: -4.23715e-005, gold:  -4.5e-005, error: -5.84122%
[ERROR]  result[0][61][0][25][36]:    0.00141244, gold:   0.001404, error: 0.601429%
[ERROR]  result[0][61][0][26][ 4]:   0.000384511, gold:   0.000382, error: 0.657442%
[ERROR]  result[0][61][0][26][44]:  -0.000163257, gold:  -0.000161, error: 1.40194%
[ERROR]  result[0][61][0][28][ 6]:  -0.000174013, gold:  -0.000173, error: 0.585265%
[ERROR]  result[0][61][0][36][ 2]:  -0.000376345, gold:  -0.000379, error: -0.700558%
[ERROR]  result[0][61][0][48][47]:   0.000185937, gold:   0.000182, error: 2.16301%
[ERROR]  result[0][62][0][ 0][45]:   0.000243196, gold:   0.000246, error: -1.13992%
[ERROR]  result[0][62][0][ 2][ 1]:   0.000719405, gold:   0.000725, error: -0.771753%
[ERROR]  result[0][62][0][ 2][15]:  -0.000568437, gold:  -0.000558, error: 1.8705%
[ERROR]  result[0][62][0][12][15]: -6.75563e-005, gold:  -5.6e-005, error: 20.6362%
[ERROR]  result[0][62][0][16][18]:  -0.000114288, gold:  -0.000108, error: 5.82239%
[ERROR]  result[0][62][0][20][26]:  -0.000310749, gold:  -0.000308, error: 0.892477%
[ERROR]  result[0][62][0][29][ 0]:  -0.000196995, gold:  -0.000194, error: 1.54405%
[ERROR]  result[0][62][0][30][22]:  -0.000725532, gold:  -0.000715, error: 1.473%
[ERROR]  result[0][62][0][35][30]:   0.000185514, gold:   0.000192, error: -3.3782%
[ERROR]  result[0][62][0][36][ 1]:   0.000153898, gold:   0.000158, error: -2.59603%
[ERROR]  result[0][62][0][36][ 6]:  -0.000781281, gold:  -0.000773, error: 1.07129%
[ERROR]  result[0][62][0][36][ 8]:   0.000136097, gold:   0.000138, error: -1.37902%
[ERROR]  result[0][62][0][38][ 5]:   0.000777606, gold:   0.000785, error: -0.941859%
[ERROR]  result[0][62][0][39][21]:   0.000296095, gold:   0.000303, error: -2.27891%
[ERROR]  result[0][62][0][39][55]:   0.000729837, gold:   0.000736, error: -0.837431%
[ERROR]  result[0][62][0][40][14]:  -0.000127426, gold:  -0.000126, error: 1.13152%
[ERROR]  result[0][62][0][43][23]:   0.000560552, gold:   0.000568, error: -1.31121%
[ERROR]  result[0][62][0][52][12]:  -0.000625463, gold:  -0.000617, error: 1.37165%
[ERROR]  result[0][63][0][51][27]:  -0.000173778, gold:  -0.000169, error: 2.82738%
[FAIL] There are some errors QQ, error rate: 0.213249%
INFO: [SIM 1] CSim done with 0 errors.
INFO: [SIM 3] *************** CSIM finish ***************
