Copyright 1986-2022 Xilinx, Inc. All Rights Reserved.
---------------------------------------------------------------------------------------------------------------------------------------
| Tool Version : Vivado v.2022.1 (win64) Build 3526262 Mon Apr 18 15:48:16 MDT 2022
| Date         : Sat Jul 30 22:10:32 2022
| Host         : 51-0460864-H1 running 64-bit major release  (build 9200)
| Command      : report_drc -file design_2_wrapper_drc_opted.rpt -pb design_2_wrapper_drc_opted.pb -rpx design_2_wrapper_drc_opted.rpx
| Design       : design_2_wrapper
| Device       : xc7z020clg400-1
| Speed File   : -1
| Design State : Synthesized
---------------------------------------------------------------------------------------------------------------------------------------

Report DRC

Table of Contents
-----------------
1. REPORT SUMMARY
2. REPORT DETAILS

1. REPORT SUMMARY
-----------------
            Netlist: netlist
          Floorplan: design_1
      Design limits: <entire design considered>
           Ruledeck: default
             Max violations: <unlimited>
             Violations found: 28
+--------+----------+------------------------+------------+
| Rule   | Severity | Description            | Violations |
+--------+----------+------------------------+------------+
| DPIP-1 | Warning  | Input pipelining       | 4          |
| DPOP-1 | Warning  | PREG Output pipelining | 8          |
| DPOP-2 | Warning  | MREG Output pipelining | 16         |
+--------+----------+------------------------+------------+

2. REPORT DETAILS
-----------------
DPIP-1#1 Warning
Input pipelining  
DSP design_2_i/sw_compute_0/inst/mul_32s_11s_32_2_1_U25/dout_reg input design_2_i/sw_compute_0/inst/mul_32s_11s_32_2_1_U25/dout_reg/A[29:0] is not pipelined. Pipelining DSP48 input will improve performance.
Related violations: <none>

DPIP-1#2 Warning
Input pipelining  
DSP design_2_i/sw_compute_0/inst/mul_32s_11s_32_2_1_U25/dout_reg input design_2_i/sw_compute_0/inst/mul_32s_11s_32_2_1_U25/dout_reg/B[17:0] is not pipelined. Pipelining DSP48 input will improve performance.
Related violations: <none>

DPIP-1#3 Warning
Input pipelining  
DSP design_2_i/sw_compute_0/inst/mul_32s_11s_32_2_1_U25/tmp_product input design_2_i/sw_compute_0/inst/mul_32s_11s_32_2_1_U25/tmp_product/A[29:0] is not pipelined. Pipelining DSP48 input will improve performance.
Related violations: <none>

DPIP-1#4 Warning
Input pipelining  
DSP design_2_i/sw_compute_0/inst/mul_32s_11s_32_2_1_U25/tmp_product input design_2_i/sw_compute_0/inst/mul_32s_11s_32_2_1_U25/tmp_product/B[17:0] is not pipelined. Pipelining DSP48 input will improve performance.
Related violations: <none>

DPOP-1#1 Warning
PREG Output pipelining  
DSP design_2_i/sw_compute_0/inst/grp_sw_compute_Pipeline_VITIS_LOOP_98_6_VITIS_LOOP_99_7_fu_101/mul_32s_11s_32_2_1_U12/tmp_product output design_2_i/sw_compute_0/inst/grp_sw_compute_Pipeline_VITIS_LOOP_98_6_VITIS_LOOP_99_7_fu_101/mul_32s_11s_32_2_1_U12/tmp_product/P[47:0] is not pipelined (PREG=0). Pipelining the DSP48 output will improve performance and often saves power so it is suggested whenever possible to fully pipeline this function.  If this DSP48 function was inferred, it is suggested to describe an additional register stage after this function.  If the DSP48 was instantiated in the design, it is suggested to set the PREG attribute to 1.
Related violations: <none>

DPOP-1#2 Warning
PREG Output pipelining  
DSP design_2_i/sw_compute_0/inst/grp_sw_compute_Pipeline_VITIS_LOOP_98_6_VITIS_LOOP_99_7_fu_101/mul_32s_11s_32_2_1_U13/tmp_product output design_2_i/sw_compute_0/inst/grp_sw_compute_Pipeline_VITIS_LOOP_98_6_VITIS_LOOP_99_7_fu_101/mul_32s_11s_32_2_1_U13/tmp_product/P[47:0] is not pipelined (PREG=0). Pipelining the DSP48 output will improve performance and often saves power so it is suggested whenever possible to fully pipeline this function.  If this DSP48 function was inferred, it is suggested to describe an additional register stage after this function.  If the DSP48 was instantiated in the design, it is suggested to set the PREG attribute to 1.
Related violations: <none>

DPOP-1#3 Warning
PREG Output pipelining  
DSP design_2_i/sw_compute_0/inst/grp_sw_compute_Pipeline_VITIS_LOOP_98_6_VITIS_LOOP_99_7_fu_101/mul_32s_11s_32_2_1_U14/tmp_product output design_2_i/sw_compute_0/inst/grp_sw_compute_Pipeline_VITIS_LOOP_98_6_VITIS_LOOP_99_7_fu_101/mul_32s_11s_32_2_1_U14/tmp_product/P[47:0] is not pipelined (PREG=0). Pipelining the DSP48 output will improve performance and often saves power so it is suggested whenever possible to fully pipeline this function.  If this DSP48 function was inferred, it is suggested to describe an additional register stage after this function.  If the DSP48 was instantiated in the design, it is suggested to set the PREG attribute to 1.
Related violations: <none>

DPOP-1#4 Warning
PREG Output pipelining  
DSP design_2_i/sw_compute_0/inst/grp_sw_compute_Pipeline_VITIS_LOOP_98_6_VITIS_LOOP_99_7_fu_101/mul_32s_11s_32_2_1_U15/tmp_product output design_2_i/sw_compute_0/inst/grp_sw_compute_Pipeline_VITIS_LOOP_98_6_VITIS_LOOP_99_7_fu_101/mul_32s_11s_32_2_1_U15/tmp_product/P[47:0] is not pipelined (PREG=0). Pipelining the DSP48 output will improve performance and often saves power so it is suggested whenever possible to fully pipeline this function.  If this DSP48 function was inferred, it is suggested to describe an additional register stage after this function.  If the DSP48 was instantiated in the design, it is suggested to set the PREG attribute to 1.
Related violations: <none>

DPOP-1#5 Warning
PREG Output pipelining  
DSP design_2_i/sw_compute_0/inst/grp_sw_compute_Pipeline_VITIS_LOOP_98_6_VITIS_LOOP_99_7_fu_101/mul_32s_11s_32_2_1_U16/tmp_product output design_2_i/sw_compute_0/inst/grp_sw_compute_Pipeline_VITIS_LOOP_98_6_VITIS_LOOP_99_7_fu_101/mul_32s_11s_32_2_1_U16/tmp_product/P[47:0] is not pipelined (PREG=0). Pipelining the DSP48 output will improve performance and often saves power so it is suggested whenever possible to fully pipeline this function.  If this DSP48 function was inferred, it is suggested to describe an additional register stage after this function.  If the DSP48 was instantiated in the design, it is suggested to set the PREG attribute to 1.
Related violations: <none>

DPOP-1#6 Warning
PREG Output pipelining  
DSP design_2_i/sw_compute_0/inst/grp_sw_compute_Pipeline_VITIS_LOOP_98_6_VITIS_LOOP_99_7_fu_101/mul_32s_11s_32_2_1_U17/tmp_product output design_2_i/sw_compute_0/inst/grp_sw_compute_Pipeline_VITIS_LOOP_98_6_VITIS_LOOP_99_7_fu_101/mul_32s_11s_32_2_1_U17/tmp_product/P[47:0] is not pipelined (PREG=0). Pipelining the DSP48 output will improve performance and often saves power so it is suggested whenever possible to fully pipeline this function.  If this DSP48 function was inferred, it is suggested to describe an additional register stage after this function.  If the DSP48 was instantiated in the design, it is suggested to set the PREG attribute to 1.
Related violations: <none>

DPOP-1#7 Warning
PREG Output pipelining  
DSP design_2_i/sw_compute_0/inst/grp_sw_compute_Pipeline_VITIS_LOOP_98_6_VITIS_LOOP_99_7_fu_101/mul_32s_11s_32_2_1_U18/tmp_product output design_2_i/sw_compute_0/inst/grp_sw_compute_Pipeline_VITIS_LOOP_98_6_VITIS_LOOP_99_7_fu_101/mul_32s_11s_32_2_1_U18/tmp_product/P[47:0] is not pipelined (PREG=0). Pipelining the DSP48 output will improve performance and often saves power so it is suggested whenever possible to fully pipeline this function.  If this DSP48 function was inferred, it is suggested to describe an additional register stage after this function.  If the DSP48 was instantiated in the design, it is suggested to set the PREG attribute to 1.
Related violations: <none>

DPOP-1#8 Warning
PREG Output pipelining  
DSP design_2_i/sw_compute_0/inst/mul_32s_11s_32_2_1_U25/tmp_product output design_2_i/sw_compute_0/inst/mul_32s_11s_32_2_1_U25/tmp_product/P[47:0] is not pipelined (PREG=0). Pipelining the DSP48 output will improve performance and often saves power so it is suggested whenever possible to fully pipeline this function.  If this DSP48 function was inferred, it is suggested to describe an additional register stage after this function.  If the DSP48 was instantiated in the design, it is suggested to set the PREG attribute to 1.
Related violations: <none>

DPOP-2#1 Warning
MREG Output pipelining  
DSP design_2_i/sw_compute_0/inst/grp_sw_compute_Pipeline_VITIS_LOOP_98_6_VITIS_LOOP_99_7_fu_101/mul_32s_11s_32_2_1_U12/dout_reg multiplier stage design_2_i/sw_compute_0/inst/grp_sw_compute_Pipeline_VITIS_LOOP_98_6_VITIS_LOOP_99_7_fu_101/mul_32s_11s_32_2_1_U12/dout_reg/P[47:0] is not pipelined (MREG=0). Pipelining the multiplier function will improve performance and will save significant power so it is suggested whenever possible to fully pipeline this function.  If this multiplier was inferred, it is suggested to describe an additional register stage after this function.  If there is no registered adder/accumulator following the multiply function, two pipeline stages are suggested to allow both the MREG and PREG registers to be used.  If the DSP48 was instantiated in the design, it is suggested to set both the MREG and PREG attributes to 1 when performing multiply functions.
Related violations: <none>

DPOP-2#2 Warning
MREG Output pipelining  
DSP design_2_i/sw_compute_0/inst/grp_sw_compute_Pipeline_VITIS_LOOP_98_6_VITIS_LOOP_99_7_fu_101/mul_32s_11s_32_2_1_U12/tmp_product multiplier stage design_2_i/sw_compute_0/inst/grp_sw_compute_Pipeline_VITIS_LOOP_98_6_VITIS_LOOP_99_7_fu_101/mul_32s_11s_32_2_1_U12/tmp_product/P[47:0] is not pipelined (MREG=0). Pipelining the multiplier function will improve performance and will save significant power so it is suggested whenever possible to fully pipeline this function.  If this multiplier was inferred, it is suggested to describe an additional register stage after this function.  If there is no registered adder/accumulator following the multiply function, two pipeline stages are suggested to allow both the MREG and PREG registers to be used.  If the DSP48 was instantiated in the design, it is suggested to set both the MREG and PREG attributes to 1 when performing multiply functions.
Related violations: <none>

DPOP-2#3 Warning
MREG Output pipelining  
DSP design_2_i/sw_compute_0/inst/grp_sw_compute_Pipeline_VITIS_LOOP_98_6_VITIS_LOOP_99_7_fu_101/mul_32s_11s_32_2_1_U13/dout_reg multiplier stage design_2_i/sw_compute_0/inst/grp_sw_compute_Pipeline_VITIS_LOOP_98_6_VITIS_LOOP_99_7_fu_101/mul_32s_11s_32_2_1_U13/dout_reg/P[47:0] is not pipelined (MREG=0). Pipelining the multiplier function will improve performance and will save significant power so it is suggested whenever possible to fully pipeline this function.  If this multiplier was inferred, it is suggested to describe an additional register stage after this function.  If there is no registered adder/accumulator following the multiply function, two pipeline stages are suggested to allow both the MREG and PREG registers to be used.  If the DSP48 was instantiated in the design, it is suggested to set both the MREG and PREG attributes to 1 when performing multiply functions.
Related violations: <none>

DPOP-2#4 Warning
MREG Output pipelining  
DSP design_2_i/sw_compute_0/inst/grp_sw_compute_Pipeline_VITIS_LOOP_98_6_VITIS_LOOP_99_7_fu_101/mul_32s_11s_32_2_1_U13/tmp_product multiplier stage design_2_i/sw_compute_0/inst/grp_sw_compute_Pipeline_VITIS_LOOP_98_6_VITIS_LOOP_99_7_fu_101/mul_32s_11s_32_2_1_U13/tmp_product/P[47:0] is not pipelined (MREG=0). Pipelining the multiplier function will improve performance and will save significant power so it is suggested whenever possible to fully pipeline this function.  If this multiplier was inferred, it is suggested to describe an additional register stage after this function.  If there is no registered adder/accumulator following the multiply function, two pipeline stages are suggested to allow both the MREG and PREG registers to be used.  If the DSP48 was instantiated in the design, it is suggested to set both the MREG and PREG attributes to 1 when performing multiply functions.
Related violations: <none>

DPOP-2#5 Warning
MREG Output pipelining  
DSP design_2_i/sw_compute_0/inst/grp_sw_compute_Pipeline_VITIS_LOOP_98_6_VITIS_LOOP_99_7_fu_101/mul_32s_11s_32_2_1_U14/dout_reg multiplier stage design_2_i/sw_compute_0/inst/grp_sw_compute_Pipeline_VITIS_LOOP_98_6_VITIS_LOOP_99_7_fu_101/mul_32s_11s_32_2_1_U14/dout_reg/P[47:0] is not pipelined (MREG=0). Pipelining the multiplier function will improve performance and will save significant power so it is suggested whenever possible to fully pipeline this function.  If this multiplier was inferred, it is suggested to describe an additional register stage after this function.  If there is no registered adder/accumulator following the multiply function, two pipeline stages are suggested to allow both the MREG and PREG registers to be used.  If the DSP48 was instantiated in the design, it is suggested to set both the MREG and PREG attributes to 1 when performing multiply functions.
Related violations: <none>

DPOP-2#6 Warning
MREG Output pipelining  
DSP design_2_i/sw_compute_0/inst/grp_sw_compute_Pipeline_VITIS_LOOP_98_6_VITIS_LOOP_99_7_fu_101/mul_32s_11s_32_2_1_U14/tmp_product multiplier stage design_2_i/sw_compute_0/inst/grp_sw_compute_Pipeline_VITIS_LOOP_98_6_VITIS_LOOP_99_7_fu_101/mul_32s_11s_32_2_1_U14/tmp_product/P[47:0] is not pipelined (MREG=0). Pipelining the multiplier function will improve performance and will save significant power so it is suggested whenever possible to fully pipeline this function.  If this multiplier was inferred, it is suggested to describe an additional register stage after this function.  If there is no registered adder/accumulator following the multiply function, two pipeline stages are suggested to allow both the MREG and PREG registers to be used.  If the DSP48 was instantiated in the design, it is suggested to set both the MREG and PREG attributes to 1 when performing multiply functions.
Related violations: <none>

DPOP-2#7 Warning
MREG Output pipelining  
DSP design_2_i/sw_compute_0/inst/grp_sw_compute_Pipeline_VITIS_LOOP_98_6_VITIS_LOOP_99_7_fu_101/mul_32s_11s_32_2_1_U15/dout_reg multiplier stage design_2_i/sw_compute_0/inst/grp_sw_compute_Pipeline_VITIS_LOOP_98_6_VITIS_LOOP_99_7_fu_101/mul_32s_11s_32_2_1_U15/dout_reg/P[47:0] is not pipelined (MREG=0). Pipelining the multiplier function will improve performance and will save significant power so it is suggested whenever possible to fully pipeline this function.  If this multiplier was inferred, it is suggested to describe an additional register stage after this function.  If there is no registered adder/accumulator following the multiply function, two pipeline stages are suggested to allow both the MREG and PREG registers to be used.  If the DSP48 was instantiated in the design, it is suggested to set both the MREG and PREG attributes to 1 when performing multiply functions.
Related violations: <none>

DPOP-2#8 Warning
MREG Output pipelining  
DSP design_2_i/sw_compute_0/inst/grp_sw_compute_Pipeline_VITIS_LOOP_98_6_VITIS_LOOP_99_7_fu_101/mul_32s_11s_32_2_1_U15/tmp_product multiplier stage design_2_i/sw_compute_0/inst/grp_sw_compute_Pipeline_VITIS_LOOP_98_6_VITIS_LOOP_99_7_fu_101/mul_32s_11s_32_2_1_U15/tmp_product/P[47:0] is not pipelined (MREG=0). Pipelining the multiplier function will improve performance and will save significant power so it is suggested whenever possible to fully pipeline this function.  If this multiplier was inferred, it is suggested to describe an additional register stage after this function.  If there is no registered adder/accumulator following the multiply function, two pipeline stages are suggested to allow both the MREG and PREG registers to be used.  If the DSP48 was instantiated in the design, it is suggested to set both the MREG and PREG attributes to 1 when performing multiply functions.
Related violations: <none>

DPOP-2#9 Warning
MREG Output pipelining  
DSP design_2_i/sw_compute_0/inst/grp_sw_compute_Pipeline_VITIS_LOOP_98_6_VITIS_LOOP_99_7_fu_101/mul_32s_11s_32_2_1_U16/dout_reg multiplier stage design_2_i/sw_compute_0/inst/grp_sw_compute_Pipeline_VITIS_LOOP_98_6_VITIS_LOOP_99_7_fu_101/mul_32s_11s_32_2_1_U16/dout_reg/P[47:0] is not pipelined (MREG=0). Pipelining the multiplier function will improve performance and will save significant power so it is suggested whenever possible to fully pipeline this function.  If this multiplier was inferred, it is suggested to describe an additional register stage after this function.  If there is no registered adder/accumulator following the multiply function, two pipeline stages are suggested to allow both the MREG and PREG registers to be used.  If the DSP48 was instantiated in the design, it is suggested to set both the MREG and PREG attributes to 1 when performing multiply functions.
Related violations: <none>

DPOP-2#10 Warning
MREG Output pipelining  
DSP design_2_i/sw_compute_0/inst/grp_sw_compute_Pipeline_VITIS_LOOP_98_6_VITIS_LOOP_99_7_fu_101/mul_32s_11s_32_2_1_U16/tmp_product multiplier stage design_2_i/sw_compute_0/inst/grp_sw_compute_Pipeline_VITIS_LOOP_98_6_VITIS_LOOP_99_7_fu_101/mul_32s_11s_32_2_1_U16/tmp_product/P[47:0] is not pipelined (MREG=0). Pipelining the multiplier function will improve performance and will save significant power so it is suggested whenever possible to fully pipeline this function.  If this multiplier was inferred, it is suggested to describe an additional register stage after this function.  If there is no registered adder/accumulator following the multiply function, two pipeline stages are suggested to allow both the MREG and PREG registers to be used.  If the DSP48 was instantiated in the design, it is suggested to set both the MREG and PREG attributes to 1 when performing multiply functions.
Related violations: <none>

DPOP-2#11 Warning
MREG Output pipelining  
DSP design_2_i/sw_compute_0/inst/grp_sw_compute_Pipeline_VITIS_LOOP_98_6_VITIS_LOOP_99_7_fu_101/mul_32s_11s_32_2_1_U17/dout_reg multiplier stage design_2_i/sw_compute_0/inst/grp_sw_compute_Pipeline_VITIS_LOOP_98_6_VITIS_LOOP_99_7_fu_101/mul_32s_11s_32_2_1_U17/dout_reg/P[47:0] is not pipelined (MREG=0). Pipelining the multiplier function will improve performance and will save significant power so it is suggested whenever possible to fully pipeline this function.  If this multiplier was inferred, it is suggested to describe an additional register stage after this function.  If there is no registered adder/accumulator following the multiply function, two pipeline stages are suggested to allow both the MREG and PREG registers to be used.  If the DSP48 was instantiated in the design, it is suggested to set both the MREG and PREG attributes to 1 when performing multiply functions.
Related violations: <none>

DPOP-2#12 Warning
MREG Output pipelining  
DSP design_2_i/sw_compute_0/inst/grp_sw_compute_Pipeline_VITIS_LOOP_98_6_VITIS_LOOP_99_7_fu_101/mul_32s_11s_32_2_1_U17/tmp_product multiplier stage design_2_i/sw_compute_0/inst/grp_sw_compute_Pipeline_VITIS_LOOP_98_6_VITIS_LOOP_99_7_fu_101/mul_32s_11s_32_2_1_U17/tmp_product/P[47:0] is not pipelined (MREG=0). Pipelining the multiplier function will improve performance and will save significant power so it is suggested whenever possible to fully pipeline this function.  If this multiplier was inferred, it is suggested to describe an additional register stage after this function.  If there is no registered adder/accumulator following the multiply function, two pipeline stages are suggested to allow both the MREG and PREG registers to be used.  If the DSP48 was instantiated in the design, it is suggested to set both the MREG and PREG attributes to 1 when performing multiply functions.
Related violations: <none>

DPOP-2#13 Warning
MREG Output pipelining  
DSP design_2_i/sw_compute_0/inst/grp_sw_compute_Pipeline_VITIS_LOOP_98_6_VITIS_LOOP_99_7_fu_101/mul_32s_11s_32_2_1_U18/dout_reg multiplier stage design_2_i/sw_compute_0/inst/grp_sw_compute_Pipeline_VITIS_LOOP_98_6_VITIS_LOOP_99_7_fu_101/mul_32s_11s_32_2_1_U18/dout_reg/P[47:0] is not pipelined (MREG=0). Pipelining the multiplier function will improve performance and will save significant power so it is suggested whenever possible to fully pipeline this function.  If this multiplier was inferred, it is suggested to describe an additional register stage after this function.  If there is no registered adder/accumulator following the multiply function, two pipeline stages are suggested to allow both the MREG and PREG registers to be used.  If the DSP48 was instantiated in the design, it is suggested to set both the MREG and PREG attributes to 1 when performing multiply functions.
Related violations: <none>

DPOP-2#14 Warning
MREG Output pipelining  
DSP design_2_i/sw_compute_0/inst/grp_sw_compute_Pipeline_VITIS_LOOP_98_6_VITIS_LOOP_99_7_fu_101/mul_32s_11s_32_2_1_U18/tmp_product multiplier stage design_2_i/sw_compute_0/inst/grp_sw_compute_Pipeline_VITIS_LOOP_98_6_VITIS_LOOP_99_7_fu_101/mul_32s_11s_32_2_1_U18/tmp_product/P[47:0] is not pipelined (MREG=0). Pipelining the multiplier function will improve performance and will save significant power so it is suggested whenever possible to fully pipeline this function.  If this multiplier was inferred, it is suggested to describe an additional register stage after this function.  If there is no registered adder/accumulator following the multiply function, two pipeline stages are suggested to allow both the MREG and PREG registers to be used.  If the DSP48 was instantiated in the design, it is suggested to set both the MREG and PREG attributes to 1 when performing multiply functions.
Related violations: <none>

DPOP-2#15 Warning
MREG Output pipelining  
DSP design_2_i/sw_compute_0/inst/mul_32s_11s_32_2_1_U25/dout_reg multiplier stage design_2_i/sw_compute_0/inst/mul_32s_11s_32_2_1_U25/dout_reg/P[47:0] is not pipelined (MREG=0). Pipelining the multiplier function will improve performance and will save significant power so it is suggested whenever possible to fully pipeline this function.  If this multiplier was inferred, it is suggested to describe an additional register stage after this function.  If there is no registered adder/accumulator following the multiply function, two pipeline stages are suggested to allow both the MREG and PREG registers to be used.  If the DSP48 was instantiated in the design, it is suggested to set both the MREG and PREG attributes to 1 when performing multiply functions.
Related violations: <none>

DPOP-2#16 Warning
MREG Output pipelining  
DSP design_2_i/sw_compute_0/inst/mul_32s_11s_32_2_1_U25/tmp_product multiplier stage design_2_i/sw_compute_0/inst/mul_32s_11s_32_2_1_U25/tmp_product/P[47:0] is not pipelined (MREG=0). Pipelining the multiplier function will improve performance and will save significant power so it is suggested whenever possible to fully pipeline this function.  If this multiplier was inferred, it is suggested to describe an additional register stage after this function.  If there is no registered adder/accumulator following the multiply function, two pipeline stages are suggested to allow both the MREG and PREG registers to be used.  If the DSP48 was instantiated in the design, it is suggested to set both the MREG and PREG attributes to 1 when performing multiply functions.
Related violations: <none>


