INFO: [SIM 2] *************** CSIM start ***************
INFO: [SIM 4] CSIM will launch GCC as the compiler.
   Compiling D:/23th-project/R2+1D/testbench_r2plus1d.cpp in debug mode
   Compiling D:/23th-project/R2+1D/r2plus1d.cpp in debug mode
   Compiling D:/23th-project/R2+1D/Sequential.cpp in debug mode
   Compiling D:/23th-project/R2+1D/ReLU.cpp in debug mode
   Compiling D:/23th-project/R2+1D/Linear.cpp in debug mode
   Compiling D:/23th-project/R2+1D/Conv3d.cpp in debug mode
   Compiling D:/23th-project/R2+1D/Conv2Plus1D.cpp in debug mode
   Compiling D:/23th-project/R2+1D/BatchNorm3d.cpp in debug mode
   Compiling D:/23th-project/R2+1D/AdaptiveAvgPool3d.cpp in debug mode
   Generating csim.exe
[ERROR]  result[0][ 0][0][ 0][ 0]:      0.288607, gold:   0.288608, error: -4.1305e-005%
[ERROR]  result[0][ 1][0][ 0][ 0]:     -0.111055, gold:  -0.111055, error: -6.70893e-005%
[ERROR]  result[0][ 2][0][ 0][ 0]:      0.133876, gold:   0.133875, error: 0.00084593%
[ERROR]  result[0][ 3][0][ 0][ 0]:     -0.122423, gold:  -0.122424, error: -0.000182577%
[ERROR]  result[0][ 4][0][ 0][ 0]:      0.149734, gold:   0.149737, error: -0.00190074%
[ERROR]  result[0][ 5][0][ 0][ 0]:    -0.0259299, gold: -0.0259286, error: 0.00521541%
[ERROR]  result[0][ 6][0][ 0][ 0]:     -0.298496, gold:  -0.298495, error: 0.0003794%
[ERROR]  result[0][ 7][0][ 0][ 0]:     -0.170014, gold:  -0.170017, error: -0.00206842%
[ERROR]  result[0][ 8][0][ 0][ 0]:     0.0740863, gold:  0.0740854, error: 0.00117664%
[ERROR]  result[0][ 9][0][ 0][ 0]:     0.0614776, gold:  0.0614765, error: 0.00178761%
[ERROR]  result[0][10][0][ 0][ 0]:     -0.151603, gold:    -0.1516, error: 0.00190688%
[ERROR]  result[0][11][0][ 0][ 0]:     -0.179601, gold:  -0.179599, error: 0.00157642%
[ERROR]  result[0][12][0][ 0][ 0]:     -0.157918, gold:   -0.15792, error: -0.00100021%
[ERROR]  result[0][13][0][ 0][ 0]:      0.264194, gold:   0.264191, error: 0.0010491%
[ERROR]  result[0][14][0][ 0][ 0]:     -0.206095, gold:  -0.206098, error: -0.00135927%
[ERROR]  result[0][15][0][ 0][ 0]:     -0.168054, gold:  -0.168052, error: 0.00117931%
[ERROR]  result[0][16][0][ 0][ 0]:    -0.0499166, gold: -0.0499147, error: 0.00375405%
[ERROR]  result[0][17][0][ 0][ 0]:     -0.321749, gold:  -0.321745, error: 0.0012412%
[ERROR]  result[0][18][0][ 0][ 0]:     0.0620277, gold:  0.0620305, error: -0.00455823%
[ERROR]  result[0][19][0][ 0][ 0]:      0.280138, gold:   0.280143, error: -0.00174467%
[ERROR]  result[0][20][0][ 0][ 0]:     0.0194774, gold:  0.0194791, error: -0.0087208%
[ERROR]  result[0][21][0][ 0][ 0]:     -0.163783, gold:  -0.163777, error: 0.00388505%
[ERROR]  result[0][22][0][ 0][ 0]:     -0.329368, gold:  -0.329367, error: 0.000271451%
[ERROR]  result[0][23][0][ 0][ 0]:      0.333403, gold:   0.333403, error: 4.46941e-005%
[ERROR]  result[0][24][0][ 0][ 0]:     0.0834162, gold:  0.0834163, error: -0.0001965%
[ERROR]  result[0][25][0][ 0][ 0]:     0.0336276, gold:  0.0336255, error: 0.00647001%
[ERROR]  result[0][26][0][ 0][ 0]:      0.256591, gold:   0.256588, error: 0.00102211%
[ERROR]  result[0][27][0][ 0][ 0]:     -0.104948, gold:  -0.104949, error: -0.000638933%
[ERROR]  result[0][28][0][ 0][ 0]:      0.011062, gold:  0.0110593, error: 0.0242277%
[ERROR]  result[0][29][0][ 0][ 0]:     -0.276364, gold:  -0.276362, error: 0.000506838%
[ERROR]  result[0][30][0][ 0][ 0]:     0.0491079, gold:  0.0491115, error: -0.00728196%
[ERROR]  result[0][31][0][ 0][ 0]:     0.0173148, gold:  0.0173132, error: 0.00934919%
[ERROR]  result[0][32][0][ 0][ 0]:     -0.176485, gold:  -0.176483, error: 0.00117363%
[ERROR]  result[0][33][0][ 0][ 0]:     0.0594977, gold:  0.0594992, error: -0.00253574%
[ERROR]  result[0][34][0][ 0][ 0]:     -0.234744, gold:  -0.234748, error: -0.00153615%
[ERROR]  result[0][35][0][ 0][ 0]:    -0.0789607, gold: -0.0789607, error: 3.77433e-005%
[ERROR]  result[0][36][0][ 0][ 0]:     -0.101977, gold:  -0.101974, error: 0.00339016%
[ERROR]  result[0][37][0][ 0][ 0]:     0.0696316, gold:  0.0696275, error: 0.00585324%
[ERROR]  result[0][38][0][ 0][ 0]:     0.0568678, gold:  0.0568675, error: 0.000609227%
[ERROR]  result[0][39][0][ 0][ 0]:     -0.231377, gold:  -0.231375, error: 0.000850114%
[ERROR]  result[0][40][0][ 0][ 0]:     -0.349502, gold:  -0.349495, error: 0.00211476%
[ERROR]  result[0][41][0][ 0][ 0]:      0.102422, gold:   0.102423, error: -0.00116389%
[ERROR]  result[0][42][0][ 0][ 0]:     -0.103304, gold:  -0.103306, error: -0.00204104%
[ERROR]  result[0][43][0][ 0][ 0]:    -0.0115577, gold: -0.0115598, error: -0.0179581%
[ERROR]  result[0][44][0][ 0][ 0]:     -0.103983, gold:  -0.103986, error: -0.00224265%
[ERROR]  result[0][45][0][ 0][ 0]:     -0.136799, gold:  -0.136801, error: -0.00164478%
[ERROR]  result[0][46][0][ 0][ 0]:    -0.0901212, gold: -0.0901225, error: -0.00142195%
[ERROR]  result[0][47][0][ 0][ 0]:    -0.0828966, gold: -0.0828973, error: -0.000853834%
[ERROR]  result[0][48][0][ 0][ 0]:      0.113599, gold:   0.113595, error: 0.0036861%
[ERROR]  result[0][49][0][ 0][ 0]:   -0.00707816, gold: -0.00708096, error: -0.0395561%
[ERROR]  result[0][50][0][ 0][ 0]:    -0.0697666, gold: -0.0697663, error: 0.000501929%
[ERROR]  result[0][51][0][ 0][ 0]:      0.296892, gold:   0.296889, error: 0.000913475%
[ERROR]  result[0][52][0][ 0][ 0]:      0.228746, gold:   0.228747, error: -0.000579768%
[ERROR]  result[0][53][0][ 0][ 0]:     -0.304991, gold:  -0.304988, error: 0.000977163%
[ERROR]  result[0][54][0][ 0][ 0]:     -0.191386, gold:  -0.191386, error: 0.000233578%
[ERROR]  result[0][55][0][ 0][ 0]:      0.321316, gold:   0.321314, error: 0.000612159%
[ERROR]  result[0][56][0][ 0][ 0]:      0.302645, gold:   0.302645, error: -3.93891e-005%
[ERROR]  result[0][57][0][ 0][ 0]:     0.0342238, gold:  0.0342227, error: 0.00335272%
[ERROR]  result[0][58][0][ 0][ 0]:    -0.0702718, gold:  -0.070271, error: 0.00110267%
[ERROR]  result[0][59][0][ 0][ 0]:     0.0387165, gold:  0.0387168, error: -0.000827484%
[ERROR]  result[0][60][0][ 0][ 0]:     -0.161716, gold:  -0.161716, error: -8.29297e-005%
[ERROR]  result[0][61][0][ 0][ 0]:    -0.0522022, gold: -0.0521981, error: 0.00780769%
[ERROR]  result[0][62][0][ 0][ 0]:     -0.233428, gold:  -0.233429, error: -0.000683043%
[ERROR]  result[0][63][0][ 0][ 0]:    -0.0203872, gold: -0.0203893, error: -0.0102865%
[ERROR]  result[0][64][0][ 0][ 0]:     0.0324091, gold:  0.0324111, error: -0.00616072%
[ERROR]  result[0][65][0][ 0][ 0]:    -0.0485293, gold: -0.0485317, error: -0.00490496%
[ERROR]  result[0][66][0][ 0][ 0]:      0.135552, gold:   0.135551, error: 0.000648588%
[ERROR]  result[0][67][0][ 0][ 0]:    -0.0328729, gold: -0.0328771, error: -0.012702%
[ERROR]  result[0][68][0][ 0][ 0]:     -0.205014, gold:  -0.205015, error: -0.000465172%
[ERROR]  result[0][69][0][ 0][ 0]:     -0.127738, gold:  -0.127742, error: -0.00334786%
[ERROR]  result[0][70][0][ 0][ 0]:      0.132677, gold:    0.13268, error: -0.00167341%
[ERROR]  result[0][71][0][ 0][ 0]:    -0.0549628, gold: -0.0549644, error: -0.00286017%
[ERROR]  result[0][72][0][ 0][ 0]:     -0.168664, gold:  -0.168664, error: 0.000318054%
[ERROR]  result[0][73][0][ 0][ 0]:     -0.236231, gold:  -0.236235, error: -0.00134356%
[ERROR]  result[0][74][0][ 0][ 0]:      0.265122, gold:   0.265117, error: 0.00179859%
[ERROR]  result[0][75][0][ 0][ 0]:     -0.346498, gold:    -0.3465, error: -0.000670874%
[ERROR]  result[0][76][0][ 0][ 0]:     0.0548851, gold:  0.0548822, error: 0.00533521%
[ERROR]  result[0][77][0][ 0][ 0]:     0.0373774, gold:   0.037378, error: -0.00139532%
[ERROR]  result[0][78][0][ 0][ 0]:     -0.090488, gold: -0.0904873, error: 0.000790449%
[ERROR]  result[0][79][0][ 0][ 0]:      -0.24938, gold:   -0.24938, error: -0.000376442%
[ERROR]  result[0][80][0][ 0][ 0]:      0.140528, gold:   0.140527, error: 0.00106038%
[ERROR]  result[0][81][0][ 0][ 0]:      0.182158, gold:    0.18216, error: -0.00131702%
[ERROR]  result[0][82][0][ 0][ 0]:    -0.0712367, gold: -0.0712417, error: -0.00698606%
[ERROR]  result[0][83][0][ 0][ 0]:       0.12635, gold:   0.126352, error: -0.00192232%
[ERROR]  result[0][84][0][ 0][ 0]:     -0.178787, gold:   -0.17879, error: -0.00137519%
[ERROR]  result[0][85][0][ 0][ 0]:     0.0698564, gold:  0.0698568, error: -0.000479948%
[ERROR]  result[0][86][0][ 0][ 0]:     -0.106979, gold:  -0.106977, error: 0.00176902%
[ERROR]  result[0][87][0][ 0][ 0]:      0.335001, gold:   0.335002, error: -0.000338054%
[ERROR]  result[0][88][0][ 0][ 0]:     -0.014812, gold: -0.0148102, error: 0.0120611%
[ERROR]  result[0][89][0][ 0][ 0]:     -0.020158, gold: -0.0201599, error: -0.00936869%
[ERROR]  result[0][90][0][ 0][ 0]:     0.0937984, gold:  0.0937998, error: -0.00140592%
[ERROR]  result[0][91][0][ 0][ 0]:    -0.0262499, gold: -0.0262527, error: -0.0104227%
[ERROR]  result[0][92][0][ 0][ 0]:     0.0819452, gold:  0.0819441, error: 0.00130019%
[ERROR]  result[0][93][0][ 0][ 0]:    -0.0990913, gold: -0.0990908, error: 0.000511288%
[ERROR]  result[0][94][0][ 0][ 0]:     -0.179917, gold:  -0.179917, error: -0.000430676%
[ERROR]  result[0][95][0][ 0][ 0]:      0.263297, gold:     0.2633, error: -0.00114319%
[ERROR]  result[0][96][0][ 0][ 0]:      0.085517, gold:  0.0855146, error: 0.00279676%
[ERROR]  result[0][97][0][ 0][ 0]:      0.145459, gold:   0.145459, error: -0.000194641%
[ERROR]  result[0][98][0][ 0][ 0]:     0.0579464, gold:   0.057945, error: 0.00246231%
[ERROR]  result[0][99][0][ 0][ 0]:    -0.0832974, gold: -0.0832955, error: 0.00228091%
[ERROR]  result[0][100][0][ 0][ 0]:     -0.193453, gold:  -0.193455, error: -0.00130175%
[ERROR]  result[0][101][0][ 0][ 0]:       0.12241, gold:   0.122411, error: -0.00131469%
[ERROR]  result[0][102][0][ 0][ 0]:      0.154643, gold:   0.154644, error: -0.00106957%
[ERROR]  result[0][103][0][ 0][ 0]:     0.0484814, gold:  0.0484846, error: -0.00675375%
[ERROR]  result[0][104][0][ 0][ 0]:     0.0980184, gold:  0.0980185, error: -6.08096e-005%
[ERROR]  result[0][105][0][ 0][ 0]:     0.0656133, gold:  0.0656098, error: 0.00535999%
[ERROR]  result[0][106][0][ 0][ 0]:     0.0441783, gold:  0.0441796, error: -0.00287536%
[ERROR]  result[0][107][0][ 0][ 0]:     0.0167254, gold:   0.016727, error: -0.0098995%
[ERROR]  result[0][108][0][ 0][ 0]:     -0.111563, gold:  -0.111562, error: 0.00105519%
[ERROR]  result[0][109][0][ 0][ 0]:      0.375151, gold:   0.375154, error: -0.000865898%
[ERROR]  result[0][110][0][ 0][ 0]:     0.0590997, gold:  0.0590985, error: 0.00197931%
[ERROR]  result[0][111][0][ 0][ 0]:   0.000338076, gold: 0.000341177, error: -0.909002%
[ERROR]  result[0][112][0][ 0][ 0]:      0.249539, gold:   0.249534, error: 0.00231101%
[ERROR]  result[0][113][0][ 0][ 0]:     -0.072654, gold: -0.0726583, error: -0.00597824%
[ERROR]  result[0][114][0][ 0][ 0]:    0.00518975, gold: 0.00519045, error: -0.0133855%
[ERROR]  result[0][115][0][ 0][ 0]:    -0.0215459, gold: -0.0215463, error: -0.00188458%
[ERROR]  result[0][116][0][ 0][ 0]:    -0.0218162, gold: -0.0218157, error: 0.00264681%
[ERROR]  result[0][117][0][ 0][ 0]:     0.0181284, gold:  0.0181282, error: 0.00122271%
[ERROR]  result[0][118][0][ 0][ 0]:     0.0477661, gold:  0.0477652, error: 0.00177041%
[ERROR]  result[0][119][0][ 0][ 0]:     0.0856249, gold:  0.0856213, error: 0.00423777%
[ERROR]  result[0][120][0][ 0][ 0]:     0.0345486, gold:  0.0345509, error: -0.00665252%
[ERROR]  result[0][122][0][ 0][ 0]:     -0.110415, gold:  -0.110418, error: -0.00265182%
[ERROR]  result[0][123][0][ 0][ 0]:      0.056877, gold:  0.0568738, error: 0.00562653%
[ERROR]  result[0][124][0][ 0][ 0]:    0.00319791, gold: 0.00319567, error: 0.0700749%
[ERROR]  result[0][125][0][ 0][ 0]:    -0.0370228, gold: -0.0370215, error: 0.00356213%
[ERROR]  result[0][126][0][ 0][ 0]:    -0.0910351, gold: -0.0910295, error: 0.0060813%
[ERROR]  result[0][127][0][ 0][ 0]:     -0.194213, gold:  -0.194213, error: -0.000199487%
[ERROR]  result[0][128][0][ 0][ 0]:    -0.0438958, gold:  -0.043896, error: -0.000585577%
[ERROR]  result[0][129][0][ 0][ 0]:      0.192063, gold:   0.192059, error: 0.00207156%
[ERROR]  result[0][130][0][ 0][ 0]:     -0.152449, gold:   -0.15245, error: -0.000703759%
[ERROR]  result[0][131][0][ 0][ 0]:    -0.0147742, gold: -0.0147704, error: 0.0256249%
[ERROR]  result[0][132][0][ 0][ 0]:    -0.0976914, gold: -0.0976931, error: -0.00166258%
[ERROR]  result[0][133][0][ 0][ 0]:     0.0570516, gold:  0.0570549, error: -0.00565438%
[ERROR]  result[0][134][0][ 0][ 0]:     -0.120899, gold:  -0.120901, error: -0.00138042%
[ERROR]  result[0][135][0][ 0][ 0]:      0.441336, gold:   0.441337, error: -0.000182324%
[ERROR]  result[0][136][0][ 0][ 0]:     0.0894642, gold:  0.0894654, error: -0.00134079%
[ERROR]  result[0][137][0][ 0][ 0]:    -0.0172906, gold:  -0.017288, error: 0.0147822%
[ERROR]  result[0][138][0][ 0][ 0]:     -0.225207, gold:  -0.225207, error: 7.94e-005%
[ERROR]  result[0][139][0][ 0][ 0]:     -0.461067, gold:  -0.461063, error: 0.000827371%
[ERROR]  result[0][140][0][ 0][ 0]:     0.0504794, gold:  0.0504763, error: 0.00631014%
[ERROR]  result[0][141][0][ 0][ 0]:     0.0578338, gold:  0.0578363, error: -0.00419315%
[ERROR]  result[0][142][0][ 0][ 0]:     0.0803343, gold:  0.0803332, error: 0.00129844%
[ERROR]  result[0][143][0][ 0][ 0]:    0.00891705, gold: 0.00891893, error: -0.0210408%
[ERROR]  result[0][144][0][ 0][ 0]:       -0.1342, gold:  -0.134201, error: -0.000344213%
[ERROR]  result[0][145][0][ 0][ 0]:     0.0531077, gold:  0.0531034, error: 0.00815864%
[ERROR]  result[0][146][0][ 0][ 0]:      0.101153, gold:   0.101157, error: -0.00350592%
[ERROR]  result[0][147][0][ 0][ 0]:     -0.161412, gold:  -0.161414, error: -0.001634%
[ERROR]  result[0][148][0][ 0][ 0]:     -0.146808, gold:  -0.146805, error: 0.00197931%
[ERROR]  result[0][149][0][ 0][ 0]:    -0.0339512, gold: -0.0339516, error: -0.00118501%
[ERROR]  result[0][150][0][ 0][ 0]:     -0.250776, gold:  -0.250771, error: 0.00185394%
[ERROR]  result[0][151][0][ 0][ 0]:     -0.210859, gold:  -0.210859, error: -0.000120137%
[ERROR]  result[0][152][0][ 0][ 0]:      0.113396, gold:   0.113395, error: 0.000479643%
[ERROR]  result[0][153][0][ 0][ 0]:     0.0602871, gold:  0.0602873, error: -0.000210094%
[ERROR]  result[0][154][0][ 0][ 0]:    -0.0158555, gold: -0.0158562, error: -0.00440518%
[ERROR]  result[0][155][0][ 0][ 0]:     0.0850963, gold:  0.0850945, error: 0.0021714%
[ERROR]  result[0][156][0][ 0][ 0]:      0.478503, gold:   0.478505, error: -0.000342552%
[ERROR]  result[0][157][0][ 0][ 0]:     -0.123497, gold:  -0.123496, error: 0.000361982%
[ERROR]  result[0][158][0][ 0][ 0]:      0.204826, gold:   0.204821, error: 0.00210253%
[ERROR]  result[0][159][0][ 0][ 0]:      0.187721, gold:    0.18772, error: 0.000460401%
[ERROR]  result[0][160][0][ 0][ 0]:     -0.404106, gold:  -0.404109, error: -0.000589986%
[ERROR]  result[0][161][0][ 0][ 0]:     0.0498914, gold:  0.0498973, error: -0.0118708%
[ERROR]  result[0][162][0][ 0][ 0]:     -0.260334, gold:  -0.260339, error: -0.00192318%
[ERROR]  result[0][163][0][ 0][ 0]:        0.2801, gold:   0.280102, error: -0.000946942%
[ERROR]  result[0][164][0][ 0][ 0]:      0.131532, gold:   0.131532, error: 0.000305882%
[ERROR]  result[0][165][0][ 0][ 0]:     -0.478798, gold:  -0.478801, error: -0.000746923%
[ERROR]  result[0][166][0][ 0][ 0]:     -0.140626, gold:  -0.140625, error: 0.000201331%
[ERROR]  result[0][167][0][ 0][ 0]:     -0.209974, gold:  -0.209977, error: -0.00149028%
[ERROR]  result[0][168][0][ 0][ 0]:     0.0728532, gold:  0.0728557, error: -0.00342587%
[ERROR]  result[0][169][0][ 0][ 0]:    -0.0754222, gold: -0.0754211, error: 0.0014818%
[ERROR]  result[0][170][0][ 0][ 0]:      0.112554, gold:    0.11255, error: 0.00345554%
[ERROR]  result[0][171][0][ 0][ 0]:     0.0126138, gold:  0.0126142, error: -0.00361035%
[ERROR]  result[0][172][0][ 0][ 0]:     0.0252459, gold:  0.0252484, error: -0.00970114%
[ERROR]  result[0][173][0][ 0][ 0]:      0.265732, gold:   0.265733, error: -0.000190658%
[ERROR]  result[0][174][0][ 0][ 0]:     -0.240365, gold:  -0.240364, error: 0.00043396%
[ERROR]  result[0][175][0][ 0][ 0]:     -0.216166, gold:  -0.216164, error: 0.000875469%
[ERROR]  result[0][176][0][ 0][ 0]:      0.142759, gold:   0.142762, error: -0.00154479%
[ERROR]  result[0][177][0][ 0][ 0]:      0.217818, gold:   0.217821, error: -0.000985108%
[ERROR]  result[0][178][0][ 0][ 0]:     0.0217671, gold:  0.0217688, error: -0.00781209%
[ERROR]  result[0][179][0][ 0][ 0]:     -0.047791, gold: -0.0477936, error: -0.00534706%
[ERROR]  result[0][180][0][ 0][ 0]:    -0.0407691, gold: -0.0407683, error: 0.00180013%
[ERROR]  result[0][181][0][ 0][ 0]:      0.432193, gold:   0.432189, error: 0.000744732%
[ERROR]  result[0][182][0][ 0][ 0]:       0.15555, gold:   0.155552, error: -0.00110165%
[ERROR]  result[0][183][0][ 0][ 0]:      0.265308, gold:   0.265312, error: -0.00122439%
[ERROR]  result[0][184][0][ 0][ 0]:     -0.299661, gold:  -0.299663, error: -0.000477374%
[ERROR]  result[0][185][0][ 0][ 0]:    0.00731545, gold:  0.0073161, error: -0.00887901%
[ERROR]  result[0][186][0][ 0][ 0]:     0.0986182, gold:  0.0986177, error: 0.000453301%
[ERROR]  result[0][187][0][ 0][ 0]:      0.222401, gold:   0.222405, error: -0.0018626%
[ERROR]  result[0][188][0][ 0][ 0]:     0.0985894, gold:  0.0985836, error: 0.00581181%
[ERROR]  result[0][189][0][ 0][ 0]:    -0.0621272, gold: -0.0621253, error: 0.00307016%
[ERROR]  result[0][190][0][ 0][ 0]:     -0.101619, gold:  -0.101623, error: -0.00328456%
[ERROR]  result[0][191][0][ 0][ 0]:     -0.113087, gold:  -0.113088, error: -0.00167342%
[ERROR]  result[0][192][0][ 0][ 0]:      0.358714, gold:   0.358714, error: 0.000141238%
[ERROR]  result[0][193][0][ 0][ 0]:     0.0405016, gold:  0.0405018, error: -0.000478288%
[ERROR]  result[0][194][0][ 0][ 0]:     -0.243427, gold:  -0.243432, error: -0.00207512%
[ERROR]  result[0][195][0][ 0][ 0]:    -0.0544057, gold: -0.0543996, error: 0.0113061%
[ERROR]  result[0][196][0][ 0][ 0]:      0.116674, gold:   0.116677, error: -0.00234992%
[ERROR]  result[0][197][0][ 0][ 0]:      0.059407, gold:  0.0594077, error: -0.00122906%
[ERROR]  result[0][198][0][ 0][ 0]:      0.345752, gold:   0.345752, error: -0.000129293%
[ERROR]  result[0][199][0][ 0][ 0]:     -0.141637, gold:  -0.141636, error: 0.000631246%
[ERROR]  result[0][200][0][ 0][ 0]:    -0.0778796, gold: -0.0778825, error: -0.00370221%
[ERROR]  result[0][201][0][ 0][ 0]:       0.33511, gold:    0.33511, error: -0.00010672%
[ERROR]  result[0][202][0][ 0][ 0]:    -0.0997472, gold: -0.0997497, error: -0.00249474%
[ERROR]  result[0][203][0][ 0][ 0]:      0.230703, gold:   0.230701, error: 0.00103991%
[ERROR]  result[0][204][0][ 0][ 0]:   -0.00658232, gold: -0.00658269, error: -0.00569459%
[ERROR]  result[0][205][0][ 0][ 0]:      0.211547, gold:   0.211547, error: -0.000176097%
[ERROR]  result[0][206][0][ 0][ 0]:      0.260138, gold:   0.260141, error: -0.000950868%
[ERROR]  result[0][207][0][ 0][ 0]:     -0.149903, gold:  -0.149906, error: -0.00202783%
[ERROR]  result[0][208][0][ 0][ 0]:     -0.130478, gold:  -0.130475, error: 0.00252397%
[ERROR]  result[0][209][0][ 0][ 0]:      0.125271, gold:   0.125272, error: -0.000404432%
[ERROR]  result[0][210][0][ 0][ 0]:     -0.221971, gold:  -0.221968, error: 0.00140306%
[ERROR]  result[0][211][0][ 0][ 0]:     -0.273267, gold:  -0.273267, error: -0.000109059%
[ERROR]  result[0][212][0][ 0][ 0]:     -0.175374, gold:   -0.17537, error: 0.00239615%
[ERROR]  result[0][213][0][ 0][ 0]:      0.147415, gold:   0.147413, error: 0.00139496%
[ERROR]  result[0][214][0][ 0][ 0]:      0.374824, gold:   0.374825, error: -0.0004055%
[ERROR]  result[0][215][0][ 0][ 0]:     0.0442519, gold:  0.0442469, error: 0.0114082%
[ERROR]  result[0][216][0][ 0][ 0]:     0.0705594, gold:  0.0705586, error: 0.00108762%
[ERROR]  result[0][217][0][ 0][ 0]:     -0.232082, gold:  -0.232083, error: -0.000552173%
[ERROR]  result[0][218][0][ 0][ 0]:     -0.298774, gold:  -0.298774, error: -7.9799e-005%
[ERROR]  result[0][219][0][ 0][ 0]:      0.321308, gold:   0.321304, error: 0.00121508%
[ERROR]  result[0][220][0][ 0][ 0]:      0.142307, gold:   0.142308, error: -0.000848156%
[ERROR]  result[0][221][0][ 0][ 0]:     -0.143614, gold:  -0.143615, error: -0.000923442%
[ERROR]  result[0][222][0][ 0][ 0]:     -0.148725, gold:  -0.148726, error: -0.000591134%
[ERROR]  result[0][223][0][ 0][ 0]:      0.164163, gold:   0.164165, error: -0.00133431%
[ERROR]  result[0][224][0][ 0][ 0]:     -0.398266, gold:  -0.398269, error: -0.000718364%
[ERROR]  result[0][225][0][ 0][ 0]:      0.350575, gold:   0.350575, error: 0.00017002%
[ERROR]  result[0][226][0][ 0][ 0]:     0.0134771, gold:  0.0134721, error: 0.0378348%
[ERROR]  result[0][227][0][ 0][ 0]:      0.226001, gold:   0.226004, error: -0.00136482%
[ERROR]  result[0][228][0][ 0][ 0]:     0.0343425, gold:  0.0343411, error: 0.00420899%
[ERROR]  result[0][229][0][ 0][ 0]:     -0.214206, gold:  -0.214206, error: 2.08694e-005%
[ERROR]  result[0][230][0][ 0][ 0]:     -0.173761, gold:  -0.173767, error: -0.00367025%
[ERROR]  result[0][231][0][ 0][ 0]:       0.23741, gold:   0.237406, error: 0.00134948%
[ERROR]  result[0][232][0][ 0][ 0]:     0.0653257, gold:  0.0653242, error: 0.00223549%
[ERROR]  result[0][233][0][ 0][ 0]:    -0.0281631, gold: -0.0281638, error: -0.00222879%
[ERROR]  result[0][234][0][ 0][ 0]:      0.122223, gold:   0.122224, error: -0.000207259%
[ERROR]  result[0][235][0][ 0][ 0]:    -0.0465212, gold: -0.0465249, error: -0.00794304%
[ERROR]  result[0][236][0][ 0][ 0]:     -0.140081, gold:  -0.140077, error: 0.00292541%
[ERROR]  result[0][237][0][ 0][ 0]:    -0.0734209, gold: -0.0734225, error: -0.00221216%
[ERROR]  result[0][238][0][ 0][ 0]:     -0.126005, gold:  -0.126002, error: 0.00228244%
[ERROR]  result[0][239][0][ 0][ 0]:     0.0608506, gold:  0.0608521, error: -0.00239978%
[ERROR]  result[0][240][0][ 0][ 0]:     -0.110439, gold:   -0.11044, error: -0.00112663%
[ERROR]  result[0][241][0][ 0][ 0]:    -0.0863121, gold:  -0.086314, error: -0.00217525%
[ERROR]  result[0][242][0][ 0][ 0]:    0.00929496, gold: 0.00929279, error: 0.0233512%
[ERROR]  result[0][243][0][ 0][ 0]:    -0.0821352, gold: -0.0821318, error: 0.00411846%
[ERROR]  result[0][244][0][ 0][ 0]:    -0.0753023, gold: -0.0753007, error: 0.0021372%
[ERROR]  result[0][245][0][ 0][ 0]:     0.0599527, gold:  0.0599527, error: -2.48549e-005%
[ERROR]  result[0][246][0][ 0][ 0]:      0.279235, gold:   0.279235, error: -0.000128074%
[ERROR]  result[0][247][0][ 0][ 0]:     -0.238958, gold:  -0.238958, error: -1.24718e-005%
[ERROR]  result[0][248][0][ 0][ 0]:      0.144092, gold:   0.144091, error: 0.00100312%
[ERROR]  result[0][249][0][ 0][ 0]:     -0.060669, gold: -0.0606697, error: -0.00128332%
[ERROR]  result[0][250][0][ 0][ 0]:      0.345341, gold:   0.345341, error: 8.62982e-006%
[ERROR]  result[0][251][0][ 0][ 0]:      0.130347, gold:   0.130348, error: -0.00129179%
[ERROR]  result[0][252][0][ 0][ 0]:     0.0299417, gold:  0.0299427, error: -0.00306681%
[ERROR]  result[0][253][0][ 0][ 0]:     -0.125248, gold:  -0.125252, error: -0.0031051%
[ERROR]  result[0][254][0][ 0][ 0]:      0.212411, gold:    0.21241, error: 0.000785713%
[ERROR]  result[0][255][0][ 0][ 0]:      0.294149, gold:   0.294148, error: 0.00046606%
[ERROR]  result[0][256][0][ 0][ 0]:     0.0829839, gold:  0.0829822, error: 0.00194834%
[ERROR]  result[0][257][0][ 0][ 0]:     0.0535216, gold:  0.0535226, error: -0.0019419%
[ERROR]  result[0][258][0][ 0][ 0]:     -0.240927, gold:  -0.240929, error: -0.00104524%
[ERROR]  result[0][259][0][ 0][ 0]:     -0.373624, gold:  -0.373625, error: -0.000239296%
[ERROR]  result[0][260][0][ 0][ 0]:      0.354124, gold:   0.354126, error: -0.000580686%
[ERROR]  result[0][261][0][ 0][ 0]:      0.209327, gold:   0.209324, error: 0.00118882%
[ERROR]  result[0][262][0][ 0][ 0]:     -0.279055, gold:  -0.279052, error: 0.00118546%
[ERROR]  result[0][263][0][ 0][ 0]:     -0.210545, gold:  -0.210542, error: 0.00152167%
[ERROR]  result[0][264][0][ 0][ 0]:        0.2257, gold:   0.225701, error: -0.000627205%
[ERROR]  result[0][265][0][ 0][ 0]:     0.0766911, gold:  0.0766926, error: -0.00195269%
[ERROR]  result[0][266][0][ 0][ 0]:     -0.385821, gold:  -0.385824, error: -0.000726088%
[ERROR]  result[0][267][0][ 0][ 0]:    -0.0810132, gold: -0.0810092, error: 0.0049205%
[ERROR]  result[0][268][0][ 0][ 0]:     -0.198268, gold:  -0.198266, error: 0.000954499%
[ERROR]  result[0][269][0][ 0][ 0]:     -0.128956, gold:  -0.128956, error: 0.000577763%
[ERROR]  result[0][270][0][ 0][ 0]:    -0.0659501, gold: -0.0659487, error: 0.00211264%
[ERROR]  result[0][271][0][ 0][ 0]:     -0.259034, gold:  -0.259033, error: 0.000149568%
[ERROR]  result[0][272][0][ 0][ 0]:    -0.0499152, gold: -0.0499177, error: -0.00508967%
[ERROR]  result[0][273][0][ 0][ 0]:     0.0191646, gold:  0.0191633, error: 0.00641509%
[ERROR]  result[0][274][0][ 0][ 0]:     0.0424461, gold:  0.0424474, error: -0.00326476%
[ERROR]  result[0][275][0][ 0][ 0]:     0.0442783, gold:  0.0442743, error: 0.00891895%
[ERROR]  result[0][276][0][ 0][ 0]:    -0.0642368, gold: -0.0642348, error: 0.00306213%
[ERROR]  result[0][277][0][ 0][ 0]:    -0.0664534, gold: -0.0664554, error: -0.00306071%
[ERROR]  result[0][278][0][ 0][ 0]:    -0.0154264, gold: -0.0154253, error: 0.00741422%
[ERROR]  result[0][279][0][ 0][ 0]:     0.0413503, gold:  0.0413536, error: -0.00787333%
[ERROR]  result[0][280][0][ 0][ 0]:     0.0132467, gold:  0.0132479, error: -0.00901241%
[ERROR]  result[0][281][0][ 0][ 0]:     0.0344345, gold:  0.0344364, error: -0.00560366%
[ERROR]  result[0][282][0][ 0][ 0]:       -0.2207, gold:  -0.220699, error: 0.000567152%
[ERROR]  result[0][283][0][ 0][ 0]:      -0.10567, gold:  -0.105669, error: 0.00114224%
[ERROR]  result[0][284][0][ 0][ 0]:      0.128282, gold:   0.128286, error: -0.00348466%
[ERROR]  result[0][285][0][ 0][ 0]:      0.277536, gold:   0.277536, error: 0.000279193%
[ERROR]  result[0][286][0][ 0][ 0]:      0.085274, gold:  0.0852748, error: -0.000899926%
[ERROR]  result[0][287][0][ 0][ 0]:      0.221407, gold:   0.221409, error: -0.000484572%
[ERROR]  result[0][288][0][ 0][ 0]:       0.19064, gold:   0.190637, error: 0.0013757%
[ERROR]  result[0][289][0][ 0][ 0]:     0.0960535, gold:  0.0960505, error: 0.00312605%
[ERROR]  result[0][290][0][ 0][ 0]:       0.12309, gold:   0.123092, error: -0.00188849%
[ERROR]  result[0][291][0][ 0][ 0]:     -0.225306, gold:  -0.225307, error: -0.000542324%
[ERROR]  result[0][292][0][ 0][ 0]:     -0.324875, gold:  -0.324872, error: 0.00085314%
[ERROR]  result[0][293][0][ 0][ 0]:    -0.0889894, gold: -0.0889926, error: -0.00365025%
[ERROR]  result[0][294][0][ 0][ 0]:    -0.0772943, gold: -0.0772939, error: 0.0005398%
[ERROR]  result[0][295][0][ 0][ 0]:     -0.362602, gold:  -0.362602, error: -0.000230132%
[ERROR]  result[0][296][0][ 0][ 0]:    -0.0246988, gold: -0.0246975, error: 0.00559605%
[ERROR]  result[0][297][0][ 0][ 0]:     -0.427034, gold:  -0.427033, error: 0.000111663%
[ERROR]  result[0][298][0][ 0][ 0]:      0.108383, gold:   0.108381, error: 0.00171173%
[ERROR]  result[0][299][0][ 0][ 0]:     0.0960421, gold:  0.0960436, error: -0.00161356%
[ERROR]  result[0][300][0][ 0][ 0]:     -0.398444, gold:  -0.398446, error: -0.000546013%
[ERROR]  result[0][301][0][ 0][ 0]:    -0.0449941, gold: -0.0449926, error: 0.00335331%
[ERROR]  result[0][302][0][ 0][ 0]:    -0.0386491, gold: -0.0386521, error: -0.00776824%
[ERROR]  result[0][303][0][ 0][ 0]:      0.111745, gold:   0.111743, error: 0.00184692%
[ERROR]  result[0][304][0][ 0][ 0]:     -0.101511, gold:  -0.101508, error: 0.00230472%
[ERROR]  result[0][305][0][ 0][ 0]:      0.378984, gold:   0.378987, error: -0.000927913%
[ERROR]  result[0][306][0][ 0][ 0]:     -0.263893, gold:  -0.263887, error: 0.00243942%
[ERROR]  result[0][307][0][ 0][ 0]:    -0.0634174, gold: -0.0634187, error: -0.00206769%
[ERROR]  result[0][308][0][ 0][ 0]:      0.116243, gold:   0.116243, error: 0.000147419%
[ERROR]  result[0][309][0][ 0][ 0]:       0.11382, gold:    0.11382, error: 0.000733147%
[ERROR]  result[0][310][0][ 0][ 0]:     0.0493069, gold:   0.049304, error: 0.00593127%
[ERROR]  result[0][311][0][ 0][ 0]:     -0.110834, gold:  -0.110832, error: 0.00159993%
[ERROR]  result[0][312][0][ 0][ 0]:      0.237454, gold:   0.237456, error: -0.0010166%
[ERROR]  result[0][313][0][ 0][ 0]:     -0.266176, gold:  -0.266179, error: -0.00105246%
[ERROR]  result[0][314][0][ 0][ 0]:     -0.225292, gold:  -0.225293, error: -0.000522516%
[ERROR]  result[0][315][0][ 0][ 0]:      0.305726, gold:   0.305725, error: 0.000194962%
[ERROR]  result[0][316][0][ 0][ 0]:      0.134233, gold:   0.134235, error: -0.00117669%
[ERROR]  result[0][317][0][ 0][ 0]:      0.229822, gold:    0.22982, error: 0.000959609%
[ERROR]  result[0][318][0][ 0][ 0]:     -0.476782, gold:  -0.476781, error: 0.000231277%
[ERROR]  result[0][319][0][ 0][ 0]:   -0.00559997, gold: -0.0056005, error: -0.00947038%
[ERROR]  result[0][320][0][ 0][ 0]: -2.24542e-005, gold: -1.68495e-005, error: 33.2633%
[ERROR]  result[0][321][0][ 0][ 0]:      0.130493, gold:   0.130494, error: -0.000605208%
[ERROR]  result[0][322][0][ 0][ 0]:     -0.116617, gold:  -0.116619, error: -0.0021147%
[ERROR]  result[0][323][0][ 0][ 0]:      0.411233, gold:   0.411229, error: 0.00093488%
[ERROR]  result[0][324][0][ 0][ 0]:     0.0402102, gold:  0.0402137, error: -0.0085597%
[ERROR]  result[0][325][0][ 0][ 0]:      0.160234, gold:   0.160235, error: -0.000334785%
[ERROR]  result[0][326][0][ 0][ 0]:      0.241028, gold:   0.241028, error: -3.7094e-005%
[ERROR]  result[0][327][0][ 0][ 0]:      0.243451, gold:   0.243446, error: 0.00216069%
[ERROR]  result[0][328][0][ 0][ 0]:    -0.0768549, gold:  -0.076855, error: -0.000135721%
[ERROR]  result[0][329][0][ 0][ 0]:    -0.0554423, gold: -0.0554431, error: -0.00139758%
[ERROR]  result[0][330][0][ 0][ 0]:   -0.00416911, gold: -0.00416862, error: 0.0117962%
[ERROR]  result[0][331][0][ 0][ 0]:    -0.0545643, gold: -0.0545668, error: -0.00459459%
[ERROR]  result[0][332][0][ 0][ 0]:      0.186741, gold:   0.186742, error: -0.000303223%
[ERROR]  result[0][333][0][ 0][ 0]:      0.186652, gold:   0.186654, error: -0.00136514%
[ERROR]  result[0][334][0][ 0][ 0]:    -0.0696489, gold: -0.0696435, error: 0.00783107%
[ERROR]  result[0][335][0][ 0][ 0]:      0.571157, gold:   0.571158, error: -0.000104358%
[ERROR]  result[0][336][0][ 0][ 0]:      0.296056, gold:   0.296055, error: 0.000392593%
[ERROR]  result[0][337][0][ 0][ 0]:      0.256351, gold:   0.256355, error: -0.00148805%
[ERROR]  result[0][338][0][ 0][ 0]:      0.336105, gold:   0.336107, error: -0.000815755%
[ERROR]  result[0][339][0][ 0][ 0]:     -0.127363, gold:  -0.127364, error: -0.000631782%
[ERROR]  result[0][340][0][ 0][ 0]:     -0.131336, gold:  -0.131335, error: 0.000794216%
[ERROR]  result[0][341][0][ 0][ 0]:     -0.138358, gold:  -0.138356, error: 0.00132473%
[ERROR]  result[0][342][0][ 0][ 0]:      0.331536, gold:   0.331539, error: -0.00069216%
[ERROR]  result[0][343][0][ 0][ 0]:      0.028229, gold:  0.0282273, error: 0.00587287%
[ERROR]  result[0][344][0][ 0][ 0]:     0.0122508, gold:  0.0122534, error: -0.0216159%
[ERROR]  result[0][345][0][ 0][ 0]:     0.0925702, gold:  0.0925719, error: -0.0018109%
[ERROR]  result[0][346][0][ 0][ 0]:     0.0557983, gold:  0.0558003, error: -0.00369856%
[ERROR]  result[0][347][0][ 0][ 0]:    -0.0491923, gold:  -0.049194, error: -0.00333197%
[ERROR]  result[0][348][0][ 0][ 0]:     -0.126519, gold:  -0.126516, error: 0.0021436%
[ERROR]  result[0][349][0][ 0][ 0]:   -0.00797799, gold: -0.00797503, error: 0.0370659%
[ERROR]  result[0][350][0][ 0][ 0]:     0.0860291, gold:  0.0860283, error: 0.000935346%
[ERROR]  result[0][351][0][ 0][ 0]:     -0.407513, gold:  -0.407514, error: -0.000117011%
[ERROR]  result[0][352][0][ 0][ 0]:     0.0991752, gold:  0.0991785, error: -0.00336551%
[ERROR]  result[0][353][0][ 0][ 0]:    -0.0596607, gold: -0.0596607, error: 6.24413e-005%
[ERROR]  result[0][354][0][ 0][ 0]:     0.0562876, gold:  0.0562891, error: -0.00266049%
[ERROR]  result[0][355][0][ 0][ 0]:      0.190913, gold:   0.190914, error: -0.000561971%
[ERROR]  result[0][356][0][ 0][ 0]:      0.105678, gold:   0.105679, error: -0.00123379%
[ERROR]  result[0][357][0][ 0][ 0]:     0.0685675, gold:  0.0685645, error: 0.00449875%
[ERROR]  result[0][358][0][ 0][ 0]:     -0.066484, gold: -0.0664816, error: 0.00363106%
[ERROR]  result[0][359][0][ 0][ 0]:     0.0963439, gold:  0.0963457, error: -0.00187916%
[ERROR]  result[0][360][0][ 0][ 0]:     -0.329176, gold:  -0.329175, error: 0.0003712%
[ERROR]  result[0][361][0][ 0][ 0]:     -0.154042, gold:   -0.15404, error: 0.000938335%
[ERROR]  result[0][362][0][ 0][ 0]:    -0.0450214, gold: -0.0450161, error: 0.0119498%
[ERROR]  result[0][363][0][ 0][ 0]:      0.346897, gold:   0.346895, error: 0.00051547%
[ERROR]  result[0][364][0][ 0][ 0]:   -0.00373636, gold: -0.0037383, error: -0.0517692%
[ERROR]  result[0][365][0][ 0][ 0]:     -0.146623, gold:  -0.146624, error: -0.000406515%
[ERROR]  result[0][366][0][ 0][ 0]:     -0.289505, gold:  -0.289504, error: 0.000339711%
[ERROR]  result[0][367][0][ 0][ 0]:    -0.0122685, gold: -0.0122669, error: 0.0131192%
[ERROR]  result[0][368][0][ 0][ 0]:      0.207553, gold:   0.207552, error: 0.000631795%
[ERROR]  result[0][369][0][ 0][ 0]:      0.251443, gold:    0.25144, error: 0.00124453%
[ERROR]  result[0][370][0][ 0][ 0]:      0.158048, gold:   0.158048, error: 6.59977e-005%
[ERROR]  result[0][371][0][ 0][ 0]:     0.0109689, gold:  0.0109672, error: 0.0152939%
[ERROR]  result[0][372][0][ 0][ 0]:      0.154575, gold:   0.154578, error: -0.00200509%
[ERROR]  result[0][373][0][ 0][ 0]:    -0.0980081, gold: -0.0980098, error: -0.00168001%
[ERROR]  result[0][374][0][ 0][ 0]:     -0.141539, gold:   -0.14154, error: -0.00054745%
[ERROR]  result[0][375][0][ 0][ 0]:      0.263394, gold:   0.263395, error: -0.000282868%
[ERROR]  result[0][376][0][ 0][ 0]:      0.126023, gold:   0.126027, error: -0.00314512%
[ERROR]  result[0][377][0][ 0][ 0]:     -0.309827, gold:  -0.309829, error: -0.000596375%
[ERROR]  result[0][378][0][ 0][ 0]:       0.20071, gold:    0.20071, error: 0.000185606%
[ERROR]  result[0][379][0][ 0][ 0]:     0.0172076, gold:  0.0172087, error: -0.00611549%
[ERROR]  result[0][380][0][ 0][ 0]:     -0.198735, gold:  -0.198732, error: 0.0011697%
[ERROR]  result[0][381][0][ 0][ 0]:    -0.0385277, gold: -0.0385282, error: -0.00122796%
[ERROR]  result[0][382][0][ 0][ 0]:    -0.0117987, gold: -0.0117963, error: 0.0205192%
[ERROR]  result[0][383][0][ 0][ 0]:       0.32312, gold:   0.323122, error: -0.000405823%
[ERROR]  result[0][384][0][ 0][ 0]:     -0.350873, gold:  -0.350873, error: 0.000195357%
[ERROR]  result[0][385][0][ 0][ 0]:      0.383984, gold:   0.383984, error: 5.43294e-005%
[ERROR]  result[0][386][0][ 0][ 0]:      0.202812, gold:   0.202813, error: -0.000786154%
[ERROR]  result[0][387][0][ 0][ 0]:     -0.108826, gold:  -0.108825, error: 0.00148567%
[ERROR]  result[0][388][0][ 0][ 0]:     -0.107023, gold:  -0.107018, error: 0.00405186%
[ERROR]  result[0][389][0][ 0][ 0]:      0.243652, gold:   0.243653, error: -0.000342482%
[ERROR]  result[0][390][0][ 0][ 0]:     -0.132593, gold:  -0.132592, error: 0.000854115%
[ERROR]  result[0][391][0][ 0][ 0]:      0.254756, gold:   0.254759, error: -0.00118152%
[ERROR]  result[0][392][0][ 0][ 0]:      0.138393, gold:   0.138392, error: 0.00127055%
[ERROR]  result[0][393][0][ 0][ 0]:    -0.0862027, gold: -0.0862021, error: 0.000691452%
[ERROR]  result[0][394][0][ 0][ 0]:     0.0122437, gold:  0.0122406, error: 0.0248416%
[ERROR]  result[0][395][0][ 0][ 0]:     -0.332356, gold:  -0.332354, error: 0.000439384%
[ERROR]  result[0][396][0][ 0][ 0]:   -0.00595198, gold: -0.00595003, error: 0.0327761%
[ERROR]  result[0][397][0][ 0][ 0]:      0.108405, gold:   0.108406, error: -0.000762887%
[ERROR]  result[0][398][0][ 0][ 0]:     -0.286957, gold:  -0.286959, error: -0.000519279%
[ERROR]  result[0][399][0][ 0][ 0]:    -0.0757884, gold: -0.0757887, error: -0.00041289%
[FAIL] There are some errors QQ, average error rate: 0.0811%
INFO: [SIM 1] CSim done with 0 errors.
INFO: [SIM 3] *************** CSIM finish ***************
