INFO: [SIM 2] *************** CSIM start ***************
INFO: [SIM 4] CSIM will launch GCC as the compiler.
   Compiling D:/23th-project/R2+1D/testbench.cpp in debug mode
   Compiling D:/23th-project/R2+1D/r2plus1d.cpp in debug mode
   Compiling D:/23th-project/R2+1D/ReLU.cpp in debug mode
   Compiling D:/23th-project/R2+1D/Conv3d.cpp in debug mode
   Compiling D:/23th-project/R2+1D/BatchNorm3d.cpp in debug mode
   Generating csim.exe
[ERROR]  result[0][ 0][0][34][40]:   0.000378968, gold: 0.000368511, error: 2.83752%
[ERROR]  result[0][ 0][0][54][41]:   0.000357908, gold: 0.000347782, error: 2.91146%
[ERROR]  result[0][ 1][0][40][14]:    0.00245234, gold: 0.00243793, error: 0.591091%
[ERROR]  result[0][ 1][0][46][52]:    0.00228917, gold: 0.00227324, error: 0.700868%
[ERROR]  result[0][ 1][0][50][ 9]:    0.00130413, gold: 0.00128772, error: 1.27417%
[ERROR]  result[0][ 1][0][55][54]:    0.00209961, gold: 0.00208411, error: 0.74416%
[ERROR]  result[0][ 3][0][ 5][48]:   0.000279013, gold: 0.00029378, error: -5.02627%
[ERROR]  result[0][ 3][0][18][45]:    0.00191678, gold: 0.00193283, error: -0.830421%
[ERROR]  result[0][ 3][0][26][16]:    0.00046177, gold: 0.000476964, error: -3.18556%
[ERROR]  result[0][ 3][0][34][10]:    0.00324981, gold: 0.00326792, error: -0.554055%
[ERROR]  result[0][ 3][0][48][44]:   0.000411517, gold: 0.000427222, error: -3.67612%
[ERROR]  result[0][ 4][0][29][ 4]:    0.00143633, gold: 0.00145158, error: -1.05064%
[ERROR]  result[0][ 4][0][30][51]:    0.00159348, gold: 0.00160788, error: -0.895236%
[ERROR]  result[0][ 4][0][35][ 3]:   0.000723038, gold: 0.000737174, error: -1.9176%
[ERROR]  result[0][ 4][0][53][ 8]:   0.000947174, gold: 0.000961424, error: -1.48219%
[ERROR]  result[0][ 5][0][ 1][44]:    0.00155137, gold: 0.00151757, error: 2.22683%
[ERROR]  result[0][ 5][0][ 4][20]:    0.00174032, gold: 0.00170663, error: 1.97361%
[ERROR]  result[0][ 5][0][12][ 6]:     0.0035895, gold: 0.00355793, error: 0.887378%
[ERROR]  result[0][ 5][0][14][37]:    0.00314547, gold: 0.00311409, error: 1.00781%
[ERROR]  result[0][ 5][0][17][49]:     0.0028421, gold: 0.00280958, error: 1.15721%
[ERROR]  result[0][ 5][0][37][ 7]:  3.83097e-005, gold: 2.53146e-006, error: 1413.34%
[ERROR]  result[0][ 5][0][44][43]:    0.00501919, gold: 0.00499007, error: 0.583609%
[ERROR]  result[0][ 5][0][45][23]:   0.000480559, gold: 0.000443774, error: 8.28919%
[ERROR]  result[0][ 6][0][53][ 0]:    0.00209169, gold: 0.00207927, error: 0.597476%
[ERROR]  result[0][ 7][0][ 5][ 4]:    0.00195252, gold: 0.00196884, error: -0.828992%
[ERROR]  result[0][ 7][0][13][ 9]:   0.000659613, gold: 0.000674517, error: -2.20969%
[ERROR]  result[0][ 7][0][24][ 4]:     0.0016143, gold:    0.00163, error: -0.963133%
[ERROR]  result[0][ 7][0][34][36]:    0.00272898, gold: 0.00274571, error: -0.609232%
[ERROR]  result[0][ 7][0][48][37]:   0.000269499, gold: 0.000284064, error: -5.12735%
[ERROR]  result[0][ 9][0][22][ 8]:    0.00160244, gold: 0.00161387, error: -0.708173%
[ERROR]  result[0][ 9][0][39][26]:    0.00193424, gold: 0.00194646, error: -0.628022%
[ERROR]  result[0][ 9][0][44][29]:   0.000172238, gold: 0.000182682, error: -5.71728%
[ERROR]  result[0][10][0][15][33]:     0.0026052, gold: 0.00259026, error: 0.577084%
[ERROR]  result[0][10][0][19][15]:      0.000508, gold: 0.000490664, error: 3.53319%
[ERROR]  result[0][10][0][26][48]:      0.001208, gold: 0.00119192, error: 1.34942%
[ERROR]  result[0][10][0][28][31]:    0.00174956, gold: 0.00173408, error: 0.892702%
[ERROR]  result[0][11][0][19][55]:   0.000525253, gold: 0.000528866, error: -0.683096%
[ERROR]  result[0][11][0][39][18]:   0.000473451, gold: 0.000476314, error: -0.601099%
[ERROR]  result[0][12][0][ 4][ 1]:   0.000742648, gold: 0.00071806, error: 3.42422%
[ERROR]  result[0][12][0][10][36]:    0.00140066, gold: 0.00137671, error: 1.73962%
[ERROR]  result[0][12][0][33][ 7]:    0.00346997, gold: 0.00344962, error: 0.589903%
[ERROR]  result[0][13][0][ 0][50]:    0.00265503, gold: 0.00263055, error: 0.930722%
[ERROR]  result[0][13][0][ 8][54]:   0.000824398, gold: 0.000797828, error: 3.33022%
[ERROR]  result[0][13][0][24][15]:    0.00219382, gold: 0.00216992, error: 1.10136%
[ERROR]  result[0][13][0][34][16]:    0.00120846, gold: 0.00118311, error: 2.14214%
[ERROR]  result[0][13][0][34][26]:    0.00202319, gold: 0.00199828, error: 1.24675%
[ERROR]  result[0][13][0][42][ 9]:    0.00157399, gold: 0.00154834, error: 1.65623%
[ERROR]  result[0][13][0][43][44]:    0.00170136, gold: 0.00167652, error: 1.48141%
[ERROR]  result[0][13][0][44][47]:     0.0023263, gold: 0.00230122, error: 1.08966%
[ERROR]  result[0][13][0][46][55]:    0.00275179, gold: 0.00272748, error: 0.891525%
[ERROR]  result[0][13][0][54][15]:   0.000219125, gold: 0.000191119, error: 14.6535%
[ERROR]  result[0][14][0][ 7][17]:    0.00277193, gold: 0.00279384, error: -0.784053%
[ERROR]  result[0][14][0][ 8][32]:     0.0034647, gold: 0.00348689, error: -0.636415%
[ERROR]  result[0][14][0][15][42]:    0.00184852, gold: 0.00186865, error: -1.07728%
[ERROR]  result[0][14][0][16][55]:    0.00125046, gold: 0.00126916, error: -1.47401%
[ERROR]  result[0][14][0][21][25]:    0.00293445, gold: 0.00295621, error: -0.736042%
[ERROR]  result[0][14][0][24][27]:    0.00190381, gold: 0.00192451, error: -1.0756%
[ERROR]  result[0][14][0][28][35]:    0.00137862, gold: 0.00139914, error: -1.46639%
[ERROR]  result[0][14][0][43][37]:    0.00295965, gold: 0.00298129, error: -0.725782%
[ERROR]  result[0][16][0][ 9][46]:  1.86275e-005, gold: 1.67673e-005, error: 11.0946%
[ERROR]  result[0][17][0][ 9][ 6]:   0.000806231, gold: 0.000816225, error: -1.22444%
[ERROR]  result[0][17][0][31][34]:    0.00119293, gold:  0.0012039, error: -0.911622%
[ERROR]  result[0][17][0][42][42]:    0.00184408, gold: 0.00185572, error: -0.627119%
[ERROR]  result[0][17][0][42][49]:    0.00172358, gold: 0.00173484, error: -0.648839%
[ERROR]  result[0][17][0][49][45]:   0.000896181, gold: 0.000905546, error: -1.03413%
[ERROR]  result[0][17][0][51][28]:    0.00178796, gold: 0.00179983, error: -0.659515%
[ERROR]  result[0][20][0][15][12]:   0.000927688, gold: 0.000953356, error: -2.69241%
[ERROR]  result[0][20][0][17][55]:    0.00275924, gold: 0.00278667, error: -0.984347%
[ERROR]  result[0][20][0][18][48]:    0.00318755, gold: 0.00321712, error: -0.919187%
[ERROR]  result[0][20][0][27][46]:    0.00434505, gold: 0.00437424, error: -0.667453%
[ERROR]  result[0][20][0][29][ 7]:    0.00189181, gold: 0.00191855, error: -1.39386%
[ERROR]  result[0][20][0][33][43]:    0.00352749, gold: 0.00355549, error: -0.787749%
[ERROR]  result[0][20][0][39][16]:    0.00194098, gold: 0.00196709, error: -1.32699%
[ERROR]  result[0][20][0][40][12]:    0.00340919, gold: 0.00343776, error: -0.831064%
[ERROR]  result[0][20][0][49][30]:    0.00278279, gold: 0.00281024, error: -0.977017%
[ERROR]  result[0][21][0][12][24]:   0.000140583, gold: 0.00013104, error: 7.28231%
[ERROR]  result[0][21][0][20][18]:   0.000448827, gold: 0.000439927, error: 2.02311%
[ERROR]  result[0][21][0][36][15]:   0.000536835, gold: 0.000529045, error: 1.4724%
[ERROR]  result[0][22][0][ 6][24]:    0.00423454, gold: 0.00421144, error: 0.548286%
[ERROR]  result[0][22][0][10][ 7]:    0.00242013, gold: 0.00239548, error: 1.02908%
[ERROR]  result[0][22][0][39][ 1]:    0.00354764, gold: 0.00352136, error: 0.746331%
[ERROR]  result[0][22][0][53][14]:    0.00396227, gold: 0.00393792, error: 0.618344%
[ERROR]  result[0][22][0][53][37]:    0.00332123, gold: 0.00329557, error: 0.778735%
[ERROR]  result[0][23][0][18][14]:    0.00184731, gold: 0.00185948, error: -0.654523%
[ERROR]  result[0][23][0][36][43]:    0.00270151, gold: 0.00271599, error: -0.532967%
[ERROR]  result[0][23][0][46][14]:   0.000300709, gold: 0.000309146, error: -2.72932%
[ERROR]  result[0][23][0][51][54]:   0.000876541, gold: 0.000885987, error: -1.06608%
[ERROR]  result[0][24][0][13][10]:    0.00124538, gold: 0.00126966, error: -1.91235%
[ERROR]  result[0][24][0][26][25]:    0.00266235, gold: 0.00268838, error: -0.968337%
[ERROR]  result[0][24][0][35][14]:    0.00209906, gold:  0.0021237, error: -1.16024%
[ERROR]  result[0][24][0][42][ 1]:    0.00521319, gold: 0.00524225, error: -0.554272%
[ERROR]  result[0][25][0][49][47]:    0.00495282, gold:  0.0049786, error: -0.517778%
[ERROR]  result[0][25][0][54][25]:    0.00102452, gold: 0.00104546, error: -2.00301%
[ERROR]  result[0][26][0][34][40]:   0.000920201, gold: 0.000925961, error: -0.622031%
[ERROR]  result[0][28][0][ 0][35]:     0.0002237, gold: 0.000238688, error: -6.27908%
[ERROR]  result[0][28][0][ 5][46]:   0.000587026, gold: 0.000602727, error: -2.60509%
[ERROR]  result[0][28][0][26][42]:   0.000472473, gold: 0.000487293, error: -3.04122%
[ERROR]  result[0][28][0][38][ 2]:     0.0035714, gold:  0.0035899, error: -0.515265%
[ERROR]  result[0][28][0][48][53]:    0.00301695, gold: 0.00303542, error: -0.608406%
[ERROR]  result[0][29][0][20][39]:   0.000222832, gold: 0.000225915, error: -1.36463%
[ERROR]  result[0][29][0][49][49]:  4.16369e-006, gold: 6.29879e-006, error: -33.8969%
[ERROR]  result[0][29][0][53][ 8]:   0.000605223, gold: 0.000608791, error: -0.586187%
[ERROR]  result[0][31][0][ 3][43]:    0.00409738, gold: 0.00407241, error: 0.613109%
[ERROR]  result[0][31][0][13][ 2]:    0.00353142, gold: 0.00350547, error: 0.740135%
[ERROR]  result[0][31][0][18][18]:    0.00491082, gold: 0.00488602, error: 0.507402%
[ERROR]  result[0][31][0][19][43]:    0.00407044, gold: 0.00404627, error: 0.597274%
[ERROR]  result[0][31][0][24][ 8]:    0.00454004, gold: 0.00451641, error: 0.523027%
[ERROR]  result[0][32][0][ 6][45]:   0.000980826, gold: 0.000992443, error: -1.17053%
[ERROR]  result[0][32][0][14][ 0]:     0.0010929, gold: 0.00110465, error: -1.06318%
[ERROR]  result[0][32][0][49][50]:    0.00136343, gold: 0.00137434, error: -0.794079%
[ERROR]  result[0][33][0][12][50]:   0.000515181, gold: 0.000528023, error: -2.43214%
[ERROR]  result[0][33][0][19][32]:  6.06808e-005, gold: 7.25078e-005, error: -16.3113%
[ERROR]  result[0][33][0][39][23]:    0.00245322, gold: 0.00246869, error: -0.626759%
[ERROR]  result[0][34][0][11][40]:   0.000139725, gold: 0.000133768, error: 4.45304%
[ERROR]  result[0][35][0][11][45]:    0.00267886, gold:  0.0027123, error: -1.23291%
[ERROR]  result[0][35][0][12][49]:    0.00244212, gold: 0.00247485, error: -1.32225%
[ERROR]  result[0][35][0][21][46]:    0.00439988, gold: 0.00443501, error: -0.792085%
[ERROR]  result[0][35][0][22][19]:    0.00689027, gold: 0.00692713, error: -0.532022%
[ERROR]  result[0][35][0][22][39]:    0.00712819, gold:  0.0071655, error: -0.520737%
[ERROR]  result[0][35][0][22][41]:    0.00548414, gold: 0.00552152, error: -0.676938%
[ERROR]  result[0][35][0][25][44]:    0.00242525, gold:  0.0024578, error: -1.32461%
[ERROR]  result[0][35][0][28][21]:    0.00266708, gold: 0.00270017, error: -1.22563%
[ERROR]  result[0][35][0][31][13]:   0.000788952, gold: 0.000819732, error: -3.75495%
[ERROR]  result[0][35][0][39][24]:    0.00442111, gold:  0.0044563, error: -0.789668%
[ERROR]  result[0][36][0][22][35]:    0.00187892, gold:  0.0018661, error: 0.686902%
[ERROR]  result[0][36][0][32][39]:   0.000345005, gold: 0.000329627, error: 4.66544%
[ERROR]  result[0][36][0][35][36]:   0.000960057, gold: 0.000946551, error: 1.42683%
[ERROR]  result[0][36][0][49][16]:    0.00144452, gold: 0.00143023, error: 0.998451%
[ERROR]  result[0][38][0][17][39]:    0.00145023, gold:  0.0014394, error: 0.752162%
[ERROR]  result[0][38][0][25][19]:   0.000800827, gold: 0.000790654, error: 1.28677%
[ERROR]  result[0][38][0][45][12]:   0.000224758, gold: 0.000213933, error: 5.06006%
[ERROR]  result[0][39][0][24][22]:   0.000383585, gold: 0.000389968, error: -1.63658%
[ERROR]  result[0][39][0][33][20]:   0.000142843, gold: 0.000148882, error: -4.05648%
[ERROR]  result[0][40][0][36][ 0]:   0.000913715, gold: 0.000926936, error: -1.42623%
[ERROR]  result[0][40][0][50][ 0]:    0.00220997, gold: 0.00222643, error: -0.739185%
[ERROR]  result[0][41][0][34][12]:    0.00442897, gold: 0.00445214, error: -0.520307%
[ERROR]  result[0][41][0][47][47]:    0.00229091, gold: 0.00231117, error: -0.876351%
[ERROR]  result[0][41][0][51][ 2]:    0.00206669, gold: 0.00208635, error: -0.942715%
[ERROR]  result[0][41][0][54][32]:    0.00403758, gold: 0.00405984, error: -0.548252%
[ERROR]  result[0][41][0][55][31]:    0.00211486, gold: 0.00213485, error: -0.936566%
[ERROR]  result[0][43][0][10][ 5]:    0.00122151, gold: 0.00120792, error: 1.12518%
[ERROR]  result[0][43][0][12][39]:   0.000524999, gold: 0.000512072, error: 2.52436%
[ERROR]  result[0][43][0][26][54]:   0.000727526, gold: 0.000713884, error: 1.91089%
[ERROR]  result[0][43][0][29][26]:    0.00118888, gold: 0.00117491, error: 1.18954%
[ERROR]  result[0][43][0][37][40]:    0.00129821, gold: 0.00128351, error: 1.14551%
[ERROR]  result[0][44][0][ 0][21]:  2.42557e-005, gold: 2.86784e-005, error: -15.4218%
[ERROR]  result[0][45][0][55][20]:  1.45753e-005, gold: 1.40565e-005, error: 3.69114%
[ERROR]  result[0][46][0][27][25]:   0.000128731, gold: 0.000127422, error: 1.02781%
[ERROR]  result[0][50][0][19][43]:  7.46635e-005, gold: 7.42544e-005, error: 0.550882%
[ERROR]  result[0][55][0][43][29]:   0.000166721, gold: 0.000168581, error: -1.10329%
[FAIL] There are some errors QQ


=======================================
==> Total
[FAIL] There are some errors QQ
INFO: [SIM 1] CSim done with 0 errors.
INFO: [SIM 3] *************** CSIM finish ***************
