INFO: [SIM 2] *************** CSIM start ***************
INFO: [SIM 4] CSIM will launch GCC as the compiler.
   Compiling ../../../../../23th-project/R2+1D/testbench.cpp in debug mode
   Generating csim.exe
[ERROR]  result[0][ 0][0][10][39]:    0.00039834, gold: 0.000401553, error: -0.800116%
[ERROR]  result[0][ 0][0][34][18]:   0.000154661, gold: 0.000157506, error: -1.80641%
[ERROR]  result[0][ 0][0][47][54]:   0.000206078, gold: 0.000209692, error: -1.72344%
[ERROR]  result[0][ 0][0][48][35]:  6.27736e-005, gold: 6.62688e-005, error: -5.27427%
[ERROR]  result[0][ 2][0][12][32]:   0.000174989, gold: 0.000178249, error: -1.82896%
[ERROR]  result[0][ 2][0][18][33]:   0.000482362, gold: 0.000485289, error: -0.603158%
[ERROR]  result[0][ 2][0][45][45]:  5.54844e-005, gold: 5.83539e-005, error: -4.91754%
[ERROR]  result[0][ 2][0][54][45]:   0.000355594, gold: 0.000358579, error: -0.832422%
[ERROR]  result[0][ 4][0][ 2][ 5]:   0.000488616, gold: 0.000479906, error: 1.81509%
[ERROR]  result[0][ 4][0][22][31]:   0.000236206, gold: 0.000226487, error: 4.2915%
[ERROR]  result[0][ 4][0][37][43]:   0.000739005, gold: 0.000729444, error: 1.31068%
[ERROR]  result[0][ 4][0][54][54]:   0.000615582, gold: 0.000606043, error: 1.57394%
[ERROR]  result[0][ 8][0][31][10]:   0.000140881, gold: 0.000136138, error: 3.48402%
[ERROR]  result[0][ 9][0][ 0][30]:   0.000921514, gold: 0.000915644, error: 0.641061%
[ERROR]  result[0][ 9][0][35][37]:    0.00074077, gold: 0.000735178, error: 0.760737%
[ERROR]  result[0][ 9][0][50][33]:   0.000589813, gold: 0.000584404, error: 0.925639%
[ERROR]  result[0][10][0][ 5][30]:   0.000228575, gold: 0.000230934, error: -1.02127%
[ERROR]  result[0][10][0][30][46]:  4.38031e-006, gold: 6.7173e-006, error: -34.7906%
[ERROR]  result[0][12][0][44][17]:   0.000398488, gold: 0.000392641, error: 1.48932%
[ERROR]  result[0][17][0][17][39]:    0.00013748, gold: 0.000136214, error: 0.929237%
[ERROR]  result[0][17][0][40][43]:  9.56713e-005, gold: 9.6323e-005, error: -0.676631%
[ERROR]  result[0][18][0][14][50]:    0.00231175, gold: 0.00232512, error: -0.575257%
[ERROR]  result[0][18][0][37][47]:   0.000261589, gold: 0.000275222, error: -4.95367%
[ERROR]  result[0][18][0][42][32]:    0.00122397, gold: 0.00123726, error: -1.07448%
[ERROR]  result[0][19][0][ 0][55]:    0.00117448, gold: 0.00118178, error: -0.617519%
[ERROR]  result[0][19][0][39][14]:    0.00139414, gold: 0.00140135, error: -0.514327%
[ERROR]  result[0][21][0][43][ 9]:   0.000448102, gold: 0.000450672, error: -0.570166%
[ERROR]  result[0][21][0][47][43]:   0.000234862, gold: 0.000236291, error: -0.604621%
[ERROR]  result[0][24][0][16][23]:    0.00030497, gold: 0.000301907, error: 1.01455%
[ERROR]  result[0][24][0][21][36]:   0.000180926, gold: 0.000177642, error: 1.84836%
[ERROR]  result[0][26][0][ 6][ 6]:   0.000990381, gold: 0.000982202, error: 0.832743%
[ERROR]  result[0][28][0][23][23]:   0.000487588, gold: 0.000490819, error: -0.658327%
[ERROR]  result[0][28][0][47][53]:    0.00044927, gold: 0.000454171, error: -1.079%
[ERROR]  result[0][30][0][14][54]:   0.000364539, gold: 0.000369247, error: -1.27512%
[ERROR]  result[0][31][0][26][48]:    0.00111858, gold:  0.0011267, error: -0.721109%
[ERROR]  result[0][32][0][11][ 8]:   0.000342252, gold: 0.000344001, error: -0.508351%
[ERROR]  result[0][32][0][23][20]:   0.000103559, gold: 0.000106562, error: -2.81822%
[ERROR]  result[0][32][0][42][35]:  2.49535e-005, gold: 2.67886e-005, error: -6.85019%
[ERROR]  result[0][32][0][45][43]:  8.34127e-005, gold: 8.5253e-005, error: -2.15858%
[ERROR]  result[0][33][0][36][ 4]:   0.000360586, gold: 0.000357246, error: 0.934974%
[ERROR]  result[0][33][0][53][14]:   0.000671145, gold: 0.000666549, error: 0.68963%
[ERROR]  result[0][34][0][ 8][30]:   0.000353761, gold: 0.000349929, error: 1.09523%
[ERROR]  result[0][35][0][ 6][49]:   0.000246104, gold: 0.00024298, error: 1.28582%
[ERROR]  result[0][35][0][51][53]:  3.32997e-005, gold: 2.99451e-005, error: 11.2024%
[ERROR]  result[0][37][0][ 1][33]:   0.000142682, gold: 0.000139156, error: 2.53434%
[ERROR]  result[0][38][0][11][53]:  9.81726e-005, gold: 9.24663e-005, error: 6.17118%
[ERROR]  result[0][38][0][31][41]:   0.000513398, gold: 0.000507501, error: 1.16188%
[ERROR]  result[0][39][0][24][13]:    0.00133158, gold: 0.00134262, error: -0.822479%
[ERROR]  result[0][39][0][26][47]:    0.00147226, gold: 0.00148249, error: -0.690087%
[ERROR]  result[0][43][0][43][47]:   0.000629496, gold: 0.000624679, error: 0.771009%
[ERROR]  result[0][44][0][ 2][ 9]:   0.000168974, gold: 0.000171697, error: -1.58602%
[ERROR]  result[0][46][0][27][23]:  3.56668e-005, gold: 3.66277e-005, error: -2.62344%
[ERROR]  result[0][62][0][12][54]:  5.97284e-005, gold: 6.0109e-005, error: -0.633192%


=======================================
==> Total
[FAIL] There are some errors QQ, error rate: 0.026407%
INFO: [SIM 1] CSim done with 0 errors.
INFO: [SIM 3] *************** CSIM finish ***************
