INFO: [SIM 2] *************** CSIM start ***************
INFO: [SIM 4] CSIM will launch GCC as the compiler.
   Compiling D:/23th-project/R2+1D/testbench.cpp in debug mode
   Compiling D:/23th-project/R2+1D/r2plus1d.cpp in debug mode
   Compiling D:/23th-project/R2+1D/ReLU.cpp in debug mode
   Compiling D:/23th-project/R2+1D/Conv3d.cpp in debug mode
   Compiling D:/23th-project/R2+1D/BatchNorm3d.cpp in debug mode
   Generating csim.exe
==> Conv3d1
[PASS] Congratulation! All results are correct
==> BatchNorm3d1
[PASS] Congratulation! All results are correct
==> ReLU1
[PASS] Congratulation! All results are correct
==> Conv3d2
[PASS] Congratulation! All results are correct
==> BatchNorm3d2
[ERROR]  result[0][ 0][0][ 5][24]:     -0.001181, gold: -0.00119355, error: -1.05169%
[ERROR]  result[0][ 0][0][11][43]:   -0.00257464, gold: -0.00258877, error: -0.545551%
[ERROR]  result[0][ 0][0][21][50]:   -0.00142794, gold: -0.00144077, error: -0.890548%
[ERROR]  result[0][ 0][0][31][ 0]:   -0.00110747, gold: -0.00111994, error: -1.11341%
[ERROR]  result[0][ 0][0][34][40]:   0.000379306, gold: 0.000368511, error: 2.92913%
[ERROR]  result[0][ 0][0][44][54]:   -0.00261187, gold: -0.00262604, error: -0.539404%
[ERROR]  result[0][ 0][0][48][48]:   -0.00181448, gold: -0.00182775, error: -0.72583%
[ERROR]  result[0][ 0][0][54][41]:     0.0003586, gold: 0.000347782, error: 3.11043%
[ERROR]  result[0][ 1][0][13][29]:   -0.00131024, gold: -0.00132961, error: -1.45681%
[ERROR]  result[0][ 1][0][21][48]:  -0.000137902, gold: -0.000155812, error: -11.4948%
[ERROR]  result[0][ 1][0][37][16]:   -0.00294981, gold: -0.00297122, error: -0.720625%
[ERROR]  result[0][ 1][0][40][14]:    0.00245261, gold: 0.00243793, error: 0.60236%
[ERROR]  result[0][ 1][0][46][52]:    0.00228812, gold: 0.00227324, error: 0.655003%
[ERROR]  result[0][ 1][0][50][ 9]:    0.00130384, gold: 0.00128772, error: 1.25144%
[ERROR]  result[0][ 1][0][51][48]:   -0.00048455, gold: -0.000502892, error: -3.64728%
[ERROR]  result[0][ 1][0][55][54]:    0.00209923, gold: 0.00208411, error: 0.725727%
[ERROR]  result[0][ 2][0][ 1][15]:   -0.00270131, gold: -0.00271531, error: -0.515513%
[ERROR]  result[0][ 2][0][15][45]:   -0.00224477, gold: -0.00225818, error: -0.593877%
[ERROR]  result[0][ 2][0][21][51]:   -0.00125003, gold: -0.00126216, error: -0.96117%
[ERROR]  result[0][ 3][0][ 5][48]:   0.000278814, gold: 0.00029378, error: -5.09405%
[ERROR]  result[0][ 3][0][18][45]:    0.00191612, gold: 0.00193283, error: -0.864758%
[ERROR]  result[0][ 3][0][24][23]:   -0.00137097, gold: -0.00135777, error: 0.972406%
[ERROR]  result[0][ 3][0][26][16]:   0.000461803, gold: 0.000476964, error: -3.17859%
[ERROR]  result[0][ 3][0][34][10]:    0.00324978, gold: 0.00326792, error: -0.55506%
[ERROR]  result[0][ 3][0][41][27]:  -0.000388083, gold: -0.00037383, error: 3.81266%
[ERROR]  result[0][ 3][0][48][13]:  -0.000924933, gold: -0.000911254, error: 1.50116%
[ERROR]  result[0][ 3][0][48][44]:   0.000412114, gold: 0.000427222, error: -3.53626%
[ERROR]  result[0][ 4][0][ 3][42]:   -0.00183146, gold: -0.00182171, error: 0.535201%
[ERROR]  result[0][ 4][0][ 9][28]:  -0.000615255, gold: -0.000603604, error: 1.93017%
[ERROR]  result[0][ 4][0][21][52]:    -0.0012923, gold: -0.00128171, error: 0.826427%
[ERROR]  result[0][ 4][0][29][ 4]:    0.00143672, gold: 0.00145158, error: -1.02354%
[ERROR]  result[0][ 4][0][30][51]:    0.00159277, gold: 0.00160788, error: -0.939214%
[ERROR]  result[0][ 4][0][35][ 3]:   0.000723431, gold: 0.000737174, error: -1.86425%
[ERROR]  result[0][ 4][0][53][ 8]:   0.000947332, gold: 0.000961424, error: -1.46581%
[ERROR]  result[0][ 5][0][ 0][23]:   -0.00810213, gold: -0.00814985, error: -0.585487%
[ERROR]  result[0][ 5][0][ 1][44]:    0.00155164, gold: 0.00151757, error: 2.24476%
[ERROR]  result[0][ 5][0][ 2][14]:   -0.00904427, gold: -0.00909332, error: -0.539386%
[ERROR]  result[0][ 5][0][ 3][ 5]:   -0.00685216, gold: -0.0068981, error: -0.666106%
[ERROR]  result[0][ 5][0][ 4][20]:    0.00174043, gold: 0.00170663, error: 1.98045%
[ERROR]  result[0][ 5][0][ 9][48]:   -0.00601326, gold: -0.00605803, error: -0.738898%
[ERROR]  result[0][ 5][0][10][23]:   -0.00713352, gold: -0.00717987, error: -0.645511%
[ERROR]  result[0][ 5][0][12][ 6]:    0.00358912, gold: 0.00355793, error: 0.876489%
[ERROR]  result[0][ 5][0][14][30]:   -0.00624987, gold: -0.00629497, error: -0.716404%
[ERROR]  result[0][ 5][0][14][37]:     0.0031459, gold: 0.00311409, error: 1.02154%
[ERROR]  result[0][ 5][0][15][ 3]:   -0.00566428, gold: -0.00570855, error: -0.775486%
[ERROR]  result[0][ 5][0][15][39]:   -0.00999654, gold: -0.0100469, error: -0.501594%
[ERROR]  result[0][ 5][0][17][49]:    0.00284183, gold: 0.00280958, error: 1.14756%
[ERROR]  result[0][ 5][0][19][48]:   -0.00527028, gold: -0.00531399, error: -0.822594%
[ERROR]  result[0][ 5][0][20][ 5]:   -0.00235933, gold: -0.00239892, error: -1.65058%
[ERROR]  result[0][ 5][0][20][21]:   -0.00696281, gold: -0.00700892, error: -0.657813%
[ERROR]  result[0][ 5][0][21][46]:   -0.00773254, gold: -0.00777973, error: -0.606625%
[ERROR]  result[0][ 5][0][27][ 7]:   -0.00960378, gold: -0.00965362, error: -0.51628%
[ERROR]  result[0][ 5][0][32][ 9]:   -0.00307991, gold: -0.00312053, error: -1.30154%
[ERROR]  result[0][ 5][0][37][ 7]:  3.87366e-005, gold: 2.53146e-006, error: 1430.21%
[ERROR]  result[0][ 5][0][37][44]:   -0.00636313, gold: -0.00640839, error: -0.706224%
[ERROR]  result[0][ 5][0][41][29]:   -0.00232812, gold: -0.00236767, error: -1.6705%
[ERROR]  result[0][ 5][0][44][43]:    0.00501923, gold: 0.00499007, error: 0.584411%
[ERROR]  result[0][ 5][0][45][23]:   0.000479356, gold: 0.000443774, error: 8.01807%
[ERROR]  result[0][ 5][0][55][32]:   -0.00873531, gold: -0.00878392, error: -0.553413%
[ERROR]  result[0][ 6][0][ 7][47]:   -0.00313835, gold: -0.00315849, error: -0.637789%
[ERROR]  result[0][ 6][0][ 9][28]:   -0.00339145, gold: -0.00341194, error: -0.60064%
[ERROR]  result[0][ 6][0][11][ 4]:   -0.00244385, gold: -0.00246304, error: -0.778992%
[ERROR]  result[0][ 6][0][26][33]:   -0.00128241, gold:    -0.0013, error: -1.35274%
[ERROR]  result[0][ 6][0][42][ 0]:  -0.000447181, gold: -0.000463615, error: -3.54474%
[ERROR]  result[0][ 6][0][42][19]:   -0.00299417, gold: -0.00301412, error: -0.661741%
[ERROR]  result[0][ 6][0][44][13]:   -0.00193078, gold: -0.00194926, error: -0.948028%
[ERROR]  result[0][ 6][0][45][55]:   -0.00381073, gold: -0.0038318, error: -0.549915%
[ERROR]  result[0][ 6][0][53][ 0]:     0.0020922, gold: 0.00207927, error: 0.621977%
[ERROR]  result[0][ 7][0][ 0][14]:   -0.00160219, gold: -0.0015893, error: 0.810488%
[ERROR]  result[0][ 7][0][ 2][31]:    -0.0018348, gold: -0.00182216, error: 0.693587%
[ERROR]  result[0][ 7][0][ 3][36]:   -0.00156483, gold: -0.00155191, error: 0.832523%
[ERROR]  result[0][ 7][0][ 5][ 2]:   -0.00115486, gold: -0.00114151, error: 1.16932%
[ERROR]  result[0][ 7][0][ 5][ 4]:    0.00195225, gold: 0.00196884, error: -0.842657%
[ERROR]  result[0][ 7][0][13][ 9]:   0.000659276, gold: 0.000674517, error: -2.25957%
[ERROR]  result[0][ 7][0][16][54]:   -0.00192634, gold: -0.0019138, error: 0.65539%
[ERROR]  result[0][ 7][0][24][ 4]:    0.00161376, gold:    0.00163, error: -0.996158%
[ERROR]  result[0][ 7][0][25][ 8]:  -0.000603209, gold: -0.000589285, error: 2.36281%
[ERROR]  result[0][ 7][0][34][36]:    0.00272831, gold: 0.00274571, error: -0.63373%
[ERROR]  result[0][ 7][0][36][ 9]:   -0.00196847, gold: -0.00195597, error: 0.639007%
[ERROR]  result[0][ 7][0][44][ 3]:   -0.00195064, gold: -0.00193812, error: 0.645855%
[ERROR]  result[0][ 7][0][48][37]:    0.00026923, gold: 0.000284064, error: -5.22212%
[ERROR]  result[0][ 8][0][10][ 8]:  -0.000672052, gold: -0.000684199, error: -1.77531%
[ERROR]  result[0][ 8][0][20][45]:  -0.000599316, gold: -0.00061135, error: -1.96852%
[ERROR]  result[0][ 8][0][22][35]: -6.75991e-005, gold: -7.88142e-005, error: -14.2298%
[ERROR]  result[0][ 8][0][40][44]:  -0.000838503, gold: -0.000850906, error: -1.45764%
[ERROR]  result[0][ 8][0][41][54]:   -0.00105457, gold: -0.00106731, error: -1.1933%
[ERROR]  result[0][ 9][0][22][ 8]:    0.00160238, gold: 0.00161387, error: -0.711505%
[ERROR]  result[0][ 9][0][39][26]:     0.0019346, gold: 0.00194646, error: -0.609445%
[ERROR]  result[0][ 9][0][44][29]:   0.000172834, gold: 0.000182682, error: -5.39105%
[ERROR]  result[0][ 9][0][53][ 5]:   -0.00133473, gold: -0.0013266, error: 0.612465%
[ERROR]  result[0][10][0][ 7][25]:   -0.00441997, gold: -0.00444539, error: -0.571828%
[ERROR]  result[0][10][0][15][33]:    0.00260472, gold: 0.00259026, error: 0.558577%
[ERROR]  result[0][10][0][19][15]:   0.000508401, gold: 0.000490664, error: 3.61486%
[ERROR]  result[0][10][0][21][29]:  -0.000857561, gold: -0.000877427, error: -2.26416%
[ERROR]  result[0][10][0][26][48]:    0.00120856, gold: 0.00119192, error: 1.3965%
[ERROR]  result[0][10][0][27][16]:   -0.00102786, gold: -0.00104799, error: -1.921%
[ERROR]  result[0][10][0][28][27]:   -0.00523188, gold: -0.00525856, error: -0.507479%
[ERROR]  result[0][10][0][28][31]:    0.00174989, gold: 0.00173408, error: 0.911218%
[ERROR]  result[0][10][0][29][ 1]:   -0.00166009, gold: -0.00168121, error: -1.2561%
[ERROR]  result[0][10][0][32][ 9]:   -0.00413946, gold: -0.00416444, error: -0.599917%
[ERROR]  result[0][10][0][44][29]:   -0.00121962, gold: -0.00124005, error: -1.64758%
[ERROR]  result[0][10][0][44][42]:   -0.00274426, gold: -0.00276707, error: -0.824261%
[ERROR]  result[0][10][0][45][47]:   -0.00238116, gold: -0.0024034, error: -0.925431%
[ERROR]  result[0][10][0][48][24]:   -0.00116675, gold: -0.0011871, error: -1.71412%
[ERROR]  result[0][11][0][19][55]:    0.00052492, gold: 0.000528866, error: -0.745963%
[ERROR]  result[0][11][0][39][18]:   0.000472453, gold: 0.000476314, error: -0.810557%
[ERROR]  result[0][11][0][43][38]:  -0.000442187, gold: -0.000439797, error: 0.543421%
[ERROR]  result[0][11][0][46][21]:  -0.000177939, gold: -0.000175124, error: 1.60737%
[ERROR]  result[0][12][0][ 2][26]:   -0.00255625, gold: -0.00258582, error: -1.14328%
[ERROR]  result[0][12][0][ 4][ 1]:   0.000742648, gold: 0.00071806, error: 3.42424%
[ERROR]  result[0][12][0][10][36]:     0.0014003, gold: 0.00137671, error: 1.71397%
[ERROR]  result[0][12][0][11][ 3]:   -0.00433333, gold: -0.00436557, error: -0.738582%
[ERROR]  result[0][12][0][13][14]:   -0.00567822, gold: -0.0057125, error: -0.599935%
[ERROR]  result[0][12][0][16][41]:    -0.0016616, gold: -0.00168982, error: -1.66965%
[ERROR]  result[0][12][0][19][ 0]:   -0.00504061, gold: -0.00507392, error: -0.656488%
[ERROR]  result[0][12][0][19][12]:   -0.00579052, gold: -0.00582496, error: -0.591262%
[ERROR]  result[0][12][0][30][48]:   -0.00559103, gold: -0.00562517, error: -0.606914%
[ERROR]  result[0][12][0][33][ 7]:    0.00347009, gold: 0.00344962, error: 0.593541%
[ERROR]  result[0][12][0][33][21]:   -0.00233464, gold: -0.00236387, error: -1.23649%
[ERROR]  result[0][12][0][34][19]:   -0.00181136, gold: -0.0018398, error: -1.54581%
[ERROR]  result[0][12][0][38][53]:   -0.00286913, gold: -0.00289917, error: -1.03599%
[ERROR]  result[0][12][0][39][ 4]:   -0.00174036, gold: -0.00176869, error: -1.6019%
[ERROR]  result[0][12][0][43][15]:  -0.000807911, gold: -0.000834837, error: -3.22536%
[ERROR]  result[0][13][0][ 0][50]:    0.00265474, gold: 0.00263055, error: 0.91972%
[ERROR]  result[0][13][0][ 8][31]:   -0.00469297, gold: -0.00472682, error: -0.716152%
[ERROR]  result[0][13][0][ 8][54]:   0.000824428, gold: 0.000797828, error: 3.334%
[ERROR]  result[0][13][0][13][26]:   -0.00234516, gold: -0.00237592, error: -1.29488%
[ERROR]  result[0][13][0][16][35]:   -0.00255128, gold: -0.00258232, error: -1.20188%
[ERROR]  result[0][13][0][22][48]:   -0.00143416, gold: -0.00146373, error: -2.02006%
[ERROR]  result[0][13][0][24][15]:    0.00219472, gold: 0.00216992, error: 1.14283%
[ERROR]  result[0][13][0][34][16]:    0.00120921, gold: 0.00118311, error: 2.20552%
[ERROR]  result[0][13][0][34][26]:     0.0020233, gold: 0.00199828, error: 1.25228%
[ERROR]  result[0][13][0][35][43]:   -0.00207119, gold: -0.0021016, error: -1.44677%
[ERROR]  result[0][13][0][41][37]:   -0.00463984, gold: -0.00467362, error: -0.722809%
[ERROR]  result[0][13][0][42][ 9]:    0.00157396, gold: 0.00154834, error: 1.65431%
[ERROR]  result[0][13][0][43][44]:    0.00170197, gold: 0.00167652, error: 1.5178%
[ERROR]  result[0][13][0][44][47]:    0.00232585, gold: 0.00230122, error: 1.07013%
[ERROR]  result[0][13][0][46][55]:    0.00275154, gold: 0.00272748, error: 0.882382%
[ERROR]  result[0][13][0][50][34]:   -0.00735535, gold: -0.0073927, error: -0.505231%
[ERROR]  result[0][13][0][53][21]:   -0.00701195, gold: -0.00704884, error: -0.523476%
[ERROR]  result[0][13][0][54][15]:   0.000218515, gold: 0.000191119, error: 14.3345%
[ERROR]  result[0][14][0][ 6][13]:   -0.00165542, gold: -0.00164081, error: 0.890927%
[ERROR]  result[0][14][0][ 7][17]:    0.00277226, gold: 0.00279384, error: -0.772544%
[ERROR]  result[0][14][0][ 8][32]:    0.00346422, gold: 0.00348689, error: -0.650211%
[ERROR]  result[0][14][0][15][42]:    0.00184852, gold: 0.00186865, error: -1.07727%
[ERROR]  result[0][14][0][16][55]:    0.00124997, gold: 0.00126916, error: -1.51193%
[ERROR]  result[0][14][0][21][25]:    0.00293437, gold: 0.00295621, error: -0.738736%
[ERROR]  result[0][14][0][24][27]:     0.0019043, gold: 0.00192451, error: -1.05056%
[ERROR]  result[0][14][0][28][35]:    0.00137975, gold: 0.00139914, error: -1.38606%
[ERROR]  result[0][14][0][29][11]:   -0.00240083, gold: -0.00238739, error: 0.563198%
[ERROR]  result[0][14][0][41][17]:   -0.00261006, gold: -0.00259694, error: 0.505075%
[ERROR]  result[0][14][0][43][37]:    0.00295941, gold: 0.00298129, error: -0.733841%
[ERROR]  result[0][16][0][ 6][13]:  -0.000218103, gold: -0.000219994, error: -0.859335%
[ERROR]  result[0][16][0][ 9][46]:  1.83342e-005, gold: 1.67673e-005, error: 9.34508%
[ERROR]  result[0][17][0][ 5][39]:  -0.000866668, gold: -0.000859908, error: 0.786226%
[ERROR]  result[0][17][0][ 7][28]: -7.87843e-005, gold: -7.06182e-005, error: 11.5636%
[ERROR]  result[0][17][0][ 9][ 6]:    0.00080648, gold: 0.000816225, error: -1.1939%
[ERROR]  result[0][17][0][31][34]:    0.00119347, gold:  0.0012039, error: -0.866773%
[ERROR]  result[0][17][0][42][42]:    0.00184412, gold: 0.00185572, error: -0.624861%
[ERROR]  result[0][17][0][42][49]:    0.00172346, gold: 0.00173484, error: -0.655993%
[ERROR]  result[0][17][0][49][45]:   0.000895642, gold: 0.000905546, error: -1.0937%
[ERROR]  result[0][17][0][51][28]:    0.00178834, gold: 0.00179983, error: -0.638733%
[ERROR]  result[0][17][0][55][14]:    0.00247527, gold: 0.00248799, error: -0.511312%
[ERROR]  result[0][18][0][34][51]:   -0.00128747, gold: -0.00129404, error: -0.507649%
[ERROR]  result[0][20][0][ 2][55]:  -0.000425127, gold: -0.000401242, error: 5.95271%
[ERROR]  result[0][20][0][12][55]:   -0.00361476, gold: -0.00359442, error: 0.565717%
[ERROR]  result[0][20][0][15][12]:   0.000927965, gold: 0.000953356, error: -2.66333%
[ERROR]  result[0][20][0][15][30]:   -0.00322939, gold: -0.00320862, error: 0.647105%
[ERROR]  result[0][20][0][17][55]:    0.00275924, gold: 0.00278667, error: -0.984313%
[ERROR]  result[0][20][0][18][48]:    0.00318921, gold: 0.00321712, error: -0.867491%
[ERROR]  result[0][20][0][27][46]:    0.00434505, gold: 0.00437424, error: -0.667421%
[ERROR]  result[0][20][0][29][ 7]:    0.00189208, gold: 0.00191855, error: -1.37939%
[ERROR]  result[0][20][0][32][14]:   -0.00144105, gold: -0.0014183, error: 1.60431%
[ERROR]  result[0][20][0][33][ 7]:  -0.000868262, gold: -0.00084487, error: 2.76865%
[ERROR]  result[0][20][0][33][43]:    0.00352721, gold: 0.00355549, error: -0.795509%
[ERROR]  result[0][20][0][39][16]:    0.00194057, gold: 0.00196709, error: -1.34809%
[ERROR]  result[0][20][0][40][12]:     0.0034096, gold: 0.00343776, error: -0.818947%
[ERROR]  result[0][20][0][49][30]:    0.00278279, gold: 0.00281024, error: -0.976992%
[ERROR]  result[0][20][0][52][ 4]:   -0.00175051, gold: -0.00172811, error: 1.29676%
[ERROR]  result[0][21][0][12][24]:   0.000140294, gold: 0.00013104, error: 7.06251%
[ERROR]  result[0][21][0][20][18]:   0.000448827, gold: 0.000439927, error: 2.02315%
[ERROR]  result[0][21][0][22][37]:   -0.00205948, gold: -0.00207126, error: -0.568785%
[ERROR]  result[0][21][0][31][31]:   -0.00202534, gold: -0.00203708, error: -0.576407%
[ERROR]  result[0][21][0][36][15]:   0.000537844, gold: 0.000529045, error: 1.66302%
[ERROR]  result[0][21][0][38][17]:   -0.00083759, gold: -0.000847968, error: -1.22384%
[ERROR]  result[0][21][0][55][ 0]:   -0.00134965, gold: -0.00136062, error: -0.805948%
[ERROR]  result[0][22][0][ 2][14]:   -0.00610579, gold: -0.00614655, error: -0.663087%
[ERROR]  result[0][22][0][ 6][24]:    0.00423581, gold: 0.00421144, error: 0.578493%
[ERROR]  result[0][22][0][10][ 7]:    0.00242272, gold: 0.00239548, error: 1.13702%
[ERROR]  result[0][22][0][22][ 0]:   -0.00467443, gold: -0.00471291, error: -0.816646%
[ERROR]  result[0][22][0][30][31]:  -0.000314331, gold: -0.000345907, error: -9.12846%
[ERROR]  result[0][22][0][32][55]:   -0.00078872, gold: -0.000821048, error: -3.93741%
[ERROR]  result[0][22][0][34][15]:   -0.00702813, gold: -0.00707034, error: -0.597124%
[ERROR]  result[0][22][0][39][ 1]:    0.00354681, gold: 0.00352136, error: 0.722878%
[ERROR]  result[0][22][0][39][22]:   -0.00304263, gold: -0.00307853, error: -1.16617%
[ERROR]  result[0][22][0][39][23]:   -0.00375534, gold: -0.00379237, error: -0.976456%
[ERROR]  result[0][22][0][53][14]:    0.00396272, gold: 0.00393792, error: 0.629661%
[ERROR]  result[0][22][0][53][37]:    0.00332138, gold: 0.00329557, error: 0.78325%
[ERROR]  result[0][22][0][55][33]:   -0.00054288, gold: -0.000574818, error: -5.55625%
[ERROR]  result[0][23][0][18][14]:    0.00184731, gold: 0.00185948, error: -0.654492%
[ERROR]  result[0][23][0][19][31]:  -0.000674928, gold: -0.000667962, error: 1.04288%
[ERROR]  result[0][23][0][36][43]:    0.00270205, gold: 0.00271599, error: -0.513035%
[ERROR]  result[0][23][0][46][14]:   0.000300168, gold: 0.000309146, error: -2.90413%
[ERROR]  result[0][23][0][51][54]:   0.000875821, gold: 0.000885987, error: -1.14739%
[ERROR]  result[0][24][0][ 5][26]:  -0.000354622, gold: -0.000332456, error: 6.66739%
[ERROR]  result[0][24][0][ 6][36]:   -0.00151109, gold: -0.00149029, error: 1.39538%
[ERROR]  result[0][24][0][ 9][11]:   -0.00102796, gold: -0.00100659, error: 2.12281%
[ERROR]  result[0][24][0][13][10]:    0.00124559, gold: 0.00126966, error: -1.89523%
[ERROR]  result[0][24][0][19][39]:   -0.00263729, gold: -0.00261783, error: 0.743371%
[ERROR]  result[0][24][0][26][25]:    0.00266263, gold: 0.00268838, error: -0.957555%
[ERROR]  result[0][24][0][35][14]:    0.00209863, gold:  0.0021237, error: -1.18068%
[ERROR]  result[0][24][0][36][ 1]:   -0.00159175, gold: -0.00157105, error: 1.31757%
[ERROR]  result[0][24][0][42][ 1]:    0.00521348, gold: 0.00524225, error: -0.548738%
[ERROR]  result[0][25][0][ 0][42]:   -0.00167596, gold: -0.00165875, error: 1.03785%
[ERROR]  result[0][25][0][ 9][12]:   -0.00180227, gold: -0.00178523, error: 0.954756%
[ERROR]  result[0][25][0][19][ 7]:   -0.00231292, gold: -0.00229656, error: 0.71215%
[ERROR]  result[0][25][0][25][ 3]:   -0.00271891, gold: -0.0027031, error: 0.584759%
[ERROR]  result[0][25][0][49][47]:    0.00495243, gold:  0.0049786, error: -0.525597%
[ERROR]  result[0][25][0][54][25]:     0.0010246, gold: 0.00104546, error: -1.99553%
[ERROR]  result[0][26][0][31][ 8]:  -0.000413294, gold: -0.000408898, error: 1.07517%
[ERROR]  result[0][26][0][34][40]:   0.000919907, gold: 0.000925961, error: -0.653757%
[ERROR]  result[0][26][0][39][ 0]:  -0.000648865, gold: -0.000644761, error: 0.636432%
[ERROR]  result[0][27][0][19][53]: -1.44693e-005, gold: -1.75631e-005, error: -17.6151%
[ERROR]  result[0][27][0][20][23]:  -0.000689162, gold: -0.000693072, error: -0.564153%
[ERROR]  result[0][28][0][ 0][35]:   0.000224301, gold: 0.000238688, error: -6.02743%
[ERROR]  result[0][28][0][ 5][46]:   0.000587927, gold: 0.000602727, error: -2.45559%
[ERROR]  result[0][28][0][ 9][24]:  -0.000410167, gold: -0.000396503, error: 3.44633%
[ERROR]  result[0][28][0][26][19]:   -0.00208882, gold: -0.00207707, error: 0.565927%
[ERROR]  result[0][28][0][26][42]:   0.000472623, gold: 0.000487293, error: -3.01037%
[ERROR]  result[0][28][0][28][ 8]:    0.00358972, gold: 0.00360793, error: -0.504893%
[ERROR]  result[0][28][0][38][ 2]:     0.0035717, gold:  0.0035899, error: -0.506859%
[ERROR]  result[0][28][0][42][10]:   -0.00164863, gold: -0.00163637, error: 0.748944%
[ERROR]  result[0][28][0][44][51]:  -0.000968818, gold: -0.000955789, error: 1.36318%
[ERROR]  result[0][28][0][48][53]:    0.00301785, gold: 0.00303542, error: -0.578683%
[ERROR]  result[0][28][0][52][16]:  -0.000209588, gold: -0.000195695, error: 7.09933%
[ERROR]  result[0][29][0][ 9][35]: -7.95563e-006, gold: -6.28261e-006, error: 26.6295%
[ERROR]  result[0][29][0][20][39]:   0.000223947, gold: 0.000225915, error: -0.870932%
[ERROR]  result[0][29][0][49][49]:   4.6098e-006, gold: 6.29879e-006, error: -26.8144%
[ERROR]  result[0][31][0][ 2][12]:   -0.00724317, gold: -0.00728717, error: -0.603824%
[ERROR]  result[0][31][0][ 2][19]:  -0.000919808, gold: -0.000953128, error: -3.49592%
[ERROR]  result[0][31][0][ 3][ 0]:   -0.00799839, gold: -0.00804367, error: -0.562892%
[ERROR]  result[0][31][0][ 3][43]:    0.00409725, gold: 0.00407241, error: 0.610101%
[ERROR]  result[0][31][0][ 8][ 1]:   -0.00919401, gold: -0.00924131, error: -0.511802%
[ERROR]  result[0][31][0][10][15]:   -0.00201702, gold: -0.00205219, error: -1.71398%
[ERROR]  result[0][31][0][13][ 2]:    0.00353128, gold: 0.00350547, error: 0.73605%
[ERROR]  result[0][31][0][17][10]:  -0.000766525, gold: -0.000799587, error: -4.13485%
[ERROR]  result[0][31][0][19][31]:   -0.00197663, gold: -0.00201173, error: -1.74506%
[ERROR]  result[0][31][0][19][43]:    0.00407116, gold: 0.00404627, error: 0.615135%
[ERROR]  result[0][31][0][24][ 8]:    0.00454051, gold: 0.00451641, error: 0.533554%
[ERROR]  result[0][31][0][29][ 4]:   -0.00504339, gold: -0.00508368, error: -0.792463%
[ERROR]  result[0][31][0][35][ 3]:    -0.0019612, gold: -0.00199628, error: -1.75725%
[ERROR]  result[0][31][0][39][ 7]:   -0.00536838, gold: -0.00540921, error: -0.754912%
[ERROR]  result[0][31][0][50][30]:   -0.00802564, gold: -0.00807096, error: -0.561554%
[ERROR]  result[0][31][0][54][30]:   -0.00831398, gold: -0.00835979, error: -0.54799%
[ERROR]  result[0][32][0][ 3][ 7]:    0.00253143, gold: 0.00254467, error: -0.5203%
[ERROR]  result[0][32][0][ 6][45]:   0.000980968, gold: 0.000992443, error: -1.15619%
[ERROR]  result[0][32][0][12][24]:  -0.000951526, gold: -0.000942252, error: 0.98423%
[ERROR]  result[0][32][0][14][ 0]:    0.00109305, gold: 0.00110465, error: -1.05029%
[ERROR]  result[0][32][0][17][26]:   -0.00165884, gold: -0.00165037, error: 0.513134%
[ERROR]  result[0][32][0][22][47]:  -0.000692523, gold: -0.000682955, error: 1.4011%
[ERROR]  result[0][32][0][49][50]:    0.00136243, gold: 0.00137434, error: -0.866503%
[ERROR]  result[0][32][0][50][44]:   -0.00138007, gold: -0.00137128, error: 0.640712%
[ERROR]  result[0][32][0][54][37]:  -0.000313051, gold: -0.00030305, error: 3.3001%
[ERROR]  result[0][33][0][12][50]:   0.000515328, gold: 0.000528023, error: -2.40428%
[ERROR]  result[0][33][0][16][49]:   -0.00168576, gold: -0.00167584, error: 0.591766%
[ERROR]  result[0][33][0][19][32]:  6.03868e-005, gold: 7.25078e-005, error: -16.7168%
[ERROR]  result[0][33][0][38][42]:   -0.00190452, gold: -0.00189488, error: 0.508783%
[ERROR]  result[0][33][0][39][23]:    0.00245355, gold: 0.00246869, error: -0.613348%
[ERROR]  result[0][34][0][11][40]:   0.000139019, gold: 0.000133768, error: 3.92513%
[ERROR]  result[0][34][0][32][42]:  -0.000785444, gold: -0.000791898, error: -0.815056%
[ERROR]  result[0][34][0][37][43]:   -0.00116821, gold: -0.00117516, error: -0.591644%
[ERROR]  result[0][34][0][54][ 0]:   -0.00113541, gold: -0.00114232, error: -0.604913%
[ERROR]  result[0][35][0][11][45]:    0.00267916, gold:  0.0027123, error: -1.22199%
[ERROR]  result[0][35][0][12][49]:    0.00244198, gold: 0.00247485, error: -1.3282%
[ERROR]  result[0][35][0][21][46]:    0.00439988, gold: 0.00443501, error: -0.792064%
[ERROR]  result[0][35][0][22][ 2]:   -0.00161849, gold: -0.0015903, error: 1.77262%
[ERROR]  result[0][35][0][22][19]:    0.00688913, gold: 0.00692713, error: -0.548532%
[ERROR]  result[0][35][0][22][39]:    0.00712723, gold:  0.0071655, error: -0.534118%
[ERROR]  result[0][35][0][22][41]:    0.00548514, gold: 0.00552152, error: -0.658856%
[ERROR]  result[0][35][0][25][44]:    0.00242495, gold:  0.0024578, error: -1.33661%
[ERROR]  result[0][35][0][28][21]:    0.00266704, gold: 0.00270017, error: -1.22697%
[ERROR]  result[0][35][0][31][13]:   0.000788767, gold: 0.000819732, error: -3.77746%
[ERROR]  result[0][35][0][33][54]:   -0.00389139, gold: -0.00386582, error: 0.661436%
[ERROR]  result[0][35][0][35][35]:   -0.00123632, gold: -0.00120768, error: 2.3707%
[ERROR]  result[0][35][0][36][10]:  -0.000876297, gold: -0.000847252, error: 3.42822%
[ERROR]  result[0][35][0][39][24]:    0.00442115, gold:  0.0044563, error: -0.788822%
[ERROR]  result[0][35][0][42][28]:  -0.000278656, gold: -0.000248921, error: 11.9454%
[ERROR]  result[0][35][0][44][34]:  -0.000797557, gold: -0.000768421, error: 3.79172%
[ERROR]  result[0][35][0][50][17]: -3.41256e-005, gold: -4.10915e-006, error: 730.478%
[ERROR]  result[0][36][0][10][29]:   -0.00364499, gold: -0.00366513, error: -0.549271%
[ERROR]  result[0][36][0][16][55]:   -0.00172488, gold: -0.00174258, error: -1.01594%
[ERROR]  result[0][36][0][22][35]:    0.00187924, gold:  0.0018661, error: 0.7045%
[ERROR]  result[0][36][0][28][ 0]:   -0.00124465, gold: -0.00126175, error: -1.35499%
[ERROR]  result[0][36][0][32][39]:   0.000344713, gold: 0.000329627, error: 4.57697%
[ERROR]  result[0][36][0][35][36]:   0.000960859, gold: 0.000946551, error: 1.51158%
[ERROR]  result[0][36][0][45][19]:   -0.00315339, gold: -0.0031729, error: -0.614889%
[ERROR]  result[0][36][0][49][16]:    0.00144393, gold: 0.00143023, error: 0.95768%
[ERROR]  result[0][38][0][15][30]:   -0.00149934, gold: -0.00151214, error: -0.846773%
[ERROR]  result[0][38][0][17][37]:   -0.00250665, gold: -0.00252054, error: -0.550795%
[ERROR]  result[0][38][0][17][39]:    0.00144905, gold:  0.0014394, error: 0.670233%
[ERROR]  result[0][38][0][24][ 0]:    -0.0024702, gold: -0.00248404, error: -0.557322%
[ERROR]  result[0][38][0][25][19]:   0.000800995, gold: 0.000790654, error: 1.30793%
[ERROR]  result[0][38][0][45][12]:   0.000224891, gold: 0.000213933, error: 5.12222%
[ERROR]  result[0][39][0][24][22]:   0.000383743, gold: 0.000389968, error: -1.59625%
[ERROR]  result[0][39][0][33][20]:      0.000143, gold: 0.000148882, error: -3.95091%
[ERROR]  result[0][40][0][ 9][39]:   -0.00203043, gold: -0.00202031, error: 0.501248%
[ERROR]  result[0][40][0][11][16]:   -0.00159984, gold: -0.00158913, error: 0.673489%
[ERROR]  result[0][40][0][25][23]:   -0.00143022, gold: -0.0014193, error: 0.770068%
[ERROR]  result[0][40][0][31][27]: -6.72297e-005, gold: -5.44766e-005, error: 23.4101%
[ERROR]  result[0][40][0][31][47]:  -0.000702028, gold: -0.000690125, error: 1.72487%
[ERROR]  result[0][40][0][34][17]:    0.00340318, gold: 0.00342058, error: -0.508567%
[ERROR]  result[0][40][0][36][ 0]:   0.000912871, gold: 0.000926936, error: -1.51728%
[ERROR]  result[0][40][0][50][ 0]:    0.00221063, gold: 0.00222643, error: -0.709674%
[ERROR]  result[0][41][0][ 4][40]:   -0.00047115, gold: -0.000454284, error: 3.71261%
[ERROR]  result[0][41][0][13][34]:   -0.00207823, gold: -0.00206324, error: 0.726464%
[ERROR]  result[0][41][0][33][44]:  -0.000931706, gold: -0.000915379, error: 1.78373%
[ERROR]  result[0][41][0][34][12]:    0.00442955, gold: 0.00445214, error: -0.50739%
[ERROR]  result[0][41][0][35][34]:   -0.00261244, gold: -0.00259808, error: 0.552907%
[ERROR]  result[0][41][0][47][47]:    0.00229107, gold: 0.00231117, error: -0.86935%
[ERROR]  result[0][41][0][51][ 2]:    0.00206652, gold: 0.00208635, error: -0.950448%
[ERROR]  result[0][41][0][54][32]:    0.00403771, gold: 0.00405984, error: -0.545144%
[ERROR]  result[0][41][0][55][31]:    0.00211497, gold: 0.00213485, error: -0.931506%
[ERROR]  result[0][42][0][29][41]:  -0.000480371, gold: -0.000485223, error: -0.999807%
[ERROR]  result[0][42][0][37][27]:   -0.00094019, gold: -0.000945665, error: -0.578892%
[ERROR]  result[0][43][0][ 0][20]:  -0.000653187, gold: -0.000668617, error: -2.30772%
[ERROR]  result[0][43][0][ 4][17]:   -0.00166877, gold: -0.00168542, error: -0.988383%
[ERROR]  result[0][43][0][10][ 5]:    0.00122108, gold: 0.00120792, error: 1.08967%
[ERROR]  result[0][43][0][12][39]:   0.000526075, gold: 0.000512072, error: 2.73461%
[ERROR]  result[0][43][0][18][43]:   -0.00152342, gold: -0.0015399, error: -1.07036%
[ERROR]  result[0][43][0][26][54]:   0.000727643, gold: 0.000713884, error: 1.92739%
[ERROR]  result[0][43][0][29][26]:    0.00118811, gold: 0.00117491, error: 1.12369%
[ERROR]  result[0][43][0][37][40]:    0.00129658, gold: 0.00128351, error: 1.01838%
[ERROR]  result[0][43][0][39][14]:   -0.00369594, gold: -0.00371505, error: -0.51442%
[ERROR]  result[0][43][0][42][35]:   -0.00366335, gold: -0.00368242, error: -0.517904%
[ERROR]  result[0][43][0][45][ 3]:  -0.000475776, gold: -0.000490991, error: -3.09887%
[ERROR]  result[0][43][0][46][18]:   -0.00174427, gold: -0.00176101, error: -0.95114%
[ERROR]  result[0][43][0][55][55]:  -0.000108144, gold: -0.000122914, error: -12.0168%
[ERROR]  result[0][44][0][ 0][21]:  2.44726e-005, gold: 2.86784e-005, error: -14.6654%
[ERROR]  result[0][44][0][33][24]:    -0.0003882, gold: -0.000384514, error: 0.958582%
[ERROR]  result[0][45][0][55][20]:  1.42619e-005, gold: 1.40565e-005, error: 1.46123%
[ERROR]  result[0][46][0][27][25]:   0.000128555, gold: 0.000127422, error: 0.889068%
[ERROR]  result[0][55][0][43][29]:   0.000166279, gold: 0.000168581, error: -1.36571%
[ERROR]  result[0][55][0][51][36]:  -0.000177487, gold: -0.000175184, error: 1.31437%
[FAIL] There are some errors QQ
==> ReLU2
[PASS] Congratulation! All results are correct


=======================================
==> Total
[FAIL] There are some errors QQ
INFO: [SIM 1] CSim done with 0 errors.
INFO: [SIM 3] *************** CSIM finish ***************
