INFO: [SIM 2] *************** CSIM start ***************
INFO: [SIM 4] CSIM will launch GCC as the compiler.
   Compiling D:/23th-project/R2+1D/testbench.cpp in debug mode
   Compiling D:/23th-project/R2+1D/r2plus1d.cpp in debug mode
   Compiling D:/23th-project/R2+1D/ReLU.cpp in debug mode
   Compiling D:/23th-project/R2+1D/Conv3d.cpp in debug mode
   Compiling D:/23th-project/R2+1D/BatchNorm3d.cpp in debug mode
   Generating csim.exe
==> Conv3d1
[PASS] Congratulation! All results are correct
==> BatchNorm3d1
[ERROR]  result[0][ 5][0][23][39]: -2.45983e-005, gold: -2.4768e-005, error: -0.685096%
[ERROR]  result[0][15][0][27][47]:  2.22737e-005, gold: 2.20158e-005, error: 1.17136%
[ERROR]  result[0][16][0][ 5][42]: -1.04122e-005, gold: -1.01349e-005, error: 2.73535%
[ERROR]  result[0][22][0][50][49]:  3.08447e-005, gold: 3.05212e-005, error: 1.05997%
[FAIL] There are some errors QQ
==> ReLU1
[ERROR]  result[0][15][0][27][47]:  2.22737e-005, gold: 2.20158e-005, error: 1.17136%
[ERROR]  result[0][22][0][50][49]:  3.08447e-005, gold: 3.05212e-005, error: 1.05997%
[FAIL] There are some errors QQ
==> Conv3d2
[ERROR]  result[0][25][0][29][43]: -3.39672e-005, gold: -3.37809e-005, error: 0.55139%
[ERROR]  result[0][30][0][11][52]: -1.86549e-005, gold: -1.85221e-005, error: 0.716512%
[ERROR]  result[0][33][0][48][18]:  2.42516e-006, gold: 2.56859e-006, error: -5.58376%
[ERROR]  result[0][34][0][42][ 5]: -8.44151e-006, gold: -8.35955e-006, error: 0.980392%
[ERROR]  result[0][35][0][38][ 8]:  2.86847e-005, gold: 2.83867e-005, error: 1.04987%
[ERROR]  result[0][47][0][24][ 7]: -9.84967e-006, gold: -1.00508e-005, error: -2.00148%
[ERROR]  result[0][50][0][17][38]:  1.15298e-005, gold: 1.14571e-005, error: 0.634043%
[ERROR]  result[0][53][0][11][16]: -1.61818e-005, gold: -1.60858e-005, error: 0.597065%
[ERROR]  result[0][59][0][15][ 6]: -6.79865e-006, gold: -6.65709e-006, error: 2.12647%
[FAIL] There are some errors QQ
==> BatchNorm3d2
[ERROR]  result[0][ 0][0][ 5][24]:   -0.00117977, gold: -0.00119355, error: -1.15492%
[ERROR]  result[0][ 0][0][11][43]:   -0.00257522, gold: -0.00258877, error: -0.523408%
[ERROR]  result[0][ 0][0][21][50]:    -0.0014281, gold: -0.00144077, error: -0.878856%
[ERROR]  result[0][ 0][0][31][ 0]:     -0.001107, gold: -0.00111994, error: -1.15563%
[ERROR]  result[0][ 0][0][34][40]:   0.000378968, gold: 0.000368511, error: 2.83752%
[ERROR]  result[0][ 0][0][44][54]:   -0.00261147, gold: -0.00262604, error: -0.554841%
[ERROR]  result[0][ 0][0][48][48]:   -0.00181421, gold: -0.00182775, error: -0.740626%
[ERROR]  result[0][ 0][0][54][41]:   0.000357908, gold: 0.000347782, error: 2.91146%
[ERROR]  result[0][ 1][0][13][29]:   -0.00131028, gold: -0.00132961, error: -1.45407%
[ERROR]  result[0][ 1][0][21][48]:  -0.000137902, gold: -0.000155812, error: -11.4948%
[ERROR]  result[0][ 1][0][37][16]:   -0.00294988, gold: -0.00297122, error: -0.718173%
[ERROR]  result[0][ 1][0][40][14]:    0.00245234, gold: 0.00243793, error: 0.591091%
[ERROR]  result[0][ 1][0][46][52]:    0.00228917, gold: 0.00227324, error: 0.700868%
[ERROR]  result[0][ 1][0][50][ 9]:    0.00130413, gold: 0.00128772, error: 1.27417%
[ERROR]  result[0][ 1][0][51][48]:  -0.000483782, gold: -0.000502892, error: -3.8001%
[ERROR]  result[0][ 1][0][55][54]:    0.00209961, gold: 0.00208411, error: 0.74416%
[ERROR]  result[0][ 2][0][ 1][15]:   -0.00270131, gold: -0.00271531, error: -0.515539%
[ERROR]  result[0][ 2][0][15][45]:   -0.00224506, gold: -0.00225818, error: -0.580824%
[ERROR]  result[0][ 2][0][21][51]:   -0.00125099, gold: -0.00126216, error: -0.88516%
[ERROR]  result[0][ 3][0][ 5][48]:   0.000279013, gold: 0.00029378, error: -5.02627%
[ERROR]  result[0][ 3][0][18][45]:    0.00191678, gold: 0.00193283, error: -0.830421%
[ERROR]  result[0][ 3][0][24][23]:    -0.0013712, gold: -0.00135777, error: 0.989511%
[ERROR]  result[0][ 3][0][26][16]:    0.00046177, gold: 0.000476964, error: -3.18556%
[ERROR]  result[0][ 3][0][34][10]:    0.00324981, gold: 0.00326792, error: -0.554055%
[ERROR]  result[0][ 3][0][41][27]:  -0.000388216, gold: -0.00037383, error: 3.84817%
[ERROR]  result[0][ 3][0][48][13]:  -0.000924601, gold: -0.000911254, error: 1.46473%
[ERROR]  result[0][ 3][0][48][44]:   0.000411517, gold: 0.000427222, error: -3.67612%
[ERROR]  result[0][ 4][0][ 3][42]:   -0.00183201, gold: -0.00182171, error: 0.565389%
[ERROR]  result[0][ 4][0][ 9][28]:  -0.000615647, gold: -0.000603604, error: 1.99527%
[ERROR]  result[0][ 4][0][21][52]:   -0.00129222, gold: -0.00128171, error: 0.820269%
[ERROR]  result[0][ 4][0][29][ 4]:    0.00143633, gold: 0.00145158, error: -1.05064%
[ERROR]  result[0][ 4][0][30][51]:    0.00159348, gold: 0.00160788, error: -0.895236%
[ERROR]  result[0][ 4][0][35][ 3]:   0.000723038, gold: 0.000737174, error: -1.9176%
[ERROR]  result[0][ 4][0][53][ 8]:   0.000947174, gold: 0.000961424, error: -1.48219%
[ERROR]  result[0][ 5][0][ 0][23]:   -0.00810232, gold: -0.00814985, error: -0.583122%
[ERROR]  result[0][ 5][0][ 1][44]:    0.00155137, gold: 0.00151757, error: 2.22683%
[ERROR]  result[0][ 5][0][ 2][14]:   -0.00904493, gold: -0.00909332, error: -0.532156%
[ERROR]  result[0][ 5][0][ 3][ 5]:    -0.0068513, gold: -0.0068981, error: -0.678506%
[ERROR]  result[0][ 5][0][ 4][20]:    0.00174032, gold: 0.00170663, error: 1.97361%
[ERROR]  result[0][ 5][0][ 5][11]:    -0.0101886, gold: -0.0102398, error: -0.500134%
[ERROR]  result[0][ 5][0][ 9][48]:   -0.00601369, gold: -0.00605803, error: -0.731872%
[ERROR]  result[0][ 5][0][10][23]:   -0.00713325, gold: -0.00717987, error: -0.649318%
[ERROR]  result[0][ 5][0][12][ 6]:     0.0035895, gold: 0.00355793, error: 0.887378%
[ERROR]  result[0][ 5][0][14][30]:   -0.00624921, gold: -0.00629497, error: -0.726908%
[ERROR]  result[0][ 5][0][14][37]:    0.00314547, gold: 0.00311409, error: 1.00781%
[ERROR]  result[0][ 5][0][15][ 3]:   -0.00566413, gold: -0.00570855, error: -0.778227%
[ERROR]  result[0][ 5][0][15][39]:   -0.00999658, gold: -0.0100469, error: -0.501232%
[ERROR]  result[0][ 5][0][17][49]:     0.0028421, gold: 0.00280958, error: 1.15721%
[ERROR]  result[0][ 5][0][19][48]:   -0.00527028, gold: -0.00531399, error: -0.822611%
[ERROR]  result[0][ 5][0][20][ 5]:   -0.00235936, gold: -0.00239892, error: -1.64898%
[ERROR]  result[0][ 5][0][20][21]:   -0.00696277, gold: -0.00700892, error: -0.658391%
[ERROR]  result[0][ 5][0][21][46]:   -0.00773277, gold: -0.00777973, error: -0.603656%
[ERROR]  result[0][ 5][0][27][ 7]:   -0.00960428, gold: -0.00965362, error: -0.51108%
[ERROR]  result[0][ 5][0][32][ 9]:   -0.00307983, gold: -0.00312053, error: -1.30406%
[ERROR]  result[0][ 5][0][37][ 7]:  3.83097e-005, gold: 2.53146e-006, error: 1413.34%
[ERROR]  result[0][ 5][0][37][44]:   -0.00636294, gold: -0.00640839, error: -0.709276%
[ERROR]  result[0][ 5][0][41][29]:   -0.00232796, gold: -0.00236767, error: -1.67708%
[ERROR]  result[0][ 5][0][44][43]:    0.00501919, gold: 0.00499007, error: 0.583609%
[ERROR]  result[0][ 5][0][45][23]:   0.000480559, gold: 0.000443774, error: 8.28919%
[ERROR]  result[0][ 5][0][55][32]:   -0.00873542, gold: -0.00878392, error: -0.552108%
[ERROR]  result[0][ 6][0][ 7][47]:    -0.0031384, gold: -0.00315849, error: -0.636204%
[ERROR]  result[0][ 6][0][ 9][28]:   -0.00339086, gold: -0.00341194, error: -0.617885%
[ERROR]  result[0][ 6][0][11][ 4]:   -0.00244323, gold: -0.00246304, error: -0.804289%
[ERROR]  result[0][ 6][0][26][33]:   -0.00128254, gold:    -0.0013, error: -1.34273%
[ERROR]  result[0][ 6][0][42][ 0]:  -0.000447516, gold: -0.000463615, error: -3.47257%
[ERROR]  result[0][ 6][0][42][19]:    -0.0029942, gold: -0.00301412, error: -0.660745%
[ERROR]  result[0][ 6][0][44][13]:   -0.00193071, gold: -0.00194926, error: -0.951593%
[ERROR]  result[0][ 6][0][45][55]:   -0.00381131, gold: -0.0038318, error: -0.534561%
[ERROR]  result[0][ 6][0][53][ 0]:    0.00209169, gold: 0.00207927, error: 0.597476%
[ERROR]  result[0][ 7][0][ 0][14]:   -0.00160286, gold: -0.0015893, error: 0.852819%
[ERROR]  result[0][ 7][0][ 2][31]:   -0.00183534, gold: -0.00182216, error: 0.723123%
[ERROR]  result[0][ 7][0][ 3][36]:   -0.00156503, gold: -0.00155191, error: 0.845523%
[ERROR]  result[0][ 7][0][ 5][ 2]:   -0.00115506, gold: -0.00114151, error: 1.18699%
[ERROR]  result[0][ 7][0][ 5][ 4]:    0.00195252, gold: 0.00196884, error: -0.828992%
[ERROR]  result[0][ 7][0][13][ 9]:   0.000659613, gold: 0.000674517, error: -2.20969%
[ERROR]  result[0][ 7][0][16][54]:   -0.00192715, gold: -0.0019138, error: 0.697581%
[ERROR]  result[0][ 7][0][24][ 4]:     0.0016143, gold:    0.00163, error: -0.963133%
[ERROR]  result[0][ 7][0][25][ 8]:   -0.00060294, gold: -0.000589285, error: 2.3171%
[ERROR]  result[0][ 7][0][34][36]:    0.00272898, gold: 0.00274571, error: -0.609232%
[ERROR]  result[0][ 7][0][36][ 9]:   -0.00196881, gold: -0.00195597, error: 0.656196%
[ERROR]  result[0][ 7][0][44][ 3]:    -0.0019505, gold: -0.00193812, error: 0.6389%
[ERROR]  result[0][ 7][0][48][37]:   0.000269499, gold: 0.000284064, error: -5.12735%
[ERROR]  result[0][ 8][0][10][ 8]:  -0.000672052, gold: -0.000684199, error: -1.77535%
[ERROR]  result[0][ 8][0][20][45]:  -0.000598673, gold: -0.00061135, error: -2.0736%
[ERROR]  result[0][ 8][0][22][35]: -6.70425e-005, gold: -7.88142e-005, error: -14.936%
[ERROR]  result[0][ 8][0][40][44]:  -0.000838631, gold: -0.000850906, error: -1.44259%
[ERROR]  result[0][ 8][0][41][54]:    -0.0010538, gold: -0.00106731, error: -1.26555%
[ERROR]  result[0][ 9][0][22][ 8]:    0.00160244, gold: 0.00161387, error: -0.708173%
[ERROR]  result[0][ 9][0][39][26]:    0.00193424, gold: 0.00194646, error: -0.628022%
[ERROR]  result[0][ 9][0][44][29]:   0.000172238, gold: 0.000182682, error: -5.71728%
[ERROR]  result[0][ 9][0][53][ 5]:   -0.00133554, gold: -0.0013266, error: 0.673701%
[ERROR]  result[0][10][0][ 7][25]:   -0.00441973, gold: -0.00444539, error: -0.577275%
[ERROR]  result[0][10][0][15][33]:     0.0026052, gold: 0.00259026, error: 0.577084%
[ERROR]  result[0][10][0][19][15]:      0.000508, gold: 0.000490664, error: 3.53319%
[ERROR]  result[0][10][0][21][29]:   -0.00085684, gold: -0.000877427, error: -2.34636%
[ERROR]  result[0][10][0][26][48]:      0.001208, gold: 0.00119192, error: 1.34942%
[ERROR]  result[0][10][0][27][16]:   -0.00102697, gold: -0.00104799, error: -2.00512%
[ERROR]  result[0][10][0][28][27]:   -0.00523155, gold: -0.00525856, error: -0.513607%
[ERROR]  result[0][10][0][28][31]:    0.00174956, gold: 0.00173408, error: 0.892702%
[ERROR]  result[0][10][0][29][ 1]:   -0.00166041, gold: -0.00168121, error: -1.23707%
[ERROR]  result[0][10][0][32][ 9]:   -0.00414018, gold: -0.00416444, error: -0.582641%
[ERROR]  result[0][10][0][44][29]:   -0.00121962, gold: -0.00124005, error: -1.64763%
[ERROR]  result[0][10][0][44][42]:   -0.00274434, gold: -0.00276707, error: -0.821409%
[ERROR]  result[0][10][0][45][47]:   -0.00238092, gold: -0.0024034, error: -0.935467%
[ERROR]  result[0][10][0][48][24]:   -0.00116667, gold: -0.0011871, error: -1.72092%
[ERROR]  result[0][11][0][19][55]:   0.000525253, gold: 0.000528866, error: -0.683096%
[ERROR]  result[0][11][0][39][18]:   0.000473451, gold: 0.000476314, error: -0.601099%
[ERROR]  result[0][11][0][43][38]:  -0.000442353, gold: -0.000439797, error: 0.581207%
[ERROR]  result[0][11][0][46][21]:  -0.000177773, gold: -0.000175124, error: 1.51239%
[ERROR]  result[0][12][0][ 2][26]:   -0.00255577, gold: -0.00258582, error: -1.1618%
[ERROR]  result[0][12][0][ 4][ 1]:   0.000742648, gold: 0.00071806, error: 3.42422%
[ERROR]  result[0][12][0][10][36]:    0.00140066, gold: 0.00137671, error: 1.73962%
[ERROR]  result[0][12][0][11][ 3]:   -0.00433395, gold: -0.00436557, error: -0.72431%
[ERROR]  result[0][12][0][13][14]:   -0.00567723, gold: -0.0057125, error: -0.61742%
[ERROR]  result[0][12][0][16][41]:   -0.00166077, gold: -0.00168982, error: -1.71888%
[ERROR]  result[0][12][0][19][ 0]:   -0.00504119, gold: -0.00507392, error: -0.645034%
[ERROR]  result[0][12][0][19][12]:   -0.00578983, gold: -0.00582496, error: -0.603054%
[ERROR]  result[0][12][0][30][48]:   -0.00559065, gold: -0.00562517, error: -0.613587%
[ERROR]  result[0][12][0][33][ 7]:    0.00346997, gold: 0.00344962, error: 0.589903%
[ERROR]  result[0][12][0][33][21]:   -0.00233458, gold: -0.00236387, error: -1.23914%
[ERROR]  result[0][12][0][34][19]:   -0.00181136, gold: -0.0018398, error: -1.54582%
[ERROR]  result[0][12][0][38][53]:   -0.00286895, gold: -0.00289917, error: -1.04246%
[ERROR]  result[0][12][0][39][ 4]:   -0.00173996, gold: -0.00176869, error: -1.62425%
[ERROR]  result[0][12][0][43][15]:  -0.000807807, gold: -0.000834837, error: -3.23783%
[ERROR]  result[0][13][0][ 0][50]:    0.00265503, gold: 0.00263055, error: 0.930722%
[ERROR]  result[0][13][0][ 8][31]:   -0.00469267, gold: -0.00472682, error: -0.722516%
[ERROR]  result[0][13][0][ 8][54]:   0.000824398, gold: 0.000797828, error: 3.33022%
[ERROR]  result[0][13][0][13][26]:   -0.00234503, gold: -0.00237592, error: -1.30037%
[ERROR]  result[0][13][0][16][35]:   -0.00255062, gold: -0.00258232, error: -1.22744%
[ERROR]  result[0][13][0][22][48]:   -0.00143313, gold: -0.00146373, error: -2.0904%
[ERROR]  result[0][13][0][24][15]:    0.00219382, gold: 0.00216992, error: 1.10136%
[ERROR]  result[0][13][0][34][16]:    0.00120846, gold: 0.00118311, error: 2.14214%
[ERROR]  result[0][13][0][34][26]:    0.00202319, gold: 0.00199828, error: 1.24675%
[ERROR]  result[0][13][0][35][43]:   -0.00207173, gold: -0.0021016, error: -1.4211%
[ERROR]  result[0][13][0][41][37]:   -0.00463977, gold: -0.00467362, error: -0.724324%
[ERROR]  result[0][13][0][42][ 9]:    0.00157399, gold: 0.00154834, error: 1.65623%
[ERROR]  result[0][13][0][43][44]:    0.00170136, gold: 0.00167652, error: 1.48141%
[ERROR]  result[0][13][0][44][47]:     0.0023263, gold: 0.00230122, error: 1.08966%
[ERROR]  result[0][13][0][46][55]:    0.00275179, gold: 0.00272748, error: 0.891525%
[ERROR]  result[0][13][0][50][34]:   -0.00735526, gold: -0.0073927, error: -0.506535%
[ERROR]  result[0][13][0][53][21]:   -0.00701178, gold: -0.00704884, error: -0.525834%
[ERROR]  result[0][13][0][54][15]:   0.000219125, gold: 0.000191119, error: 14.6535%
[ERROR]  result[0][14][0][ 6][13]:   -0.00165542, gold: -0.00164081, error: 0.890913%
[ERROR]  result[0][14][0][ 7][17]:    0.00277193, gold: 0.00279384, error: -0.784053%
[ERROR]  result[0][14][0][ 8][32]:     0.0034647, gold: 0.00348689, error: -0.636415%
[ERROR]  result[0][14][0][15][42]:    0.00184852, gold: 0.00186865, error: -1.07728%
[ERROR]  result[0][14][0][16][55]:    0.00125046, gold: 0.00126916, error: -1.47401%
[ERROR]  result[0][14][0][21][25]:    0.00293445, gold: 0.00295621, error: -0.736042%
[ERROR]  result[0][14][0][24][27]:    0.00190381, gold: 0.00192451, error: -1.0756%
[ERROR]  result[0][14][0][28][35]:    0.00137862, gold: 0.00139914, error: -1.46639%
[ERROR]  result[0][14][0][29][11]:   -0.00240051, gold: -0.00238739, error: 0.54974%
[ERROR]  result[0][14][0][43][37]:    0.00295965, gold: 0.00298129, error: -0.725782%
[ERROR]  result[0][16][0][ 6][13]:   -0.00021869, gold: -0.000219994, error: -0.592663%
[ERROR]  result[0][16][0][ 9][46]:  1.86275e-005, gold: 1.67673e-005, error: 11.0946%
[ERROR]  result[0][17][0][ 5][39]:  -0.000866336, gold: -0.000859908, error: 0.747582%
[ERROR]  result[0][17][0][ 7][28]: -7.88673e-005, gold: -7.06182e-005, error: 11.6811%
[ERROR]  result[0][17][0][ 9][ 6]:   0.000806231, gold: 0.000816225, error: -1.22444%
[ERROR]  result[0][17][0][31][34]:    0.00119293, gold:  0.0012039, error: -0.911622%
[ERROR]  result[0][17][0][42][42]:    0.00184408, gold: 0.00185572, error: -0.627119%
[ERROR]  result[0][17][0][42][49]:    0.00172358, gold: 0.00173484, error: -0.648839%
[ERROR]  result[0][17][0][49][45]:   0.000896181, gold: 0.000905546, error: -1.03413%
[ERROR]  result[0][17][0][51][28]:    0.00178796, gold: 0.00179983, error: -0.659515%
[ERROR]  result[0][20][0][ 2][55]:  -0.000425542, gold: -0.000401242, error: 6.05625%
[ERROR]  result[0][20][0][12][55]:   -0.00361476, gold: -0.00359442, error: 0.565691%
[ERROR]  result[0][20][0][15][12]:   0.000927688, gold: 0.000953356, error: -2.69241%
[ERROR]  result[0][20][0][15][30]:    -0.0032298, gold: -0.00320862, error: 0.660028%
[ERROR]  result[0][20][0][17][55]:    0.00275924, gold: 0.00278667, error: -0.984347%
[ERROR]  result[0][20][0][18][48]:    0.00318755, gold: 0.00321712, error: -0.919187%
[ERROR]  result[0][20][0][27][46]:    0.00434505, gold: 0.00437424, error: -0.667453%
[ERROR]  result[0][20][0][29][ 7]:    0.00189181, gold: 0.00191855, error: -1.39386%
[ERROR]  result[0][20][0][32][14]:   -0.00144188, gold: -0.0014183, error: 1.66288%
[ERROR]  result[0][20][0][33][ 7]:  -0.000868677, gold: -0.00084487, error: 2.81781%
[ERROR]  result[0][20][0][33][43]:    0.00352749, gold: 0.00355549, error: -0.787749%
[ERROR]  result[0][20][0][39][16]:    0.00194098, gold: 0.00196709, error: -1.32699%
[ERROR]  result[0][20][0][40][12]:    0.00340919, gold: 0.00343776, error: -0.831064%
[ERROR]  result[0][20][0][49][30]:    0.00278279, gold: 0.00281024, error: -0.977017%
[ERROR]  result[0][20][0][52][ 4]:   -0.00174996, gold: -0.00172811, error: 1.26467%
[ERROR]  result[0][21][0][12][24]:   0.000140583, gold: 0.00013104, error: 7.28231%
[ERROR]  result[0][21][0][20][18]:   0.000448827, gold: 0.000439927, error: 2.02311%
[ERROR]  result[0][21][0][22][37]:   -0.00205919, gold: -0.00207126, error: -0.582724%
[ERROR]  result[0][21][0][31][31]:   -0.00202563, gold: -0.00203708, error: -0.562303%
[ERROR]  result[0][21][0][36][15]:   0.000536835, gold: 0.000529045, error: 1.4724%
[ERROR]  result[0][21][0][38][17]:  -0.000838454, gold: -0.000847968, error: -1.12195%
[ERROR]  result[0][21][0][55][ 0]:   -0.00134965, gold: -0.00136062, error: -0.805982%
[ERROR]  result[0][22][0][ 2][14]:   -0.00610586, gold: -0.00614655, error: -0.662072%
[ERROR]  result[0][22][0][ 6][24]:    0.00423454, gold: 0.00421144, error: 0.548286%
[ERROR]  result[0][22][0][10][ 7]:    0.00242013, gold: 0.00239548, error: 1.02908%
[ERROR]  result[0][22][0][22][ 0]:   -0.00467483, gold: -0.00471291, error: -0.808119%
[ERROR]  result[0][22][0][30][31]:  -0.000313865, gold: -0.000345907, error: -9.26325%
[ERROR]  result[0][22][0][32][55]:  -0.000787915, gold: -0.000821048, error: -4.0355%
[ERROR]  result[0][22][0][34][15]:   -0.00702768, gold: -0.00707034, error: -0.603433%
[ERROR]  result[0][22][0][39][ 1]:    0.00354764, gold: 0.00352136, error: 0.746331%
[ERROR]  result[0][22][0][39][22]:    -0.0030439, gold: -0.00307853, error: -1.12489%
[ERROR]  result[0][22][0][39][23]:   -0.00375621, gold: -0.00379237, error: -0.953561%
[ERROR]  result[0][22][0][53][14]:    0.00396227, gold: 0.00393792, error: 0.618344%
[ERROR]  result[0][22][0][53][37]:    0.00332123, gold: 0.00329557, error: 0.778735%
[ERROR]  result[0][22][0][55][33]:  -0.000542668, gold: -0.000574818, error: -5.59313%
[ERROR]  result[0][23][0][18][14]:    0.00184731, gold: 0.00185948, error: -0.654523%
[ERROR]  result[0][23][0][19][31]:  -0.000674748, gold: -0.000667962, error: 1.01589%
[ERROR]  result[0][23][0][36][43]:    0.00270151, gold: 0.00271599, error: -0.532967%
[ERROR]  result[0][23][0][46][14]:   0.000300709, gold: 0.000309146, error: -2.72932%
[ERROR]  result[0][23][0][51][54]:   0.000876541, gold: 0.000885987, error: -1.06608%
[ERROR]  result[0][24][0][ 5][26]:  -0.000354333, gold: -0.000332456, error: 6.58027%
[ERROR]  result[0][24][0][ 6][36]:   -0.00151174, gold: -0.00149029, error: 1.4391%
[ERROR]  result[0][24][0][ 9][11]:   -0.00102817, gold: -0.00100659, error: 2.14439%
[ERROR]  result[0][24][0][13][10]:    0.00124538, gold: 0.00126966, error: -1.91235%
[ERROR]  result[0][24][0][19][39]:   -0.00263693, gold: -0.00261783, error: 0.729541%
[ERROR]  result[0][24][0][26][25]:    0.00266235, gold: 0.00268838, error: -0.968337%
[ERROR]  result[0][24][0][35][14]:    0.00209906, gold:  0.0021237, error: -1.16024%
[ERROR]  result[0][24][0][36][ 1]:   -0.00159189, gold: -0.00157105, error: 1.32678%
[ERROR]  result[0][24][0][42][ 1]:    0.00521319, gold: 0.00524225, error: -0.554272%
[ERROR]  result[0][25][0][ 0][42]:   -0.00167627, gold: -0.00165875, error: 1.05666%
[ERROR]  result[0][25][0][ 9][12]:   -0.00180177, gold: -0.00178523, error: 0.926318%
[ERROR]  result[0][25][0][19][ 7]:   -0.00231393, gold: -0.00229656, error: 0.756332%
[ERROR]  result[0][25][0][25][ 3]:   -0.00271906, gold: -0.0027031, error: 0.590522%
[ERROR]  result[0][25][0][49][47]:    0.00495282, gold:  0.0049786, error: -0.517778%
[ERROR]  result[0][25][0][54][25]:    0.00102452, gold: 0.00104546, error: -2.00301%
[ERROR]  result[0][26][0][31][ 8]:  -0.000412257, gold: -0.000408898, error: 0.821638%
[ERROR]  result[0][26][0][34][40]:   0.000920201, gold: 0.000925961, error: -0.622031%
[ERROR]  result[0][26][0][39][ 0]:  -0.000648364, gold: -0.000644761, error: 0.55873%
[ERROR]  result[0][27][0][19][53]:  -1.3713e-005, gold: -1.75631e-005, error: -21.9215%
[ERROR]  result[0][28][0][ 0][35]:     0.0002237, gold: 0.000238688, error: -6.27908%
[ERROR]  result[0][28][0][ 5][46]:   0.000587026, gold: 0.000602727, error: -2.60509%
[ERROR]  result[0][28][0][ 9][24]:  -0.000411519, gold: -0.000396503, error: 3.78707%
[ERROR]  result[0][28][0][26][19]:   -0.00208987, gold: -0.00207707, error: 0.616483%
[ERROR]  result[0][28][0][26][42]:   0.000472473, gold: 0.000487293, error: -3.04122%
[ERROR]  result[0][28][0][38][ 2]:     0.0035714, gold:  0.0035899, error: -0.515265%
[ERROR]  result[0][28][0][42][10]:   -0.00164908, gold: -0.00163637, error: 0.776426%
[ERROR]  result[0][28][0][44][51]:  -0.000969418, gold: -0.000955789, error: 1.42597%
[ERROR]  result[0][28][0][48][53]:    0.00301695, gold: 0.00303542, error: -0.608406%
[ERROR]  result[0][28][0][52][16]:  -0.000209738, gold: -0.000195695, error: 7.176%
[ERROR]  result[0][29][0][ 9][35]:  -9.0709e-006, gold: -6.28261e-006, error: 44.3812%
[ERROR]  result[0][29][0][20][39]:   0.000222832, gold: 0.000225915, error: -1.36463%
[ERROR]  result[0][29][0][49][49]:  4.16369e-006, gold: 6.29879e-006, error: -33.8969%
[ERROR]  result[0][29][0][53][ 8]:   0.000605223, gold: 0.000608791, error: -0.586187%
[ERROR]  result[0][31][0][ 2][12]:   -0.00724279, gold: -0.00728717, error: -0.609084%
[ERROR]  result[0][31][0][ 2][19]:  -0.000919663, gold: -0.000953128, error: -3.51108%
[ERROR]  result[0][31][0][ 3][ 0]:   -0.00799877, gold: -0.00804367, error: -0.55818%
[ERROR]  result[0][31][0][ 3][43]:    0.00409738, gold: 0.00407241, error: 0.613109%
[ERROR]  result[0][31][0][ 8][ 1]:   -0.00919312, gold: -0.00924131, error: -0.521417%
[ERROR]  result[0][31][0][10][15]:   -0.00201764, gold: -0.00205219, error: -1.68387%
[ERROR]  result[0][31][0][13][ 2]:    0.00353142, gold: 0.00350547, error: 0.740135%
[ERROR]  result[0][31][0][17][10]:  -0.000765618, gold: -0.000799587, error: -4.24827%
[ERROR]  result[0][31][0][18][18]:    0.00491082, gold: 0.00488602, error: 0.507402%
[ERROR]  result[0][31][0][19][31]:   -0.00197579, gold: -0.00201173, error: -1.78656%
[ERROR]  result[0][31][0][19][43]:    0.00407044, gold: 0.00404627, error: 0.597274%
[ERROR]  result[0][31][0][24][ 8]:    0.00454004, gold: 0.00451641, error: 0.523027%
[ERROR]  result[0][31][0][29][ 4]:   -0.00504319, gold: -0.00508368, error: -0.796337%
[ERROR]  result[0][31][0][35][ 3]:   -0.00196202, gold: -0.00199628, error: -1.7165%
[ERROR]  result[0][31][0][39][ 7]:   -0.00536852, gold: -0.00540921, error: -0.752277%
[ERROR]  result[0][31][0][50][30]:   -0.00802508, gold: -0.00807096, error: -0.568478%
[ERROR]  result[0][31][0][54][30]:   -0.00831396, gold: -0.00835979, error: -0.548257%
[ERROR]  result[0][32][0][ 6][45]:   0.000980826, gold: 0.000992443, error: -1.17053%
[ERROR]  result[0][32][0][12][24]:  -0.000951811, gold: -0.000942252, error: 1.01441%
[ERROR]  result[0][32][0][14][ 0]:     0.0010929, gold: 0.00110465, error: -1.06318%
[ERROR]  result[0][32][0][17][26]:   -0.00165884, gold: -0.00165037, error: 0.51312%
[ERROR]  result[0][32][0][22][47]:  -0.000691812, gold: -0.000682955, error: 1.29696%
[ERROR]  result[0][32][0][49][50]:    0.00136343, gold: 0.00137434, error: -0.794079%
[ERROR]  result[0][32][0][50][44]:   -0.00138021, gold: -0.00137128, error: 0.65107%
[ERROR]  result[0][32][0][54][37]:  -0.000312908, gold: -0.00030305, error: 3.25316%
[ERROR]  result[0][33][0][12][50]:   0.000515181, gold: 0.000528023, error: -2.43214%
[ERROR]  result[0][33][0][16][49]:   -0.00168521, gold: -0.00167584, error: 0.558853%
[ERROR]  result[0][33][0][19][32]:  6.06808e-005, gold: 7.25078e-005, error: -16.3113%
[ERROR]  result[0][33][0][39][23]:    0.00245322, gold: 0.00246869, error: -0.626759%
[ERROR]  result[0][34][0][11][40]:   0.000139725, gold: 0.000133768, error: 4.45304%
[ERROR]  result[0][34][0][32][42]:   -0.00078513, gold: -0.000791898, error: -0.854689%
[ERROR]  result[0][34][0][37][43]:   -0.00116839, gold: -0.00117516, error: -0.576626%
[ERROR]  result[0][34][0][54][ 0]:   -0.00113526, gold: -0.00114232, error: -0.618651%
[ERROR]  result[0][35][0][11][45]:    0.00267886, gold:  0.0027123, error: -1.23291%
[ERROR]  result[0][35][0][12][49]:    0.00244212, gold: 0.00247485, error: -1.32225%
[ERROR]  result[0][35][0][21][46]:    0.00439988, gold: 0.00443501, error: -0.792085%
[ERROR]  result[0][35][0][22][ 2]:   -0.00161908, gold: -0.0015903, error: 1.80976%
[ERROR]  result[0][35][0][22][19]:    0.00689027, gold: 0.00692713, error: -0.532022%
[ERROR]  result[0][35][0][22][39]:    0.00712819, gold:  0.0071655, error: -0.520737%
[ERROR]  result[0][35][0][22][41]:    0.00548414, gold: 0.00552152, error: -0.676938%
[ERROR]  result[0][35][0][25][44]:    0.00242525, gold:  0.0024578, error: -1.32461%
[ERROR]  result[0][35][0][28][21]:    0.00266708, gold: 0.00270017, error: -1.22563%
[ERROR]  result[0][35][0][31][13]:   0.000788952, gold: 0.000819732, error: -3.75495%
[ERROR]  result[0][35][0][33][54]:   -0.00389146, gold: -0.00386582, error: 0.663321%
[ERROR]  result[0][35][0][35][35]:   -0.00123679, gold: -0.00120768, error: 2.41044%
[ERROR]  result[0][35][0][36][10]:  -0.000876592, gold: -0.000847252, error: 3.46307%
[ERROR]  result[0][35][0][39][24]:    0.00442111, gold:  0.0044563, error: -0.789668%
[ERROR]  result[0][35][0][42][28]:  -0.000278323, gold: -0.000248921, error: 11.8118%
[ERROR]  result[0][35][0][44][34]:  -0.000798333, gold: -0.000768421, error: 3.89263%
[ERROR]  result[0][35][0][50][17]: -3.54182e-005, gold: -4.10915e-006, error: 761.935%
[ERROR]  result[0][36][0][10][29]:   -0.00364463, gold: -0.00366513, error: -0.559232%
[ERROR]  result[0][36][0][16][55]:   -0.00172422, gold: -0.00174258, error: -1.05362%
[ERROR]  result[0][36][0][22][35]:    0.00187892, gold:  0.0018661, error: 0.686902%
[ERROR]  result[0][36][0][28][ 0]:    -0.0012445, gold: -0.00126175, error: -1.36656%
[ERROR]  result[0][36][0][32][39]:   0.000345005, gold: 0.000329627, error: 4.66544%
[ERROR]  result[0][36][0][35][36]:   0.000960057, gold: 0.000946551, error: 1.42683%
[ERROR]  result[0][36][0][45][19]:    -0.0031539, gold: -0.0031729, error: -0.598811%
[ERROR]  result[0][36][0][49][16]:    0.00144452, gold: 0.00143023, error: 0.998451%
[ERROR]  result[0][38][0][15][30]:   -0.00149985, gold: -0.00151214, error: -0.813029%
[ERROR]  result[0][38][0][17][37]:   -0.00250612, gold: -0.00252054, error: -0.572069%
[ERROR]  result[0][38][0][17][39]:    0.00145023, gold:  0.0014394, error: 0.752162%
[ERROR]  result[0][38][0][24][ 0]:   -0.00246972, gold: -0.00248404, error: -0.57649%
[ERROR]  result[0][38][0][25][19]:   0.000800827, gold: 0.000790654, error: 1.28677%
[ERROR]  result[0][38][0][45][12]:   0.000224758, gold: 0.000213933, error: 5.06006%
[ERROR]  result[0][39][0][24][22]:   0.000383585, gold: 0.000389968, error: -1.63658%
[ERROR]  result[0][39][0][33][20]:   0.000142843, gold: 0.000148882, error: -4.05648%
[ERROR]  result[0][40][0][ 9][39]:   -0.00203086, gold: -0.00202031, error: 0.522591%
[ERROR]  result[0][40][0][11][16]:   -0.00160004, gold: -0.00158913, error: 0.686455%
[ERROR]  result[0][40][0][25][23]:   -0.00143021, gold: -0.0014193, error: 0.768731%
[ERROR]  result[0][40][0][31][27]: -6.69295e-005, gold: -5.44766e-005, error: 22.8591%
[ERROR]  result[0][40][0][31][47]:  -0.000702328, gold: -0.000690125, error: 1.76835%
[ERROR]  result[0][40][0][36][ 0]:   0.000913715, gold: 0.000926936, error: -1.42623%
[ERROR]  result[0][40][0][50][ 0]:    0.00220997, gold: 0.00222643, error: -0.739185%
[ERROR]  result[0][41][0][ 4][40]:  -0.000471778, gold: -0.000454284, error: 3.85094%
[ERROR]  result[0][41][0][13][34]:   -0.00207845, gold: -0.00206324, error: 0.736902%
[ERROR]  result[0][41][0][33][44]:  -0.000931509, gold: -0.000915379, error: 1.76214%
[ERROR]  result[0][41][0][34][12]:    0.00442897, gold: 0.00445214, error: -0.520307%
[ERROR]  result[0][41][0][35][34]:   -0.00261223, gold: -0.00259808, error: 0.5446%
[ERROR]  result[0][41][0][47][47]:    0.00229091, gold: 0.00231117, error: -0.876351%
[ERROR]  result[0][41][0][51][ 2]:    0.00206669, gold: 0.00208635, error: -0.942715%
[ERROR]  result[0][41][0][54][32]:    0.00403758, gold: 0.00405984, error: -0.548252%
[ERROR]  result[0][41][0][55][31]:    0.00211486, gold: 0.00213485, error: -0.936566%
[ERROR]  result[0][42][0][29][41]:  -0.000480892, gold: -0.000485223, error: -0.892394%
[ERROR]  result[0][42][0][37][27]:  -0.000940414, gold: -0.000945665, error: -0.55528%
[ERROR]  result[0][43][0][ 0][20]:  -0.000653271, gold: -0.000668617, error: -2.29515%
[ERROR]  result[0][43][0][ 4][17]:   -0.00166821, gold: -0.00168542, error: -1.02133%
[ERROR]  result[0][43][0][10][ 5]:    0.00122151, gold: 0.00120792, error: 1.12518%
[ERROR]  result[0][43][0][12][39]:   0.000524999, gold: 0.000512072, error: 2.52436%
[ERROR]  result[0][43][0][18][43]:   -0.00152369, gold: -0.0015399, error: -1.05289%
[ERROR]  result[0][43][0][20][36]:   -0.00386889, gold: -0.00388857, error: -0.506159%
[ERROR]  result[0][43][0][26][54]:   0.000727526, gold: 0.000713884, error: 1.91089%
[ERROR]  result[0][43][0][29][26]:    0.00118888, gold: 0.00117491, error: 1.18954%
[ERROR]  result[0][43][0][37][40]:    0.00129821, gold: 0.00128351, error: 1.14551%
[ERROR]  result[0][43][0][42][35]:   -0.00366389, gold: -0.00368242, error: -0.503292%
[ERROR]  result[0][43][0][45][ 3]:  -0.000476516, gold: -0.000490991, error: -2.94812%
[ERROR]  result[0][43][0][46][18]:   -0.00174411, gold: -0.00176101, error: -0.959747%
[ERROR]  result[0][43][0][55][55]:  -0.000108337, gold: -0.000122914, error: -11.8595%
[ERROR]  result[0][44][0][ 0][21]:  2.42557e-005, gold: 2.86784e-005, error: -15.4218%
[ERROR]  result[0][44][0][33][24]:  -0.000388489, gold: -0.000384514, error: 1.03376%
[ERROR]  result[0][45][0][55][20]:  1.45753e-005, gold: 1.40565e-005, error: 3.69114%
[ERROR]  result[0][46][0][27][25]:   0.000128731, gold: 0.000127422, error: 1.02781%
[ERROR]  result[0][50][0][19][43]:  7.46635e-005, gold: 7.42544e-005, error: 0.550882%
[ERROR]  result[0][55][0][43][29]:   0.000166721, gold: 0.000168581, error: -1.10329%
[ERROR]  result[0][55][0][51][36]:  -0.000177413, gold: -0.000175184, error: 1.27225%
[FAIL] There are some errors QQ
==> ReLU2
[ERROR]  result[0][15][0][27][47]:  2.22737e-005, gold: 2.20158e-005, error: 1.17136%
[ERROR]  result[0][22][0][50][49]:  3.08447e-005, gold: 3.05212e-005, error: 1.05997%
[FAIL] There are some errors QQ


=======================================
==> Total
[FAIL] There are some errors QQ
INFO: [SIM 1] CSim done with 0 errors.
INFO: [SIM 3] *************** CSIM finish ***************
