

================================================================
== Vitis HLS Report for 'sw_compute_Pipeline_VITIS_LOOP_107_9'
================================================================
* Date:           Sat Jul 30 21:26:31 2022

* Version:        2022.1 (Build 3526262 on Mon Apr 18 15:48:16 MDT 2022)
* Project:        iris_hls_vitis
* Solution:       solution1 (Vivado IP Flow Target)
* Product family: zynq
* Target device:  xc7z020-clg400-1


================================================================
== Performance Estimates
================================================================
+ Timing: 
    * Summary: 
    +--------+----------+----------+------------+
    |  Clock |  Target  | Estimated| Uncertainty|
    +--------+----------+----------+------------+
    |ap_clk  |  10.00 ns|  7.300 ns|     2.70 ns|
    +--------+----------+----------+------------+

+ Latency: 
    * Summary: 
    +---------+---------+----------+----------+-----+-----+---------+
    |  Latency (cycles) |  Latency (absolute) |  Interval | Pipeline|
    |   min   |   max   |    min   |    max   | min | max |   Type  |
    +---------+---------+----------+----------+-----+-----+---------+
    |      127|      127|  1.270 us|  1.270 us|  127|  127|       no|
    +---------+---------+----------+----------+-----+-----+---------+

    + Detail: 
        * Instance: 
        N/A

        * Loop: 
        +--------------------+---------+---------+----------+-----------+-----------+------+----------+
        |                    |  Latency (cycles) | Iteration|  Initiation Interval  | Trip |          |
        |      Loop Name     |   min   |   max   |  Latency |  achieved |   target  | Count| Pipelined|
        +--------------------+---------+---------+----------+-----------+-----------+------+----------+
        |- VITIS_LOOP_107_9  |      121|      121|         3|          1|          1|   120|       yes|
        +--------------------+---------+---------+----------+-----------+-----------+------+----------+



================================================================
== Utilization Estimates
================================================================
* Summary: 
+-----------------+---------+-----+--------+-------+-----+
|       Name      | BRAM_18K| DSP |   FF   |  LUT  | URAM|
+-----------------+---------+-----+--------+-------+-----+
|DSP              |        -|    -|       -|      -|    -|
|Expression       |        -|    -|       0|     30|    -|
|FIFO             |        -|    -|       -|      -|    -|
|Instance         |        -|    -|       -|      -|    -|
|Memory           |        -|    -|       -|      -|    -|
|Multiplexer      |        -|    -|       -|     96|    -|
|Register         |        -|    -|      49|      -|    -|
+-----------------+---------+-----+--------+-------+-----+
|Total            |        0|    0|      49|    126|    0|
+-----------------+---------+-----+--------+-------+-----+
|Available        |      280|  220|  106400|  53200|    0|
+-----------------+---------+-----+--------+-------+-----+
|Utilization (%)  |        0|    0|      ~0|     ~0|    0|
+-----------------+---------+-----+--------+-------+-----+

+ Detail: 
    * Instance: 
    N/A

    * DSP: 
    N/A

    * Memory: 
    N/A

    * FIFO: 
    N/A

    * Expression: 
    +---------------------------+----------+----+---+----+------------+------------+
    |       Variable Name       | Operation| DSP| FF| LUT| Bitwidth P0| Bitwidth P1|
    +---------------------------+----------+----+---+----+------------+------------+
    |add_ln107_fu_134_p2        |         +|   0|  0|  14|           7|           1|
    |ap_block_pp0_stage0_11001  |       and|   0|  0|   2|           1|           1|
    |icmp_ln107_fu_128_p2       |      icmp|   0|  0|  10|           7|           5|
    |ap_enable_pp0              |       xor|   0|  0|   2|           1|           2|
    |ap_enable_reg_pp0_iter1    |       xor|   0|  0|   2|           2|           1|
    +---------------------------+----------+----+---+----+------------+------------+
    |Total                      |          |   0|  0|  30|          18|          10|
    +---------------------------+----------+----+---+----+------------+------------+

    * Multiplexer: 
    +-------------------------+----+-----------+-----+-----------+
    |           Name          | LUT| Input Size| Bits| Total Bits|
    +-------------------------+----+-----------+-----+-----------+
    |ap_NS_fsm                |  42|          8|    1|          8|
    |ap_enable_reg_pp0_iter1  |   9|          2|    1|          2|
    |ap_enable_reg_pp0_iter2  |   9|          2|    1|          2|
    |gmem_blk_n_AW            |   9|          2|    1|          2|
    |gmem_blk_n_B             |   9|          2|    1|          2|
    |gmem_blk_n_W             |   9|          2|    1|          2|
    |i_fu_64                  |   9|          2|    7|         14|
    +-------------------------+----+-----------+-----+-----------+
    |Total                    |  96|         20|   13|         32|
    +-------------------------+----+-----------+-----+-----------+

    * Register: 
    +-------------------------+----+----+-----+-----------+
    |           Name          | FF | LUT| Bits| Const Bits|
    +-------------------------+----+----+-----+-----------+
    |acc_load_4_reg_171       |  32|   0|   32|          0|
    |ap_CS_fsm                |   7|   0|    7|          0|
    |ap_enable_reg_pp0_iter0  |   1|   0|    1|          0|
    |ap_enable_reg_pp0_iter1  |   1|   0|    1|          0|
    |ap_enable_reg_pp0_iter2  |   1|   0|    1|          0|
    |i_fu_64                  |   7|   0|    7|          0|
    +-------------------------+----+----+-----+-----------+
    |Total                    |  49|   0|   49|          0|
    +-------------------------+----+----+-----+-----------+



================================================================
== Interface
================================================================
* Summary: 
+---------------------+-----+-----+------------+--------------------------------------+--------------+
|      RTL Ports      | Dir | Bits|  Protocol  |             Source Object            |    C Type    |
+---------------------+-----+-----+------------+--------------------------------------+--------------+
|ap_clk               |   in|    1|  ap_ctrl_hs|  sw_compute_Pipeline_VITIS_LOOP_107_9|  return value|
|ap_rst               |   in|    1|  ap_ctrl_hs|  sw_compute_Pipeline_VITIS_LOOP_107_9|  return value|
|ap_start             |   in|    1|  ap_ctrl_hs|  sw_compute_Pipeline_VITIS_LOOP_107_9|  return value|
|ap_done              |  out|    1|  ap_ctrl_hs|  sw_compute_Pipeline_VITIS_LOOP_107_9|  return value|
|ap_idle              |  out|    1|  ap_ctrl_hs|  sw_compute_Pipeline_VITIS_LOOP_107_9|  return value|
|ap_ready             |  out|    1|  ap_ctrl_hs|  sw_compute_Pipeline_VITIS_LOOP_107_9|  return value|
|m_axi_gmem_AWVALID   |  out|    1|       m_axi|                                  gmem|       pointer|
|m_axi_gmem_AWREADY   |   in|    1|       m_axi|                                  gmem|       pointer|
|m_axi_gmem_AWADDR    |  out|   64|       m_axi|                                  gmem|       pointer|
|m_axi_gmem_AWID      |  out|    1|       m_axi|                                  gmem|       pointer|
|m_axi_gmem_AWLEN     |  out|   32|       m_axi|                                  gmem|       pointer|
|m_axi_gmem_AWSIZE    |  out|    3|       m_axi|                                  gmem|       pointer|
|m_axi_gmem_AWBURST   |  out|    2|       m_axi|                                  gmem|       pointer|
|m_axi_gmem_AWLOCK    |  out|    2|       m_axi|                                  gmem|       pointer|
|m_axi_gmem_AWCACHE   |  out|    4|       m_axi|                                  gmem|       pointer|
|m_axi_gmem_AWPROT    |  out|    3|       m_axi|                                  gmem|       pointer|
|m_axi_gmem_AWQOS     |  out|    4|       m_axi|                                  gmem|       pointer|
|m_axi_gmem_AWREGION  |  out|    4|       m_axi|                                  gmem|       pointer|
|m_axi_gmem_AWUSER    |  out|    1|       m_axi|                                  gmem|       pointer|
|m_axi_gmem_WVALID    |  out|    1|       m_axi|                                  gmem|       pointer|
|m_axi_gmem_WREADY    |   in|    1|       m_axi|                                  gmem|       pointer|
|m_axi_gmem_WDATA     |  out|   32|       m_axi|                                  gmem|       pointer|
|m_axi_gmem_WSTRB     |  out|    4|       m_axi|                                  gmem|       pointer|
|m_axi_gmem_WLAST     |  out|    1|       m_axi|                                  gmem|       pointer|
|m_axi_gmem_WID       |  out|    1|       m_axi|                                  gmem|       pointer|
|m_axi_gmem_WUSER     |  out|    1|       m_axi|                                  gmem|       pointer|
|m_axi_gmem_ARVALID   |  out|    1|       m_axi|                                  gmem|       pointer|
|m_axi_gmem_ARREADY   |   in|    1|       m_axi|                                  gmem|       pointer|
|m_axi_gmem_ARADDR    |  out|   64|       m_axi|                                  gmem|       pointer|
|m_axi_gmem_ARID      |  out|    1|       m_axi|                                  gmem|       pointer|
|m_axi_gmem_ARLEN     |  out|   32|       m_axi|                                  gmem|       pointer|
|m_axi_gmem_ARSIZE    |  out|    3|       m_axi|                                  gmem|       pointer|
|m_axi_gmem_ARBURST   |  out|    2|       m_axi|                                  gmem|       pointer|
|m_axi_gmem_ARLOCK    |  out|    2|       m_axi|                                  gmem|       pointer|
|m_axi_gmem_ARCACHE   |  out|    4|       m_axi|                                  gmem|       pointer|
|m_axi_gmem_ARPROT    |  out|    3|       m_axi|                                  gmem|       pointer|
|m_axi_gmem_ARQOS     |  out|    4|       m_axi|                                  gmem|       pointer|
|m_axi_gmem_ARREGION  |  out|    4|       m_axi|                                  gmem|       pointer|
|m_axi_gmem_ARUSER    |  out|    1|       m_axi|                                  gmem|       pointer|
|m_axi_gmem_RVALID    |   in|    1|       m_axi|                                  gmem|       pointer|
|m_axi_gmem_RREADY    |  out|    1|       m_axi|                                  gmem|       pointer|
|m_axi_gmem_RDATA     |   in|   32|       m_axi|                                  gmem|       pointer|
|m_axi_gmem_RLAST     |   in|    1|       m_axi|                                  gmem|       pointer|
|m_axi_gmem_RID       |   in|    1|       m_axi|                                  gmem|       pointer|
|m_axi_gmem_RFIFONUM  |   in|    9|       m_axi|                                  gmem|       pointer|
|m_axi_gmem_RUSER     |   in|    1|       m_axi|                                  gmem|       pointer|
|m_axi_gmem_RRESP     |   in|    2|       m_axi|                                  gmem|       pointer|
|m_axi_gmem_BVALID    |   in|    1|       m_axi|                                  gmem|       pointer|
|m_axi_gmem_BREADY    |  out|    1|       m_axi|                                  gmem|       pointer|
|m_axi_gmem_BRESP     |   in|    2|       m_axi|                                  gmem|       pointer|
|m_axi_gmem_BID       |   in|    1|       m_axi|                                  gmem|       pointer|
|m_axi_gmem_BUSER     |   in|    1|       m_axi|                                  gmem|       pointer|
|sext_ln108_1         |   in|   62|     ap_none|                          sext_ln108_1|        scalar|
|acc_address0         |  out|    7|   ap_memory|                                   acc|         array|
|acc_ce0              |  out|    1|   ap_memory|                                   acc|         array|
|acc_q0               |   in|   32|   ap_memory|                                   acc|         array|
|out_r                |   in|   64|     ap_none|                                 out_r|        scalar|
+---------------------+-----+-----+------------+--------------------------------------+--------------+

============================================================
+ Verbose Summary: Synthesis Manager
============================================================
InlineROM: 1
ExposeGlobal: 0
============================================================
+ Verbose Summary: CDFG Model
============================================================
IsTopModel: 0
ResetActiveHigh: 1
IsCombinational: 2
IsDatapathOnly: 2
HasWiredReturn: 1
HasMFsm: 2
HasVarLatency: 1
IsPipeline: 0
IsRtlPipelined: 0
IsInstanceOverlapped: 0
IsDontTouch: 0
HasImplIP: 0
IsGatedGlobalClock: 0

+ Individual pipeline summary: 
  * Pipeline-0: initiation interval (II) = 1, depth = 3


============================================================
+ Verbose Summary: Schedule
============================================================
* Number of FSM states : 9
* Pipeline : 1
  Pipeline-0 : II = 1, D = 3, States = { 2 3 4 }
* Dataflow Pipeline: 0

* FSM state transitions: 
1 --> 2 
2 --> 5 3 
3 --> 4 
4 --> 2 
5 --> 6 
6 --> 7 
7 --> 8 
8 --> 9 
9 --> 

* FSM state operations: 

State 1 <SV = 0> <Delay = 7.30>
ST_1 : Operation 10 [1/1] (0.00ns)   --->   "%i = alloca i32 1"   --->   Operation 10 'alloca' 'i' <Predicate = true> <Delay = 0.00>
ST_1 : Operation 11 [1/1] (0.00ns)   --->   "%out_r3 = read i64 @_ssdm_op_Read.ap_auto.i64, i64 %out_r"   --->   Operation 11 'read' 'out_r3' <Predicate = true> <Delay = 0.00>
ST_1 : Operation 12 [1/1] (0.00ns)   --->   "%sext_ln108_1_read = read i62 @_ssdm_op_Read.ap_auto.i62, i62 %sext_ln108_1"   --->   Operation 12 'read' 'sext_ln108_1_read' <Predicate = true> <Delay = 0.00>
ST_1 : Operation 13 [1/1] (0.00ns)   --->   "%sext_ln108_1_cast = sext i62 %sext_ln108_1_read"   --->   Operation 13 'sext' 'sext_ln108_1_cast' <Predicate = true> <Delay = 0.00>
ST_1 : Operation 14 [1/1] (0.00ns)   --->   "%specinterface_ln0 = specinterface void @_ssdm_op_SpecInterface, i32 %gmem, void @empty, i32 0, i32 0, void @empty_0, i32 0, i32 125, void @empty_1, void @empty_2, void @empty_0, i32 16, i32 16, i32 16, i32 16, void @empty_0, void @empty_0, i32 4294967295, i32 0"   --->   Operation 14 'specinterface' 'specinterface_ln0' <Predicate = true> <Delay = 0.00>
ST_1 : Operation 15 [1/1] (0.00ns)   --->   "%gmem_addr = getelementptr i32 %gmem, i64 %sext_ln108_1_cast" [main.cpp:108]   --->   Operation 15 'getelementptr' 'gmem_addr' <Predicate = true> <Delay = 0.00>
ST_1 : Operation 16 [1/1] (7.30ns)   --->   "%p_wr_req = writereq i1 @_ssdm_op_WriteReq.m_axi.i32P1A, i64 %gmem_addr, i32 120" [main.cpp:108]   --->   Operation 16 'writereq' 'p_wr_req' <Predicate = true> <Delay = 7.30> <CoreInst = "m_axi">   --->   Core 113 'm_axi' <Latency = 0> <II = 1> <Delay = 1.00> <Adapter> <Opcode : 'read' 'write' 'readreq' 'writereq' 'writeresp'>
ST_1 : Operation 17 [1/1] (1.58ns)   --->   "%store_ln0 = store i7 0, i7 %i"   --->   Operation 17 'store' 'store_ln0' <Predicate = true> <Delay = 1.58>
ST_1 : Operation 18 [1/1] (0.00ns)   --->   "%br_ln0 = br void %for.inc129"   --->   Operation 18 'br' 'br_ln0' <Predicate = true> <Delay = 0.00>

State 2 <SV = 1> <Delay = 3.45>
ST_2 : Operation 19 [1/1] (0.00ns)   --->   "%i_4 = load i7 %i" [main.cpp:107]   --->   Operation 19 'load' 'i_4' <Predicate = true> <Delay = 0.00>
ST_2 : Operation 20 [1/1] (0.00ns)   --->   "%specbitsmap_ln0 = specbitsmap void @_ssdm_op_SpecBitsMap, i32 %gmem"   --->   Operation 20 'specbitsmap' 'specbitsmap_ln0' <Predicate = true> <Delay = 0.00>
ST_2 : Operation 21 [1/1] (0.00ns)   --->   "%specpipeline_ln0 = specpipeline void @_ssdm_op_SpecPipeline, i32 4294967295, i32 0, i32 1, i32 0, void @p_str"   --->   Operation 21 'specpipeline' 'specpipeline_ln0' <Predicate = true> <Delay = 0.00>
ST_2 : Operation 22 [1/1] (1.48ns)   --->   "%icmp_ln107 = icmp_eq  i7 %i_4, i7 120" [main.cpp:107]   --->   Operation 22 'icmp' 'icmp_ln107' <Predicate = true> <Delay = 1.48> <CoreInst = "Cmp">   --->   Core 9 'Cmp' <Latency = 0> <II = 1> <Delay = 1.48> <FuncUnit> <Opcode : 'icmp'> <InPorts = 2> <OutPorts = 1>
ST_2 : Operation 23 [1/1] (0.00ns)   --->   "%empty = speclooptripcount i32 @_ssdm_op_SpecLoopTripCount, i64 120, i64 120, i64 120"   --->   Operation 23 'speclooptripcount' 'empty' <Predicate = true> <Delay = 0.00>
ST_2 : Operation 24 [1/1] (1.87ns)   --->   "%add_ln107 = add i7 %i_4, i7 1" [main.cpp:107]   --->   Operation 24 'add' 'add_ln107' <Predicate = true> <Delay = 1.87> <CoreInst = "Adder">   --->   Core 1 'Adder' <Latency = 0> <II = 1> <Delay = 1.87> <FuncUnit> <Opcode : 'add' 'sub'> <InPorts = 2> <OutPorts = 1>
ST_2 : Operation 25 [1/1] (0.00ns)   --->   "%br_ln107 = br i1 %icmp_ln107, void %for.inc129.split, void %for.end131.exitStub" [main.cpp:107]   --->   Operation 25 'br' 'br_ln107' <Predicate = true> <Delay = 0.00>
ST_2 : Operation 26 [1/1] (0.00ns)   --->   "%i_4_cast11 = zext i7 %i_4" [main.cpp:107]   --->   Operation 26 'zext' 'i_4_cast11' <Predicate = (!icmp_ln107)> <Delay = 0.00>
ST_2 : Operation 27 [1/1] (0.00ns)   --->   "%acc_addr_4 = getelementptr i32 %acc, i64 0, i64 %i_4_cast11" [main.cpp:108]   --->   Operation 27 'getelementptr' 'acc_addr_4' <Predicate = (!icmp_ln107)> <Delay = 0.00>
ST_2 : Operation 28 [2/2] (3.25ns)   --->   "%acc_load_4 = load i7 %acc_addr_4" [main.cpp:108]   --->   Operation 28 'load' 'acc_load_4' <Predicate = (!icmp_ln107)> <Delay = 3.25> <CoreInst = "RAM">   --->   Core 82 'RAM' <Latency = 1> <II = 1> <Delay = 3.25> <Storage> <Opcode : 'load' 'store'> <Ports = 2> <Width = 32> <Depth = 125> <RAM>
ST_2 : Operation 29 [1/1] (1.58ns)   --->   "%store_ln107 = store i7 %add_ln107, i7 %i" [main.cpp:107]   --->   Operation 29 'store' 'store_ln107' <Predicate = (!icmp_ln107)> <Delay = 1.58>

State 3 <SV = 2> <Delay = 3.25>
ST_3 : Operation 30 [1/2] (3.25ns)   --->   "%acc_load_4 = load i7 %acc_addr_4" [main.cpp:108]   --->   Operation 30 'load' 'acc_load_4' <Predicate = true> <Delay = 3.25> <CoreInst = "RAM">   --->   Core 82 'RAM' <Latency = 1> <II = 1> <Delay = 3.25> <Storage> <Opcode : 'load' 'store'> <Ports = 2> <Width = 32> <Depth = 125> <RAM>

State 4 <SV = 3> <Delay = 7.30>
ST_4 : Operation 31 [1/1] (0.00ns)   --->   "%specloopname_ln107 = specloopname void @_ssdm_op_SpecLoopName, void @empty_10" [main.cpp:107]   --->   Operation 31 'specloopname' 'specloopname_ln107' <Predicate = true> <Delay = 0.00>
ST_4 : Operation 32 [1/1] (7.30ns)   --->   "%write_ln108 = write void @_ssdm_op_Write.m_axi.i32P1A, i64 %gmem_addr, i32 %acc_load_4, i4 15" [main.cpp:108]   --->   Operation 32 'write' 'write_ln108' <Predicate = true> <Delay = 7.30> <CoreInst = "m_axi">   --->   Core 113 'm_axi' <Latency = 0> <II = 1> <Delay = 1.00> <Adapter> <Opcode : 'read' 'write' 'readreq' 'writereq' 'writeresp'>
ST_4 : Operation 33 [1/1] (0.00ns)   --->   "%br_ln107 = br void %for.inc129" [main.cpp:107]   --->   Operation 33 'br' 'br_ln107' <Predicate = true> <Delay = 0.00>

State 5 <SV = 2> <Delay = 7.30>
ST_5 : Operation 34 [5/5] (7.30ns)   --->   "%p_wr_resp = writeresp i1 @_ssdm_op_WriteResp.m_axi.i32P1A, i64 %gmem_addr" [main.cpp:108]   --->   Operation 34 'writeresp' 'p_wr_resp' <Predicate = true> <Delay = 7.30> <CoreInst = "m_axi">   --->   Core 113 'm_axi' <Latency = 0> <II = 1> <Delay = 1.00> <Adapter> <Opcode : 'read' 'write' 'readreq' 'writereq' 'writeresp'>

State 6 <SV = 3> <Delay = 7.30>
ST_6 : Operation 35 [4/5] (7.30ns)   --->   "%p_wr_resp = writeresp i1 @_ssdm_op_WriteResp.m_axi.i32P1A, i64 %gmem_addr" [main.cpp:108]   --->   Operation 35 'writeresp' 'p_wr_resp' <Predicate = true> <Delay = 7.30> <CoreInst = "m_axi">   --->   Core 113 'm_axi' <Latency = 0> <II = 1> <Delay = 1.00> <Adapter> <Opcode : 'read' 'write' 'readreq' 'writereq' 'writeresp'>

State 7 <SV = 4> <Delay = 7.30>
ST_7 : Operation 36 [3/5] (7.30ns)   --->   "%p_wr_resp = writeresp i1 @_ssdm_op_WriteResp.m_axi.i32P1A, i64 %gmem_addr" [main.cpp:108]   --->   Operation 36 'writeresp' 'p_wr_resp' <Predicate = true> <Delay = 7.30> <CoreInst = "m_axi">   --->   Core 113 'm_axi' <Latency = 0> <II = 1> <Delay = 1.00> <Adapter> <Opcode : 'read' 'write' 'readreq' 'writereq' 'writeresp'>

State 8 <SV = 5> <Delay = 7.30>
ST_8 : Operation 37 [2/5] (7.30ns)   --->   "%p_wr_resp = writeresp i1 @_ssdm_op_WriteResp.m_axi.i32P1A, i64 %gmem_addr" [main.cpp:108]   --->   Operation 37 'writeresp' 'p_wr_resp' <Predicate = true> <Delay = 7.30> <CoreInst = "m_axi">   --->   Core 113 'm_axi' <Latency = 0> <II = 1> <Delay = 1.00> <Adapter> <Opcode : 'read' 'write' 'readreq' 'writereq' 'writeresp'>

State 9 <SV = 6> <Delay = 7.30>
ST_9 : Operation 38 [1/5] (7.30ns)   --->   "%p_wr_resp = writeresp i1 @_ssdm_op_WriteResp.m_axi.i32P1A, i64 %gmem_addr" [main.cpp:108]   --->   Operation 38 'writeresp' 'p_wr_resp' <Predicate = true> <Delay = 7.30> <CoreInst = "m_axi">   --->   Core 113 'm_axi' <Latency = 0> <II = 1> <Delay = 1.00> <Adapter> <Opcode : 'read' 'write' 'readreq' 'writereq' 'writeresp'>
ST_9 : Operation 39 [1/1] (0.00ns)   --->   "%ret_ln0 = ret"   --->   Operation 39 'ret' 'ret_ln0' <Predicate = true> <Delay = 0.00>


============================================================
+ Verbose Summary: Binding
============================================================
STG Binding: 
---------------- STG Properties BEGIN ----------------
- Is combinational: 0
- Is one-state seq: 0
- Is datapath-only: 0
- Is pipelined: 0
- Is top level: 0
Port [ Return ] is wired: 1; IO mode=ap_ctrl_hs:ce=0
Port [ gmem]:  wired=1; compound=1; hidden=0; nouse=0; global=0; static=0; extern=0; dir=1; type=4; pingpong=0; private_global=0; IO mode=m_axi:ce=0
Port [ sext_ln108_1]:  wired=1; compound=0; hidden=0; nouse=0; global=0; static=0; extern=0; dir=0; type=0; pingpong=0; private_global=0; IO mode=ap_none:ce=0
Port [ acc]:  wired=1; compound=1; hidden=0; nouse=0; global=0; static=0; extern=0; dir=0; type=1; pingpong=0; private_global=0; MemPort=[13]; IO mode=ap_memory:ce=0
Port [ out_r]:  wired=1; compound=0; hidden=0; nouse=0; global=0; static=0; extern=0; dir=0; type=0; pingpong=0; private_global=0; IO mode=ap_none:ce=0
---------------- STG Properties END ------------------

---------------- Datapath Model BEGIN ----------------

<LifeTime>
<method=bitvector/>
i                  (alloca           ) [ 0111100000]
out_r3             (read             ) [ 0000000000]
sext_ln108_1_read  (read             ) [ 0000000000]
sext_ln108_1_cast  (sext             ) [ 0000000000]
specinterface_ln0  (specinterface    ) [ 0000000000]
gmem_addr          (getelementptr    ) [ 0011111111]
p_wr_req           (writereq         ) [ 0000000000]
store_ln0          (store            ) [ 0000000000]
br_ln0             (br               ) [ 0000000000]
i_4                (load             ) [ 0000000000]
specbitsmap_ln0    (specbitsmap      ) [ 0000000000]
specpipeline_ln0   (specpipeline     ) [ 0000000000]
icmp_ln107         (icmp             ) [ 0011100000]
empty              (speclooptripcount) [ 0000000000]
add_ln107          (add              ) [ 0000000000]
br_ln107           (br               ) [ 0000000000]
i_4_cast11         (zext             ) [ 0000000000]
acc_addr_4         (getelementptr    ) [ 0011000000]
store_ln107        (store            ) [ 0000000000]
acc_load_4         (load             ) [ 0010100000]
specloopname_ln107 (specloopname     ) [ 0000000000]
write_ln108        (write            ) [ 0000000000]
br_ln107           (br               ) [ 0000000000]
p_wr_resp          (writeresp        ) [ 0000000000]
ret_ln0            (ret              ) [ 0000000000]
</LifeTime>

<model>

<comp_list>
<comp id="0" class="1000" name="gmem">
<pin_list>
<pin id="1" dir="1" index="0" bw="1" slack="0"/>
</pin_list>
<bind>
<StgValue><ssdm name="gmem"/></StgValue>
</bind>
</comp>

<comp id="2" class="1000" name="sext_ln108_1">
<pin_list>
<pin id="3" dir="1" index="0" bw="1" slack="0"/>
</pin_list>
<bind>
<StgValue><ssdm name="sext_ln108_1"/></StgValue>
</bind>
</comp>

<comp id="4" class="1000" name="acc">
<pin_list>
<pin id="5" dir="1" index="0" bw="1" slack="0"/>
</pin_list>
<bind>
<StgValue><ssdm name="acc"/><MemPortTyVec>1 3 </MemPortTyVec>
</StgValue>
</bind>
</comp>

<comp id="6" class="1000" name="out_r">
<pin_list>
<pin id="7" dir="1" index="0" bw="1" slack="0"/>
</pin_list>
<bind>
<StgValue><ssdm name="out_r"/></StgValue>
</bind>
</comp>

<comp id="8" class="1001" name="const_8">
<pin_list>
<pin id="9" dir="1" index="0" bw="1" slack="0"/>
</pin_list>
<bind>
<StgValue><ssdm name=""/></StgValue>
</bind>
</comp>

<comp id="10" class="1001" name="const_10">
<pin_list>
<pin id="11" dir="1" index="0" bw="1" slack="0"/>
</pin_list>
<bind>
<StgValue><ssdm name="_ssdm_op_Read.ap_auto.i64"/></StgValue>
</bind>
</comp>

<comp id="12" class="1001" name="const_12">
<pin_list>
<pin id="13" dir="1" index="0" bw="1" slack="0"/>
</pin_list>
<bind>
<StgValue><ssdm name="_ssdm_op_Read.ap_auto.i62"/></StgValue>
</bind>
</comp>

<comp id="14" class="1001" name="const_14">
<pin_list>
<pin id="15" dir="1" index="0" bw="1" slack="2147483647"/>
</pin_list>
<bind>
<StgValue><ssdm name="_ssdm_op_SpecInterface"/></StgValue>
</bind>
</comp>

<comp id="16" class="1001" name="const_16">
<pin_list>
<pin id="17" dir="1" index="0" bw="1" slack="2147483647"/>
</pin_list>
<bind>
<StgValue><ssdm name="empty"/></StgValue>
</bind>
</comp>

<comp id="18" class="1001" name="const_18">
<pin_list>
<pin id="19" dir="1" index="0" bw="1" slack="2147483647"/>
</pin_list>
<bind>
<StgValue><ssdm name=""/></StgValue>
</bind>
</comp>

<comp id="20" class="1001" name="const_20">
<pin_list>
<pin id="21" dir="1" index="0" bw="1" slack="2147483647"/>
</pin_list>
<bind>
<StgValue><ssdm name="empty_0"/></StgValue>
</bind>
</comp>

<comp id="22" class="1001" name="const_22">
<pin_list>
<pin id="23" dir="1" index="0" bw="1" slack="2147483647"/>
</pin_list>
<bind>
<StgValue><ssdm name=""/></StgValue>
</bind>
</comp>

<comp id="24" class="1001" name="const_24">
<pin_list>
<pin id="25" dir="1" index="0" bw="1" slack="2147483647"/>
</pin_list>
<bind>
<StgValue><ssdm name="empty_1"/></StgValue>
</bind>
</comp>

<comp id="26" class="1001" name="const_26">
<pin_list>
<pin id="27" dir="1" index="0" bw="1" slack="2147483647"/>
</pin_list>
<bind>
<StgValue><ssdm name="empty_2"/></StgValue>
</bind>
</comp>

<comp id="28" class="1001" name="const_28">
<pin_list>
<pin id="29" dir="1" index="0" bw="1" slack="2147483647"/>
</pin_list>
<bind>
<StgValue><ssdm name=""/></StgValue>
</bind>
</comp>

<comp id="30" class="1001" name="const_30">
<pin_list>
<pin id="31" dir="1" index="0" bw="1" slack="2147483647"/>
</pin_list>
<bind>
<StgValue><ssdm name=""/></StgValue>
</bind>
</comp>

<comp id="32" class="1001" name="const_32">
<pin_list>
<pin id="33" dir="1" index="0" bw="1" slack="0"/>
</pin_list>
<bind>
<StgValue><ssdm name="_ssdm_op_WriteReq.m_axi.i32P1A"/></StgValue>
</bind>
</comp>

<comp id="34" class="1001" name="const_34">
<pin_list>
<pin id="35" dir="1" index="0" bw="1" slack="0"/>
</pin_list>
<bind>
<StgValue><ssdm name=""/></StgValue>
</bind>
</comp>

<comp id="36" class="1001" name="const_36">
<pin_list>
<pin id="37" dir="1" index="0" bw="1" slack="0"/>
</pin_list>
<bind>
<StgValue><ssdm name=""/></StgValue>
</bind>
</comp>

<comp id="38" class="1001" name="const_38">
<pin_list>
<pin id="39" dir="1" index="0" bw="1" slack="2147483647"/>
</pin_list>
<bind>
<StgValue><ssdm name="_ssdm_op_SpecBitsMap"/></StgValue>
</bind>
</comp>

<comp id="40" class="1001" name="const_40">
<pin_list>
<pin id="41" dir="1" index="0" bw="1" slack="2147483647"/>
</pin_list>
<bind>
<StgValue><ssdm name="_ssdm_op_SpecPipeline"/></StgValue>
</bind>
</comp>

<comp id="42" class="1001" name="const_42">
<pin_list>
<pin id="43" dir="1" index="0" bw="1" slack="2147483647"/>
</pin_list>
<bind>
<StgValue><ssdm name="p_str"/></StgValue>
</bind>
</comp>

<comp id="44" class="1001" name="const_44">
<pin_list>
<pin id="45" dir="1" index="0" bw="1" slack="0"/>
</pin_list>
<bind>
<StgValue><ssdm name=""/></StgValue>
</bind>
</comp>

<comp id="46" class="1001" name="const_46">
<pin_list>
<pin id="47" dir="1" index="0" bw="1" slack="2147483647"/>
</pin_list>
<bind>
<StgValue><ssdm name="_ssdm_op_SpecLoopTripCount"/></StgValue>
</bind>
</comp>

<comp id="48" class="1001" name="const_48">
<pin_list>
<pin id="49" dir="1" index="0" bw="1" slack="2147483647"/>
</pin_list>
<bind>
<StgValue><ssdm name=""/></StgValue>
</bind>
</comp>

<comp id="50" class="1001" name="const_50">
<pin_list>
<pin id="51" dir="1" index="0" bw="1" slack="0"/>
</pin_list>
<bind>
<StgValue><ssdm name=""/></StgValue>
</bind>
</comp>

<comp id="52" class="1001" name="const_52">
<pin_list>
<pin id="53" dir="1" index="0" bw="1" slack="0"/>
</pin_list>
<bind>
<StgValue><ssdm name=""/></StgValue>
</bind>
</comp>

<comp id="54" class="1001" name="const_54">
<pin_list>
<pin id="55" dir="1" index="0" bw="1" slack="2147483647"/>
</pin_list>
<bind>
<StgValue><ssdm name="_ssdm_op_SpecLoopName"/></StgValue>
</bind>
</comp>

<comp id="56" class="1001" name="const_56">
<pin_list>
<pin id="57" dir="1" index="0" bw="1" slack="2147483647"/>
</pin_list>
<bind>
<StgValue><ssdm name="empty_10"/></StgValue>
</bind>
</comp>

<comp id="58" class="1001" name="const_58">
<pin_list>
<pin id="59" dir="1" index="0" bw="1" slack="0"/>
</pin_list>
<bind>
<StgValue><ssdm name="_ssdm_op_Write.m_axi.i32P1A"/></StgValue>
</bind>
</comp>

<comp id="60" class="1001" name="const_60">
<pin_list>
<pin id="61" dir="1" index="0" bw="1" slack="0"/>
</pin_list>
<bind>
<StgValue><ssdm name=""/></StgValue>
</bind>
</comp>

<comp id="62" class="1001" name="const_62">
<pin_list>
<pin id="63" dir="1" index="0" bw="1" slack="0"/>
</pin_list>
<bind>
<StgValue><ssdm name="_ssdm_op_WriteResp.m_axi.i32P1A"/></StgValue>
</bind>
</comp>

<comp id="64" class="1004" name="i_fu_64">
<pin_list>
<pin id="65" dir="0" index="0" bw="1" slack="0"/>
<pin id="66" dir="1" index="1" bw="7" slack="0"/>
</pin_list>
<bind>
<opcode="alloca(26) " fcode="alloca"/>
<opset="i/1 "/>
</bind>
</comp>

<comp id="68" class="1004" name="out_r3_read_fu_68">
<pin_list>
<pin id="69" dir="0" index="0" bw="64" slack="0"/>
<pin id="70" dir="0" index="1" bw="64" slack="0"/>
<pin id="71" dir="1" index="2" bw="64" slack="2147483647"/>
</pin_list>
<bind>
<opcode="read(1150) " fcode="read"/>
<opset="out_r3/1 "/>
</bind>
</comp>

<comp id="74" class="1004" name="sext_ln108_1_read_read_fu_74">
<pin_list>
<pin id="75" dir="0" index="0" bw="62" slack="0"/>
<pin id="76" dir="0" index="1" bw="62" slack="0"/>
<pin id="77" dir="1" index="2" bw="62" slack="0"/>
</pin_list>
<bind>
<opcode="read(1150) " fcode="read"/>
<opset="sext_ln108_1_read/1 "/>
</bind>
</comp>

<comp id="80" class="1004" name="grp_writeresp_fu_80">
<pin_list>
<pin id="81" dir="0" index="0" bw="1" slack="0"/>
<pin id="82" dir="0" index="1" bw="32" slack="0"/>
<pin id="83" dir="0" index="2" bw="8" slack="0"/>
<pin id="84" dir="1" index="3" bw="1" slack="2147483647"/>
</pin_list>
<bind>
<opcode="writereq(1155) writeresp(1158) " fcode="writeresp"/>
<opset="p_wr_req/1 p_wr_resp/5 "/>
</bind>
</comp>

<comp id="87" class="1004" name="write_ln108_write_fu_87">
<pin_list>
<pin id="88" dir="0" index="0" bw="0" slack="0"/>
<pin id="89" dir="0" index="1" bw="32" slack="3"/>
<pin id="90" dir="0" index="2" bw="32" slack="1"/>
<pin id="91" dir="0" index="3" bw="1" slack="0"/>
<pin id="92" dir="1" index="4" bw="0" slack="2147483647"/>
</pin_list>
<bind>
<opcode="write(1151) " fcode="write"/>
<opset="write_ln108/4 "/>
</bind>
</comp>

<comp id="96" class="1004" name="acc_addr_4_gep_fu_96">
<pin_list>
<pin id="97" dir="0" index="0" bw="32" slack="0"/>
<pin id="98" dir="0" index="1" bw="1" slack="0"/>
<pin id="99" dir="0" index="2" bw="7" slack="0"/>
<pin id="100" dir="1" index="3" bw="7" slack="0"/>
</pin_list>
<bind>
<opcode="getelementptr(29) " fcode="getelementptr"/>
<opset="acc_addr_4/2 "/>
</bind>
</comp>

<comp id="103" class="1004" name="grp_access_fu_103">
<pin_list>
<pin id="104" dir="0" index="0" bw="7" slack="0"/>
<pin id="105" dir="0" index="1" bw="32" slack="2147483647"/>
<pin id="106" dir="0" index="2" bw="0" slack="2147483647"/>
<pin id="107" dir="1" index="3" bw="32" slack="1"/>
</pin_list>
<bind>
<opcode="load(27) " fcode="load"/>
<opset="acc_load_4/2 "/>
</bind>
</comp>

<comp id="109" class="1004" name="sext_ln108_1_cast_fu_109">
<pin_list>
<pin id="110" dir="0" index="0" bw="62" slack="0"/>
<pin id="111" dir="1" index="1" bw="64" slack="0"/>
</pin_list>
<bind>
<opcode="sext(35) " fcode="sext"/>
<opset="sext_ln108_1_cast/1 "/>
</bind>
</comp>

<comp id="113" class="1004" name="gmem_addr_fu_113">
<pin_list>
<pin id="114" dir="0" index="0" bw="64" slack="0"/>
<pin id="115" dir="0" index="1" bw="64" slack="0"/>
<pin id="116" dir="1" index="2" bw="64" slack="0"/>
</pin_list>
<bind>
<opcode="getelementptr(29) " fcode="getelementptr"/>
<opset="gmem_addr/1 "/>
</bind>
</comp>

<comp id="120" class="1004" name="store_ln0_store_fu_120">
<pin_list>
<pin id="121" dir="0" index="0" bw="1" slack="0"/>
<pin id="122" dir="0" index="1" bw="7" slack="0"/>
<pin id="123" dir="1" index="2" bw="0" slack="2147483647"/>
</pin_list>
<bind>
<opcode="store(28) " fcode="store"/>
<opset="store_ln0/1 "/>
</bind>
</comp>

<comp id="125" class="1004" name="i_4_load_fu_125">
<pin_list>
<pin id="126" dir="0" index="0" bw="7" slack="1"/>
<pin id="127" dir="1" index="1" bw="7" slack="0"/>
</pin_list>
<bind>
<opcode="load(27) " fcode="load"/>
<opset="i_4/2 "/>
</bind>
</comp>

<comp id="128" class="1004" name="icmp_ln107_fu_128">
<pin_list>
<pin id="129" dir="0" index="0" bw="7" slack="0"/>
<pin id="130" dir="0" index="1" bw="7" slack="0"/>
<pin id="131" dir="1" index="2" bw="1" slack="2147483647"/>
</pin_list>
<bind>
<opcode="icmp(45) " fcode="icmp"/>
<opset="icmp_ln107/2 "/>
</bind>
</comp>

<comp id="134" class="1004" name="add_ln107_fu_134">
<pin_list>
<pin id="135" dir="0" index="0" bw="7" slack="0"/>
<pin id="136" dir="0" index="1" bw="1" slack="0"/>
<pin id="137" dir="1" index="2" bw="7" slack="0"/>
</pin_list>
<bind>
<opcode="add(8) " fcode="add"/>
<opset="add_ln107/2 "/>
</bind>
</comp>

<comp id="140" class="1004" name="i_4_cast11_fu_140">
<pin_list>
<pin id="141" dir="0" index="0" bw="7" slack="0"/>
<pin id="142" dir="1" index="1" bw="64" slack="0"/>
</pin_list>
<bind>
<opcode="zext(34) " fcode="zext"/>
<opset="i_4_cast11/2 "/>
</bind>
</comp>

<comp id="145" class="1004" name="store_ln107_store_fu_145">
<pin_list>
<pin id="146" dir="0" index="0" bw="7" slack="0"/>
<pin id="147" dir="0" index="1" bw="7" slack="1"/>
<pin id="148" dir="1" index="2" bw="0" slack="2147483647"/>
</pin_list>
<bind>
<opcode="store(28) " fcode="store"/>
<opset="store_ln107/2 "/>
</bind>
</comp>

<comp id="150" class="1005" name="i_reg_150">
<pin_list>
<pin id="151" dir="0" index="0" bw="7" slack="0"/>
<pin id="152" dir="1" index="1" bw="7" slack="0"/>
</pin_list>
<bind>
<opset="i "/>
</bind>
</comp>

<comp id="157" class="1005" name="gmem_addr_reg_157">
<pin_list>
<pin id="158" dir="0" index="0" bw="32" slack="2"/>
<pin id="159" dir="1" index="1" bw="32" slack="2"/>
</pin_list>
<bind>
<opset="gmem_addr "/>
</bind>
</comp>

<comp id="166" class="1005" name="acc_addr_4_reg_166">
<pin_list>
<pin id="167" dir="0" index="0" bw="7" slack="1"/>
<pin id="168" dir="1" index="1" bw="7" slack="1"/>
</pin_list>
<bind>
<opset="acc_addr_4 "/>
</bind>
</comp>

<comp id="171" class="1005" name="acc_load_4_reg_171">
<pin_list>
<pin id="172" dir="0" index="0" bw="32" slack="1"/>
<pin id="173" dir="1" index="1" bw="32" slack="1"/>
</pin_list>
<bind>
<opset="acc_load_4 "/>
</bind>
</comp>

</comp_list>

<net_list>
<net id="67"><net_src comp="8" pin="0"/><net_sink comp="64" pin=0"/></net>

<net id="72"><net_src comp="10" pin="0"/><net_sink comp="68" pin=0"/></net>

<net id="73"><net_src comp="6" pin="0"/><net_sink comp="68" pin=1"/></net>

<net id="78"><net_src comp="12" pin="0"/><net_sink comp="74" pin=0"/></net>

<net id="79"><net_src comp="2" pin="0"/><net_sink comp="74" pin=1"/></net>

<net id="85"><net_src comp="32" pin="0"/><net_sink comp="80" pin=0"/></net>

<net id="86"><net_src comp="34" pin="0"/><net_sink comp="80" pin=2"/></net>

<net id="93"><net_src comp="58" pin="0"/><net_sink comp="87" pin=0"/></net>

<net id="94"><net_src comp="60" pin="0"/><net_sink comp="87" pin=3"/></net>

<net id="95"><net_src comp="62" pin="0"/><net_sink comp="80" pin=0"/></net>

<net id="101"><net_src comp="4" pin="0"/><net_sink comp="96" pin=0"/></net>

<net id="102"><net_src comp="52" pin="0"/><net_sink comp="96" pin=1"/></net>

<net id="108"><net_src comp="96" pin="3"/><net_sink comp="103" pin=0"/></net>

<net id="112"><net_src comp="74" pin="2"/><net_sink comp="109" pin=0"/></net>

<net id="117"><net_src comp="0" pin="0"/><net_sink comp="113" pin=0"/></net>

<net id="118"><net_src comp="109" pin="1"/><net_sink comp="113" pin=1"/></net>

<net id="119"><net_src comp="113" pin="2"/><net_sink comp="80" pin=1"/></net>

<net id="124"><net_src comp="36" pin="0"/><net_sink comp="120" pin=0"/></net>

<net id="132"><net_src comp="125" pin="1"/><net_sink comp="128" pin=0"/></net>

<net id="133"><net_src comp="44" pin="0"/><net_sink comp="128" pin=1"/></net>

<net id="138"><net_src comp="125" pin="1"/><net_sink comp="134" pin=0"/></net>

<net id="139"><net_src comp="50" pin="0"/><net_sink comp="134" pin=1"/></net>

<net id="143"><net_src comp="125" pin="1"/><net_sink comp="140" pin=0"/></net>

<net id="144"><net_src comp="140" pin="1"/><net_sink comp="96" pin=2"/></net>

<net id="149"><net_src comp="134" pin="2"/><net_sink comp="145" pin=0"/></net>

<net id="153"><net_src comp="64" pin="1"/><net_sink comp="150" pin=0"/></net>

<net id="154"><net_src comp="150" pin="1"/><net_sink comp="120" pin=1"/></net>

<net id="155"><net_src comp="150" pin="1"/><net_sink comp="125" pin=0"/></net>

<net id="156"><net_src comp="150" pin="1"/><net_sink comp="145" pin=1"/></net>

<net id="160"><net_src comp="113" pin="2"/><net_sink comp="157" pin=0"/></net>

<net id="161"><net_src comp="157" pin="1"/><net_sink comp="87" pin=1"/></net>

<net id="162"><net_src comp="157" pin="1"/><net_sink comp="80" pin=1"/></net>

<net id="169"><net_src comp="96" pin="3"/><net_sink comp="166" pin=0"/></net>

<net id="170"><net_src comp="166" pin="1"/><net_sink comp="103" pin=0"/></net>

<net id="174"><net_src comp="103" pin="3"/><net_sink comp="171" pin=0"/></net>

<net id="175"><net_src comp="171" pin="1"/><net_sink comp="87" pin=2"/></net>

</net_list>

</model> 
---------------- Datapath Model END ------------------

* FSMD analyzer results:
  - Output states:
	Port: gmem | {1 4 5 6 7 8 9 }
 - Input state : 
	Port: sw_compute_Pipeline_VITIS_LOOP_107_9 : gmem | {}
	Port: sw_compute_Pipeline_VITIS_LOOP_107_9 : sext_ln108_1 | {1 }
	Port: sw_compute_Pipeline_VITIS_LOOP_107_9 : acc | {2 3 }
	Port: sw_compute_Pipeline_VITIS_LOOP_107_9 : out_r | {1 }
  - Chain level:
	State 1
		gmem_addr : 1
		p_wr_req : 2
		store_ln0 : 1
	State 2
		icmp_ln107 : 1
		add_ln107 : 1
		br_ln107 : 2
		i_4_cast11 : 1
		acc_addr_4 : 2
		acc_load_4 : 3
		store_ln107 : 2
	State 3
	State 4
	State 5
	State 6
	State 7
	State 8
	State 9


============================================================
+ Verbose Summary: Datapath Resource usage 
============================================================

* Functional unit list:
|----------|------------------------------|---------|---------|
| Operation|        Functional Unit       |    FF   |   LUT   |
|----------|------------------------------|---------|---------|
|    add   |       add_ln107_fu_134       |    0    |    14   |
|----------|------------------------------|---------|---------|
|   icmp   |       icmp_ln107_fu_128      |    0    |    10   |
|----------|------------------------------|---------|---------|
|   read   |       out_r3_read_fu_68      |    0    |    0    |
|          | sext_ln108_1_read_read_fu_74 |    0    |    0    |
|----------|------------------------------|---------|---------|
| writeresp|      grp_writeresp_fu_80     |    0    |    0    |
|----------|------------------------------|---------|---------|
|   write  |    write_ln108_write_fu_87   |    0    |    0    |
|----------|------------------------------|---------|---------|
|   sext   |   sext_ln108_1_cast_fu_109   |    0    |    0    |
|----------|------------------------------|---------|---------|
|   zext   |       i_4_cast11_fu_140      |    0    |    0    |
|----------|------------------------------|---------|---------|
|   Total  |                              |    0    |    24   |
|----------|------------------------------|---------|---------|

Memories:
N/A

* Register list:
+------------------+--------+
|                  |   FF   |
+------------------+--------+
|acc_addr_4_reg_166|    7   |
|acc_load_4_reg_171|   32   |
| gmem_addr_reg_157|   32   |
|     i_reg_150    |    7   |
+------------------+--------+
|       Total      |   78   |
+------------------+--------+

* Multiplexer (MUX) list: 
|---------------------|------|------|------|--------||---------||---------|
|         Comp        |  Pin | Size |  BW  | S x BW ||  Delay  ||   LUT   |
|---------------------|------|------|------|--------||---------||---------|
| grp_writeresp_fu_80 |  p0  |   2  |   1  |    2   |
| grp_writeresp_fu_80 |  p1  |   2  |  32  |   64   ||    9    |
|  grp_access_fu_103  |  p0  |   2  |   7  |   14   ||    9    |
|---------------------|------|------|------|--------||---------||---------|
|        Total        |      |      |      |   80   ||  4.764  ||    18   |
|---------------------|------|------|------|--------||---------||---------|



* Summary:
+-----------+--------+--------+--------+
|           |  Delay |   FF   |   LUT  |
+-----------+--------+--------+--------+
|  Function |    -   |    0   |   24   |
|   Memory  |    -   |    -   |    -   |
|Multiplexer|    4   |    -   |   18   |
|  Register |    -   |   78   |    -   |
+-----------+--------+--------+--------+
|   Total   |    4   |   78   |   42   |
+-----------+--------+--------+--------+
